Consolidate compiler generated dependencies of target gazebo_ros_velodyne_laser
[100%] Built target gazebo_ros_velodyne_laser
-- Install configuration: ""
-- Up-to-date: /home/d2-521-30/hunter_gazebo_ws/src/scv_robot_gazebo/install/scv_robot_gazebo/share/scv_robot_gazebo//launch
-- Installing: /home/d2-521-30/hunter_gazebo_ws/src/scv_robot_gazebo/install/scv_robot_gazebo/share/scv_robot_gazebo//launch/hunter_test.launch.py
-- Up-to-date: /home/d2-521-30/hunter_gazebo_ws/src/scv_robot_gazebo/install/scv_robot_gazebo/share/scv_robot_gazebo//urdf
-- Up-to-date: /home/d2-521-30/hunter_gazebo_ws/src/scv_robot_gazebo/install/scv_robot_gazebo/share/scv_robot_gazebo//urdf/hunter_with_one_box.urdf.xacro
-- Up-to-date: /home/d2-521-30/hunter_gazebo_ws/src/scv_robot_gazebo/install/scv_robot_gazebo/share/scv_robot_gazebo//urdf/velodyne_vlp32c.urdf.xacro
-- Up-to-date: /home/d2-521-30/hunter_gazebo_ws/src/scv_robot_gazebo/install/scv_robot_gazebo/share/scv_robot_gazebo//meshes
-- Up-to-date: /home/d2-521-30/hunter_gazebo_ws/src/scv_robot_gazebo/install/scv_robot_gazebo/share/scv_robot_gazebo//meshes/GNSS_antenna.stl
-- Up-to-date: /home/d2-521-30/hunter_gazebo_ws/src/scv_robot_gazebo/install/scv_robot_gazebo/share/scv_robot_gazebo//meshes/front_steer_right_link.STL
-- Up-to-date: /home/d2-521-30/hunter_gazebo_ws/src/scv_robot_gazebo/install/scv_robot_gazebo/share/scv_robot_gazebo//meshes/rear_wheel_link.STL
-- Up-to-date: /home/d2-521-30/hunter_gazebo_ws/src/scv_robot_gazebo/install/scv_robot_gazebo/share/scv_robot_gazebo//meshes/right_rear_link.STL
-- Up-to-date: /home/d2-521-30/hunter_gazebo_ws/src/scv_robot_gazebo/install/scv_robot_gazebo/share/scv_robot_gazebo//meshes/VLP-32C.stl
-- Up-to-date: /home/d2-521-30/hunter_gazebo_ws/src/scv_robot_gazebo/install/scv_robot_gazebo/share/scv_robot_gazebo//meshes/front_box.dae
-- Up-to-date: /home/d2-521-30/hunter_gazebo_ws/src/scv_robot_gazebo/install/scv_robot_gazebo/share/scv_robot_gazebo//meshes/left_rear_link.STL
-- Up-to-date: /home/d2-521-30/hunter_gazebo_ws/src/scv_robot_gazebo/install/scv_robot_gazebo/share/scv_robot_gazebo//meshes/front_box.STL
-- Up-to-date: /home/d2-521-30/hunter_gazebo_ws/src/scv_robot_gazebo/install/scv_robot_gazebo/share/scv_robot_gazebo//meshes/back_box.stl
-- Up-to-date: /home/d2-521-30/hunter_gazebo_ws/src/scv_robot_gazebo/install/scv_robot_gazebo/share/scv_robot_gazebo//meshes/front_steer_link.STL
-- Up-to-date: /home/d2-521-30/hunter_gazebo_ws/src/scv_robot_gazebo/install/scv_robot_gazebo/share/scv_robot_gazebo//meshes/front_steer_left_link.STL
-- Up-to-date: /home/d2-521-30/hunter_gazebo_ws/src/scv_robot_gazebo/install/scv_robot_gazebo/share/scv_robot_gazebo//meshes/front_left_wheel_link.STL
-- Up-to-date: /home/d2-521-30/hunter_gazebo_ws/src/scv_robot_gazebo/install/scv_robot_gazebo/share/scv_robot_gazebo//meshes/back_box.dae
-- Up-to-date: /home/d2-521-30/hunter_gazebo_ws/src/scv_robot_gazebo/install/scv_robot_gazebo/share/scv_robot_gazebo//meshes/base_link.STL
-- Up-to-date: /home/d2-521-30/hunter_gazebo_ws/src/scv_robot_gazebo/install/scv_robot_gazebo/share/scv_robot_gazebo//meshes/front_right_wheel_link.STL
-- Up-to-date: /home/d2-521-30/hunter_gazebo_ws/src/scv_robot_gazebo/install/scv_robot_gazebo/share/scv_robot_gazebo//config
-- Up-to-date: /home/d2-521-30/hunter_gazebo_ws/src/scv_robot_gazebo/install/scv_robot_gazebo/share/scv_robot_gazebo//robots
-- Up-to-date: /home/d2-521-30/hunter_gazebo_ws/src/scv_robot_gazebo/install/scv_robot_gazebo/share/scv_robot_gazebo//robots/hunter_robot
-- Up-to-date: /home/d2-521-30/hunter_gazebo_ws/src/scv_robot_gazebo/install/scv_robot_gazebo/share/scv_robot_gazebo//robots/hunter_robot/README.md
-- Up-to-date: /home/d2-521-30/hunter_gazebo_ws/src/scv_robot_gazebo/install/scv_robot_gazebo/share/scv_robot_gazebo//robots/hunter_robot/LICENSE
-- Up-to-date: /home/d2-521-30/hunter_gazebo_ws/src/scv_robot_gazebo/install/scv_robot_gazebo/share/scv_robot_gazebo//robots/hunter_robot/.git
-- Up-to-date: /home/d2-521-30/hunter_gazebo_ws/src/scv_robot_gazebo/install/scv_robot_gazebo/share/scv_robot_gazebo//robots/hunter_robot/hunter_description
-- Up-to-date: /home/d2-521-30/hunter_gazebo_ws/src/scv_robot_gazebo/install/scv_robot_gazebo/share/scv_robot_gazebo//robots/hunter_robot/hunter_description/CMakeLists.txt
-- Up-to-date: /home/d2-521-30/hunter_gazebo_ws/src/scv_robot_gazebo/install/scv_robot_gazebo/share/scv_robot_gazebo//robots/hunter_robot/hunter_description/launch
-- Up-to-date: /home/d2-521-30/hunter_gazebo_ws/src/scv_robot_gazebo/install/scv_robot_gazebo/share/scv_robot_gazebo//robots/hunter_robot/hunter_description/launch/robot_view.launch.py
-- Up-to-date: /home/d2-521-30/hunter_gazebo_ws/src/scv_robot_gazebo/install/scv_robot_gazebo/share/scv_robot_gazebo//robots/hunter_robot/hunter_description/meshes
-- Up-to-date: /home/d2-521-30/hunter_gazebo_ws/src/scv_robot_gazebo/install/scv_robot_gazebo/share/scv_robot_gazebo//robots/hunter_robot/hunter_description/meshes/front_left_wheel.dae
-- Up-to-date: /home/d2-521-30/hunter_gazebo_ws/src/scv_robot_gazebo/install/scv_robot_gazebo/share/scv_robot_gazebo//robots/hunter_robot/hunter_description/meshes/rear_right_wheel.dae
-- Up-to-date: /home/d2-521-30/hunter_gazebo_ws/src/scv_robot_gazebo/install/scv_robot_gazebo/share/scv_robot_gazebo//robots/hunter_robot/hunter_description/meshes/rear_left_wheel.dae
-- Up-to-date: /home/d2-521-30/hunter_gazebo_ws/src/scv_robot_gazebo/install/scv_robot_gazebo/share/scv_robot_gazebo//robots/hunter_robot/hunter_description/meshes/chassis.dae
-- Up-to-date: /home/d2-521-30/hunter_gazebo_ws/src/scv_robot_gazebo/install/scv_robot_gazebo/share/scv_robot_gazebo//robots/hunter_robot/hunter_description/meshes/front_right_wheel.dae
-- Up-to-date: /home/d2-521-30/hunter_gazebo_ws/src/scv_robot_gazebo/install/scv_robot_gazebo/share/scv_robot_gazebo//robots/hunter_robot/hunter_description/config
-- Up-to-date: /home/d2-521-30/hunter_gazebo_ws/src/scv_robot_gazebo/install/scv_robot_gazebo/share/scv_robot_gazebo//robots/hunter_robot/hunter_description/config/ackermann_like_controller.yaml
-- Up-to-date: /home/d2-521-30/hunter_gazebo_ws/src/scv_robot_gazebo/install/scv_robot_gazebo/share/scv_robot_gazebo//robots/hunter_robot/hunter_description/CHANGELOG.rst
-- Up-to-date: /home/d2-521-30/hunter_gazebo_ws/src/scv_robot_gazebo/install/scv_robot_gazebo/share/scv_robot_gazebo//robots/hunter_robot/hunter_description/description
-- Up-to-date: /home/d2-521-30/hunter_gazebo_ws/src/scv_robot_gazebo/install/scv_robot_gazebo/share/scv_robot_gazebo//robots/hunter_robot/hunter_description/description/robot_core.xacro
-- Up-to-date: /home/d2-521-30/hunter_gazebo_ws/src/scv_robot_gazebo/install/scv_robot_gazebo/share/scv_robot_gazebo//robots/hunter_robot/hunter_description/description/robot_core_real_hack.xacro
-- Up-to-date: /home/d2-521-30/hunter_gazebo_ws/src/scv_robot_gazebo/install/scv_robot_gazebo/share/scv_robot_gazebo//robots/hunter_robot/hunter_description/description/robot.urdf.xacro
-- Up-to-date: /home/d2-521-30/hunter_gazebo_ws/src/scv_robot_gazebo/install/scv_robot_gazebo/share/scv_robot_gazebo//robots/hunter_robot/hunter_description/description/meshes.xacro
-- Up-to-date: /home/d2-521-30/hunter_gazebo_ws/src/scv_robot_gazebo/install/scv_robot_gazebo/share/scv_robot_gazebo//robots/hunter_robot/hunter_description/description/inertial_macros.xacro
-- Up-to-date: /home/d2-521-30/hunter_gazebo_ws/src/scv_robot_gazebo/install/scv_robot_gazebo/share/scv_robot_gazebo//robots/hunter_robot/hunter_description/description/ros2_control.xacro
-- Up-to-date: /home/d2-521-30/hunter_gazebo_ws/src/scv_robot_gazebo/install/scv_robot_gazebo/share/scv_robot_gazebo//robots/hunter_robot/hunter_description/package.xml
-- Up-to-date: /home/d2-521-30/hunter_gazebo_ws/src/scv_robot_gazebo/install/scv_robot_gazebo/share/scv_robot_gazebo//robots/hunter_robot/hunter_description/rviz
-- Up-to-date: /home/d2-521-30/hunter_gazebo_ws/src/scv_robot_gazebo/install/scv_robot_gazebo/share/scv_robot_gazebo//robots/hunter_robot/hunter_description/rviz/robot_view.rviz
-- Up-to-date: /home/d2-521-30/hunter_gazebo_ws/src/scv_robot_gazebo/install/scv_robot_gazebo/share/scv_robot_gazebo//robots/hunter_robot/hunter_gazebo
-- Up-to-date: /home/d2-521-30/hunter_gazebo_ws/src/scv_robot_gazebo/install/scv_robot_gazebo/share/scv_robot_gazebo//robots/hunter_robot/hunter_gazebo/CMakeLists.txt
-- Up-to-date: /home/d2-521-30/hunter_gazebo_ws/src/scv_robot_gazebo/install/scv_robot_gazebo/share/scv_robot_gazebo//robots/hunter_robot/hunter_gazebo/launch
-- Up-to-date: /home/d2-521-30/hunter_gazebo_ws/src/scv_robot_gazebo/install/scv_robot_gazebo/share/scv_robot_gazebo//robots/hunter_robot/hunter_gazebo/launch/launch_sim.launch.py
-- Up-to-date: /home/d2-521-30/hunter_gazebo_ws/src/scv_robot_gazebo/install/scv_robot_gazebo/share/scv_robot_gazebo//robots/hunter_robot/hunter_gazebo/config
-- Up-to-date: /home/d2-521-30/hunter_gazebo_ws/src/scv_robot_gazebo/install/scv_robot_gazebo/share/scv_robot_gazebo//robots/hunter_robot/hunter_gazebo/config/gazebo_params.yaml
-- Up-to-date: /home/d2-521-30/hunter_gazebo_ws/src/scv_robot_gazebo/install/scv_robot_gazebo/share/scv_robot_gazebo//robots/hunter_robot/hunter_gazebo/CHANGELOG.rst
-- Up-to-date: /home/d2-521-30/hunter_gazebo_ws/src/scv_robot_gazebo/install/scv_robot_gazebo/share/scv_robot_gazebo//robots/hunter_robot/hunter_gazebo/package.xml
-- Up-to-date: /home/d2-521-30/hunter_gazebo_ws/src/scv_robot_gazebo/install/scv_robot_gazebo/share/scv_robot_gazebo//robots/hunter_robot/.gitignore
-- Up-to-date: /home/d2-521-30/hunter_gazebo_ws/src/scv_robot_gazebo/install/scv_robot_gazebo/share/scv_robot_gazebo//robots/hunter_robot/.devcontainer
-- Up-to-date: /home/d2-521-30/hunter_gazebo_ws/src/scv_robot_gazebo/install/scv_robot_gazebo/share/scv_robot_gazebo//robots/hunter_robot/.devcontainer/Dockerfile
-- Up-to-date: /home/d2-521-30/hunter_gazebo_ws/src/scv_robot_gazebo/install/scv_robot_gazebo/share/scv_robot_gazebo//robots/hunter_robot/.devcontainer/devcontainer.json
-- Up-to-date: /home/d2-521-30/hunter_gazebo_ws/src/scv_robot_gazebo/install/scv_robot_gazebo/share/scv_robot_gazebo//robots/hunter_robot/.github
-- Up-to-date: /home/d2-521-30/hunter_gazebo_ws/src/scv_robot_gazebo/install/scv_robot_gazebo/share/scv_robot_gazebo//robots/hunter_robot/.github/workflows
-- Up-to-date: /home/d2-521-30/hunter_gazebo_ws/src/scv_robot_gazebo/install/scv_robot_gazebo/share/scv_robot_gazebo//robots/hunter_robot/.github/workflows/ros-ci.yml
-- Up-to-date: /home/d2-521-30/hunter_gazebo_ws/src/scv_robot_gazebo/install/scv_robot_gazebo/share/scv_robot_gazebo//sensors
-- Up-to-date: /home/d2-521-30/hunter_gazebo_ws/src/scv_robot_gazebo/install/scv_robot_gazebo/share/scv_robot_gazebo//sensors/velodyne_simulator
-- Up-to-date: /home/d2-521-30/hunter_gazebo_ws/src/scv_robot_gazebo/install/scv_robot_gazebo/share/scv_robot_gazebo//sensors/velodyne_simulator/README.md
-- Up-to-date: /home/d2-521-30/hunter_gazebo_ws/src/scv_robot_gazebo/install/scv_robot_gazebo/share/scv_robot_gazebo//sensors/velodyne_simulator/LICENSE
-- Up-to-date: /home/d2-521-30/hunter_gazebo_ws/src/scv_robot_gazebo/install/scv_robot_gazebo/share/scv_robot_gazebo//sensors/velodyne_simulator/img
-- Up-to-date: /home/d2-521-30/hunter_gazebo_ws/src/scv_robot_gazebo/install/scv_robot_gazebo/share/scv_robot_gazebo//sensors/velodyne_simulator/img/rviz.png
-- Up-to-date: /home/d2-521-30/hunter_gazebo_ws/src/scv_robot_gazebo/install/scv_robot_gazebo/share/scv_robot_gazebo//sensors/velodyne_simulator/img/gpu.png
-- Up-to-date: /home/d2-521-30/hunter_gazebo_ws/src/scv_robot_gazebo/install/scv_robot_gazebo/share/scv_robot_gazebo//sensors/velodyne_simulator/.git
-- Up-to-date: /home/d2-521-30/hunter_gazebo_ws/src/scv_robot_gazebo/install/scv_robot_gazebo/share/scv_robot_gazebo//sensors/velodyne_simulator/velodyne_description
-- Up-to-date: /home/d2-521-30/hunter_gazebo_ws/src/scv_robot_gazebo/install/scv_robot_gazebo/share/scv_robot_gazebo//sensors/velodyne_simulator/velodyne_description/CMakeLists.txt
-- Up-to-date: /home/d2-521-30/hunter_gazebo_ws/src/scv_robot_gazebo/install/scv_robot_gazebo/share/scv_robot_gazebo//sensors/velodyne_simulator/velodyne_description/launch
-- Up-to-date: /home/d2-521-30/hunter_gazebo_ws/src/scv_robot_gazebo/install/scv_robot_gazebo/share/scv_robot_gazebo//sensors/velodyne_simulator/velodyne_description/launch/example-launch.py
-- Up-to-date: /home/d2-521-30/hunter_gazebo_ws/src/scv_robot_gazebo/install/scv_robot_gazebo/share/scv_robot_gazebo//sensors/velodyne_simulator/velodyne_description/meshes
-- Up-to-date: /home/d2-521-30/hunter_gazebo_ws/src/scv_robot_gazebo/install/scv_robot_gazebo/share/scv_robot_gazebo//sensors/velodyne_simulator/velodyne_description/meshes/HDL32E_scan.stl
-- Up-to-date: /home/d2-521-30/hunter_gazebo_ws/src/scv_robot_gazebo/install/scv_robot_gazebo/share/scv_robot_gazebo//sensors/velodyne_simulator/velodyne_description/meshes/VLP16_base_2.stl
-- Up-to-date: /home/d2-521-30/hunter_gazebo_ws/src/scv_robot_gazebo/install/scv_robot_gazebo/share/scv_robot_gazebo//sensors/velodyne_simulator/velodyne_description/meshes/HDL32E_base.dae
-- Up-to-date: /home/d2-521-30/hunter_gazebo_ws/src/scv_robot_gazebo/install/scv_robot_gazebo/share/scv_robot_gazebo//sensors/velodyne_simulator/velodyne_description/meshes/VLP16_base_2.dae
-- Up-to-date: /home/d2-521-30/hunter_gazebo_ws/src/scv_robot_gazebo/install/scv_robot_gazebo/share/scv_robot_gazebo//sensors/velodyne_simulator/velodyne_description/meshes/HDL32E_base.stl
-- Up-to-date: /home/d2-521-30/hunter_gazebo_ws/src/scv_robot_gazebo/install/scv_robot_gazebo/share/scv_robot_gazebo//sensors/velodyne_simulator/velodyne_description/meshes/VLP16_base_1.dae
-- Up-to-date: /home/d2-521-30/hunter_gazebo_ws/src/scv_robot_gazebo/install/scv_robot_gazebo/share/scv_robot_gazebo//sensors/velodyne_simulator/velodyne_description/meshes/VLP16_scan.dae
-- Up-to-date: /home/d2-521-30/hunter_gazebo_ws/src/scv_robot_gazebo/install/scv_robot_gazebo/share/scv_robot_gazebo//sensors/velodyne_simulator/velodyne_description/meshes/VLP16_scan.stl
-- Up-to-date: /home/d2-521-30/hunter_gazebo_ws/src/scv_robot_gazebo/install/scv_robot_gazebo/share/scv_robot_gazebo//sensors/velodyne_simulator/velodyne_description/meshes/HDL32E_scan.dae
-- Up-to-date: /home/d2-521-30/hunter_gazebo_ws/src/scv_robot_gazebo/install/scv_robot_gazebo/share/scv_robot_gazebo//sensors/velodyne_simulator/velodyne_description/meshes/VLP16_base_1.stl
-- Up-to-date: /home/d2-521-30/hunter_gazebo_ws/src/scv_robot_gazebo/install/scv_robot_gazebo/share/scv_robot_gazebo//sensors/velodyne_simulator/velodyne_description/urdf
-- Up-to-date: /home/d2-521-30/hunter_gazebo_ws/src/scv_robot_gazebo/install/scv_robot_gazebo/share/scv_robot_gazebo//sensors/velodyne_simulator/velodyne_description/urdf/HDL-32E.urdf.xacro
-- Up-to-date: /home/d2-521-30/hunter_gazebo_ws/src/scv_robot_gazebo/install/scv_robot_gazebo/share/scv_robot_gazebo//sensors/velodyne_simulator/velodyne_description/urdf/VLP-16.urdf.xacro
-- Up-to-date: /home/d2-521-30/hunter_gazebo_ws/src/scv_robot_gazebo/install/scv_robot_gazebo/share/scv_robot_gazebo//sensors/velodyne_simulator/velodyne_description/urdf/VLP-32C.urdf.xacro
-- Up-to-date: /home/d2-521-30/hunter_gazebo_ws/src/scv_robot_gazebo/install/scv_robot_gazebo/share/scv_robot_gazebo//sensors/velodyne_simulator/velodyne_description/urdf/example.urdf.xacro
-- Up-to-date: /home/d2-521-30/hunter_gazebo_ws/src/scv_robot_gazebo/install/scv_robot_gazebo/share/scv_robot_gazebo//sensors/velodyne_simulator/velodyne_description/CHANGELOG.rst
-- Up-to-date: /home/d2-521-30/hunter_gazebo_ws/src/scv_robot_gazebo/install/scv_robot_gazebo/share/scv_robot_gazebo//sensors/velodyne_simulator/velodyne_description/world
-- Up-to-date: /home/d2-521-30/hunter_gazebo_ws/src/scv_robot_gazebo/install/scv_robot_gazebo/share/scv_robot_gazebo//sensors/velodyne_simulator/velodyne_description/world/example.world
-- Up-to-date: /home/d2-521-30/hunter_gazebo_ws/src/scv_robot_gazebo/install/scv_robot_gazebo/share/scv_robot_gazebo//sensors/velodyne_simulator/velodyne_description/package.xml
-- Up-to-date: /home/d2-521-30/hunter_gazebo_ws/src/scv_robot_gazebo/install/scv_robot_gazebo/share/scv_robot_gazebo//sensors/velodyne_simulator/velodyne_description/rviz
-- Up-to-date: /home/d2-521-30/hunter_gazebo_ws/src/scv_robot_gazebo/install/scv_robot_gazebo/share/scv_robot_gazebo//sensors/velodyne_simulator/velodyne_description/rviz/example.rviz
-- Up-to-date: /home/d2-521-30/hunter_gazebo_ws/src/scv_robot_gazebo/install/scv_robot_gazebo/share/scv_robot_gazebo//sensors/velodyne_simulator/.gitignore
-- Up-to-date: /home/d2-521-30/hunter_gazebo_ws/src/scv_robot_gazebo/install/scv_robot_gazebo/share/scv_robot_gazebo//sensors/velodyne_simulator/velodyne_gazebo_plugins
-- Up-to-date: /home/d2-521-30/hunter_gazebo_ws/src/scv_robot_gazebo/install/scv_robot_gazebo/share/scv_robot_gazebo//sensors/velodyne_simulator/velodyne_gazebo_plugins/CMakeLists.txt
-- Up-to-date: /home/d2-521-30/hunter_gazebo_ws/src/scv_robot_gazebo/install/scv_robot_gazebo/share/scv_robot_gazebo//sensors/velodyne_simulator/velodyne_gazebo_plugins/src
-- Up-to-date: /home/d2-521-30/hunter_gazebo_ws/src/scv_robot_gazebo/install/scv_robot_gazebo/share/scv_robot_gazebo//sensors/velodyne_simulator/velodyne_gazebo_plugins/src/GazeboRosVelodyneLaser.cpp
-- Up-to-date: /home/d2-521-30/hunter_gazebo_ws/src/scv_robot_gazebo/install/scv_robot_gazebo/share/scv_robot_gazebo//sensors/velodyne_simulator/velodyne_gazebo_plugins/CHANGELOG.rst
-- Up-to-date: /home/d2-521-30/hunter_gazebo_ws/src/scv_robot_gazebo/install/scv_robot_gazebo/share/scv_robot_gazebo//sensors/velodyne_simulator/velodyne_gazebo_plugins/include
-- Up-to-date: /home/d2-521-30/hunter_gazebo_ws/src/scv_robot_gazebo/install/scv_robot_gazebo/share/scv_robot_gazebo//sensors/velodyne_simulator/velodyne_gazebo_plugins/include/velodyne_gazebo_plugins
-- Up-to-date: /home/d2-521-30/hunter_gazebo_ws/src/scv_robot_gazebo/install/scv_robot_gazebo/share/scv_robot_gazebo//sensors/velodyne_simulator/velodyne_gazebo_plugins/include/velodyne_gazebo_plugins/GazeboRosVelodyneLaser.h
-- Up-to-date: /home/d2-521-30/hunter_gazebo_ws/src/scv_robot_gazebo/install/scv_robot_gazebo/share/scv_robot_gazebo//sensors/velodyne_simulator/velodyne_gazebo_plugins/package.xml
-- Up-to-date: /home/d2-521-30/hunter_gazebo_ws/src/scv_robot_gazebo/install/scv_robot_gazebo/share/scv_robot_gazebo//sensors/velodyne_simulator/bitbucket-pipelines.yml
-- Up-to-date: /home/d2-521-30/hunter_gazebo_ws/src/scv_robot_gazebo/install/scv_robot_gazebo/share/scv_robot_gazebo//sensors/velodyne_simulator/gazebo_upgrade.md
-- Up-to-date: /home/d2-521-30/hunter_gazebo_ws/src/scv_robot_gazebo/install/scv_robot_gazebo/share/scv_robot_gazebo//sensors/velodyne_simulator/velodyne_simulator
-- Up-to-date: /home/d2-521-30/hunter_gazebo_ws/src/scv_robot_gazebo/install/scv_robot_gazebo/share/scv_robot_gazebo//sensors/velodyne_simulator/velodyne_simulator/CMakeLists.txt
-- Up-to-date: /home/d2-521-30/hunter_gazebo_ws/src/scv_robot_gazebo/install/scv_robot_gazebo/share/scv_robot_gazebo//sensors/velodyne_simulator/velodyne_simulator/CHANGELOG.rst
-- Up-to-date: /home/d2-521-30/hunter_gazebo_ws/src/scv_robot_gazebo/install/scv_robot_gazebo/share/scv_robot_gazebo//sensors/velodyne_simulator/velodyne_simulator/package.xml
-- Up-to-date: /home/d2-521-30/hunter_gazebo_ws/src/scv_robot_gazebo/install/scv_robot_gazebo/share/ament_index/resource_index/package_run_dependencies/scv_robot_gazebo
-- Up-to-date: /home/d2-521-30/hunter_gazebo_ws/src/scv_robot_gazebo/install/scv_robot_gazebo/share/ament_index/resource_index/parent_prefix_path/scv_robot_gazebo
-- Up-to-date: /home/d2-521-30/hunter_gazebo_ws/src/scv_robot_gazebo/install/scv_robot_gazebo/share/scv_robot_gazebo/environment/ament_prefix_path.sh
-- Up-to-date: /home/d2-521-30/hunter_gazebo_ws/src/scv_robot_gazebo/install/scv_robot_gazebo/share/scv_robot_gazebo/environment/ament_prefix_path.dsv
-- Up-to-date: /home/d2-521-30/hunter_gazebo_ws/src/scv_robot_gazebo/install/scv_robot_gazebo/share/scv_robot_gazebo/environment/path.sh
-- Up-to-date: /home/d2-521-30/hunter_gazebo_ws/src/scv_robot_gazebo/install/scv_robot_gazebo/share/scv_robot_gazebo/environment/path.dsv
-- Up-to-date: /home/d2-521-30/hunter_gazebo_ws/src/scv_robot_gazebo/install/scv_robot_gazebo/share/scv_robot_gazebo/local_setup.bash
-- Up-to-date: /home/d2-521-30/hunter_gazebo_ws/src/scv_robot_gazebo/install/scv_robot_gazebo/share/scv_robot_gazebo/local_setup.sh
-- Up-to-date: /home/d2-521-30/hunter_gazebo_ws/src/scv_robot_gazebo/install/scv_robot_gazebo/share/scv_robot_gazebo/local_setup.zsh
-- Up-to-date: /home/d2-521-30/hunter_gazebo_ws/src/scv_robot_gazebo/install/scv_robot_gazebo/share/scv_robot_gazebo/local_setup.dsv
-- Installing: /home/d2-521-30/hunter_gazebo_ws/src/scv_robot_gazebo/install/scv_robot_gazebo/share/scv_robot_gazebo/package.dsv
-- Up-to-date: /home/d2-521-30/hunter_gazebo_ws/src/scv_robot_gazebo/install/scv_robot_gazebo/share/ament_index/resource_index/packages/scv_robot_gazebo
-- Up-to-date: /home/d2-521-30/hunter_gazebo_ws/src/scv_robot_gazebo/install/scv_robot_gazebo/share/scv_robot_gazebo/cmake/scv_robot_gazeboConfig.cmake
-- Up-to-date: /home/d2-521-30/hunter_gazebo_ws/src/scv_robot_gazebo/install/scv_robot_gazebo/share/scv_robot_gazebo/cmake/scv_robot_gazeboConfig-version.cmake
-- Up-to-date: /home/d2-521-30/hunter_gazebo_ws/src/scv_robot_gazebo/install/scv_robot_gazebo/share/scv_robot_gazebo/package.xml
-- Up-to-date: /home/d2-521-30/hunter_gazebo_ws/src/scv_robot_gazebo/install/scv_robot_gazebo/share/ament_index/resource_index/package_run_dependencies/velodyne_description
-- Up-to-date: /home/d2-521-30/hunter_gazebo_ws/src/scv_robot_gazebo/install/scv_robot_gazebo/share/ament_index/resource_index/parent_prefix_path/velodyne_description
-- Up-to-date: /home/d2-521-30/hunter_gazebo_ws/src/scv_robot_gazebo/install/scv_robot_gazebo/share/velodyne_description/environment/ament_prefix_path.sh
-- Up-to-date: /home/d2-521-30/hunter_gazebo_ws/src/scv_robot_gazebo/install/scv_robot_gazebo/share/velodyne_description/environment/ament_prefix_path.dsv
-- Up-to-date: /home/d2-521-30/hunter_gazebo_ws/src/scv_robot_gazebo/install/scv_robot_gazebo/share/velodyne_description/environment/path.sh
-- Up-to-date: /home/d2-521-30/hunter_gazebo_ws/src/scv_robot_gazebo/install/scv_robot_gazebo/share/velodyne_description/environment/path.dsv
-- Up-to-date: /home/d2-521-30/hunter_gazebo_ws/src/scv_robot_gazebo/install/scv_robot_gazebo/share/velodyne_description/local_setup.bash
-- Up-to-date: /home/d2-521-30/hunter_gazebo_ws/src/scv_robot_gazebo/install/scv_robot_gazebo/share/velodyne_description/local_setup.sh
-- Up-to-date: /home/d2-521-30/hunter_gazebo_ws/src/scv_robot_gazebo/install/scv_robot_gazebo/share/velodyne_description/local_setup.zsh
-- Up-to-date: /home/d2-521-30/hunter_gazebo_ws/src/scv_robot_gazebo/install/scv_robot_gazebo/share/velodyne_description/local_setup.dsv
-- Up-to-date: /home/d2-521-30/hunter_gazebo_ws/src/scv_robot_gazebo/install/scv_robot_gazebo/share/velodyne_description/package.dsv
-- Up-to-date: /home/d2-521-30/hunter_gazebo_ws/src/scv_robot_gazebo/install/scv_robot_gazebo/share/ament_index/resource_index/packages/velodyne_description
-- Up-to-date: /home/d2-521-30/hunter_gazebo_ws/src/scv_robot_gazebo/install/scv_robot_gazebo/share/velodyne_description/cmake/velodyne_descriptionConfig.cmake
-- Up-to-date: /home/d2-521-30/hunter_gazebo_ws/src/scv_robot_gazebo/install/scv_robot_gazebo/share/velodyne_description/cmake/velodyne_descriptionConfig-version.cmake
-- Up-to-date: /home/d2-521-30/hunter_gazebo_ws/src/scv_robot_gazebo/install/scv_robot_gazebo/share/velodyne_description/package.xml
-- Up-to-date: /home/d2-521-30/hunter_gazebo_ws/src/scv_robot_gazebo/install/scv_robot_gazebo/share/velodyne_description/launch
-- Up-to-date: /home/d2-521-30/hunter_gazebo_ws/src/scv_robot_gazebo/install/scv_robot_gazebo/share/velodyne_description/launch/example-launch.py
-- Up-to-date: /home/d2-521-30/hunter_gazebo_ws/src/scv_robot_gazebo/install/scv_robot_gazebo/share/velodyne_description/meshes
-- Up-to-date: /home/d2-521-30/hunter_gazebo_ws/src/scv_robot_gazebo/install/scv_robot_gazebo/share/velodyne_description/meshes/HDL32E_scan.stl
-- Up-to-date: /home/d2-521-30/hunter_gazebo_ws/src/scv_robot_gazebo/install/scv_robot_gazebo/share/velodyne_description/meshes/VLP16_base_2.stl
-- Up-to-date: /home/d2-521-30/hunter_gazebo_ws/src/scv_robot_gazebo/install/scv_robot_gazebo/share/velodyne_description/meshes/HDL32E_base.dae
-- Up-to-date: /home/d2-521-30/hunter_gazebo_ws/src/scv_robot_gazebo/install/scv_robot_gazebo/share/velodyne_description/meshes/VLP16_base_2.dae
-- Up-to-date: /home/d2-521-30/hunter_gazebo_ws/src/scv_robot_gazebo/install/scv_robot_gazebo/share/velodyne_description/meshes/HDL32E_base.stl
-- Up-to-date: /home/d2-521-30/hunter_gazebo_ws/src/scv_robot_gazebo/install/scv_robot_gazebo/share/velodyne_description/meshes/VLP16_base_1.dae
-- Up-to-date: /home/d2-521-30/hunter_gazebo_ws/src/scv_robot_gazebo/install/scv_robot_gazebo/share/velodyne_description/meshes/VLP16_scan.dae
-- Up-to-date: /home/d2-521-30/hunter_gazebo_ws/src/scv_robot_gazebo/install/scv_robot_gazebo/share/velodyne_description/meshes/VLP16_scan.stl
-- Up-to-date: /home/d2-521-30/hunter_gazebo_ws/src/scv_robot_gazebo/install/scv_robot_gazebo/share/velodyne_description/meshes/HDL32E_scan.dae
-- Up-to-date: /home/d2-521-30/hunter_gazebo_ws/src/scv_robot_gazebo/install/scv_robot_gazebo/share/velodyne_description/meshes/VLP16_base_1.stl
-- Up-to-date: /home/d2-521-30/hunter_gazebo_ws/src/scv_robot_gazebo/install/scv_robot_gazebo/share/velodyne_description/rviz
-- Up-to-date: /home/d2-521-30/hunter_gazebo_ws/src/scv_robot_gazebo/install/scv_robot_gazebo/share/velodyne_description/rviz/example.rviz
-- Up-to-date: /home/d2-521-30/hunter_gazebo_ws/src/scv_robot_gazebo/install/scv_robot_gazebo/share/velodyne_description/urdf
-- Up-to-date: /home/d2-521-30/hunter_gazebo_ws/src/scv_robot_gazebo/install/scv_robot_gazebo/share/velodyne_description/urdf/HDL-32E.urdf.xacro
-- Up-to-date: /home/d2-521-30/hunter_gazebo_ws/src/scv_robot_gazebo/install/scv_robot_gazebo/share/velodyne_description/urdf/VLP-16.urdf.xacro
-- Up-to-date: /home/d2-521-30/hunter_gazebo_ws/src/scv_robot_gazebo/install/scv_robot_gazebo/share/velodyne_description/urdf/VLP-32C.urdf.xacro
-- Up-to-date: /home/d2-521-30/hunter_gazebo_ws/src/scv_robot_gazebo/install/scv_robot_gazebo/share/velodyne_description/urdf/example.urdf.xacro
-- Up-to-date: /home/d2-521-30/hunter_gazebo_ws/src/scv_robot_gazebo/install/scv_robot_gazebo/share/velodyne_description/world
-- Up-to-date: /home/d2-521-30/hunter_gazebo_ws/src/scv_robot_gazebo/install/scv_robot_gazebo/share/velodyne_description/world/example.world
-- Up-to-date: /home/d2-521-30/hunter_gazebo_ws/src/scv_robot_gazebo/install/scv_robot_gazebo/share/velodyne_gazebo_plugins/environment/library_path.sh
-- Up-to-date: /home/d2-521-30/hunter_gazebo_ws/src/scv_robot_gazebo/install/scv_robot_gazebo/share/velodyne_gazebo_plugins/environment/library_path.dsv
-- Up-to-date: /home/d2-521-30/hunter_gazebo_ws/src/scv_robot_gazebo/install/scv_robot_gazebo/share/ament_index/resource_index/package_run_dependencies/velodyne_gazebo_plugins
-- Up-to-date: /home/d2-521-30/hunter_gazebo_ws/src/scv_robot_gazebo/install/scv_robot_gazebo/share/ament_index/resource_index/parent_prefix_path/velodyne_gazebo_plugins
-- Up-to-date: /home/d2-521-30/hunter_gazebo_ws/src/scv_robot_gazebo/install/scv_robot_gazebo/share/velodyne_gazebo_plugins/environment/ament_prefix_path.sh
-- Up-to-date: /home/d2-521-30/hunter_gazebo_ws/src/scv_robot_gazebo/install/scv_robot_gazebo/share/velodyne_gazebo_plugins/environment/ament_prefix_path.dsv
-- Up-to-date: /home/d2-521-30/hunter_gazebo_ws/src/scv_robot_gazebo/install/scv_robot_gazebo/share/velodyne_gazebo_plugins/environment/path.sh
-- Up-to-date: /home/d2-521-30/hunter_gazebo_ws/src/scv_robot_gazebo/install/scv_robot_gazebo/share/velodyne_gazebo_plugins/environment/path.dsv
-- Up-to-date: /home/d2-521-30/hunter_gazebo_ws/src/scv_robot_gazebo/install/scv_robot_gazebo/share/velodyne_gazebo_plugins/local_setup.bash
-- Up-to-date: /home/d2-521-30/hunter_gazebo_ws/src/scv_robot_gazebo/install/scv_robot_gazebo/share/velodyne_gazebo_plugins/local_setup.sh
-- Up-to-date: /home/d2-521-30/hunter_gazebo_ws/src/scv_robot_gazebo/install/scv_robot_gazebo/share/velodyne_gazebo_plugins/local_setup.zsh
-- Up-to-date: /home/d2-521-30/hunter_gazebo_ws/src/scv_robot_gazebo/install/scv_robot_gazebo/share/velodyne_gazebo_plugins/local_setup.dsv
-- Up-to-date: /home/d2-521-30/hunter_gazebo_ws/src/scv_robot_gazebo/install/scv_robot_gazebo/share/velodyne_gazebo_plugins/package.dsv
-- Up-to-date: /home/d2-521-30/hunter_gazebo_ws/src/scv_robot_gazebo/install/scv_robot_gazebo/share/ament_index/resource_index/packages/velodyne_gazebo_plugins
-- Up-to-date: /home/d2-521-30/hunter_gazebo_ws/src/scv_robot_gazebo/install/scv_robot_gazebo/share/velodyne_gazebo_plugins/cmake/ament_cmake_export_libraries-extras.cmake
-- Up-to-date: /home/d2-521-30/hunter_gazebo_ws/src/scv_robot_gazebo/install/scv_robot_gazebo/share/velodyne_gazebo_plugins/cmake/ament_cmake_export_include_directories-extras.cmake
-- Up-to-date: /home/d2-521-30/hunter_gazebo_ws/src/scv_robot_gazebo/install/scv_robot_gazebo/share/velodyne_gazebo_plugins/cmake/ament_cmake_export_dependencies-extras.cmake
-- Up-to-date: /home/d2-521-30/hunter_gazebo_ws/src/scv_robot_gazebo/install/scv_robot_gazebo/share/velodyne_gazebo_plugins/cmake/velodyne_gazebo_pluginsConfig.cmake
-- Up-to-date: /home/d2-521-30/hunter_gazebo_ws/src/scv_robot_gazebo/install/scv_robot_gazebo/share/velodyne_gazebo_plugins/cmake/velodyne_gazebo_pluginsConfig-version.cmake
-- Up-to-date: /home/d2-521-30/hunter_gazebo_ws/src/scv_robot_gazebo/install/scv_robot_gazebo/share/velodyne_gazebo_plugins/package.xml
-- Up-to-date: /home/d2-521-30/hunter_gazebo_ws/src/scv_robot_gazebo/install/scv_robot_gazebo/include
-- Up-to-date: /home/d2-521-30/hunter_gazebo_ws/src/scv_robot_gazebo/install/scv_robot_gazebo/include/velodyne_gazebo_plugins
-- Up-to-date: /home/d2-521-30/hunter_gazebo_ws/src/scv_robot_gazebo/install/scv_robot_gazebo/include/velodyne_gazebo_plugins/GazeboRosVelodyneLaser.h
-- Up-to-date: /home/d2-521-30/hunter_gazebo_ws/src/scv_robot_gazebo/install/scv_robot_gazebo/lib/libgazebo_ros_velodyne_laser.so
