[0.008s] Invoking command in '/home/d2-521-30/hunter_gazebo_ws/src/scv_robot_gazebo/build/scv_robot_gazebo': CMAKE_PREFIX_PATH=/opt/ros/humble /usr/bin/cmake --build /home/d2-521-30/hunter_gazebo_ws/src/scv_robot_gazebo/build/scv_robot_gazebo -- -j16 -l16
[0.062s] Consolidate compiler generated dependencies of target gazebo_ros_velodyne_laser
[0.084s] [100%] Built target gazebo_ros_velodyne_laser
[0.095s] Invoked command in '/home/d2-521-30/hunter_gazebo_ws/src/scv_robot_gazebo/build/scv_robot_gazebo' returned '0': CMAKE_PREFIX_PATH=/opt/ros/humble /usr/bin/cmake --build /home/d2-521-30/hunter_gazebo_ws/src/scv_robot_gazebo/build/scv_robot_gazebo -- -j16 -l16
[0.104s] Invoking command in '/home/d2-521-30/hunter_gazebo_ws/src/scv_robot_gazebo/build/scv_robot_gazebo': CMAKE_PREFIX_PATH=/opt/ros/humble /usr/bin/cmake --install /home/d2-521-30/hunter_gazebo_ws/src/scv_robot_gazebo/build/scv_robot_gazebo
[0.109s] -- Install configuration: ""
[0.110s] -- Up-to-date: /home/d2-521-30/hunter_gazebo_ws/src/scv_robot_gazebo/install/scv_robot_gazebo/share/scv_robot_gazebo//launch
[0.110s] -- Installing: /home/d2-521-30/hunter_gazebo_ws/src/scv_robot_gazebo/install/scv_robot_gazebo/share/scv_robot_gazebo//launch/hunter_test.launch.py
[0.111s] -- Up-to-date: /home/d2-521-30/hunter_gazebo_ws/src/scv_robot_gazebo/install/scv_robot_gazebo/share/scv_robot_gazebo//urdf
[0.111s] -- Up-to-date: /home/d2-521-30/hunter_gazebo_ws/src/scv_robot_gazebo/install/scv_robot_gazebo/share/scv_robot_gazebo//urdf/hunter_with_one_box.urdf.xacro
[0.111s] -- Up-to-date: /home/d2-521-30/hunter_gazebo_ws/src/scv_robot_gazebo/install/scv_robot_gazebo/share/scv_robot_gazebo//urdf/velodyne_vlp32c.urdf.xacro
[0.112s] -- Up-to-date: /home/d2-521-30/hunter_gazebo_ws/src/scv_robot_gazebo/install/scv_robot_gazebo/share/scv_robot_gazebo//meshes
[0.112s] -- Up-to-date: /home/d2-521-30/hunter_gazebo_ws/src/scv_robot_gazebo/install/scv_robot_gazebo/share/scv_robot_gazebo//meshes/GNSS_antenna.stl
[0.112s] -- Up-to-date: /home/d2-521-30/hunter_gazebo_ws/src/scv_robot_gazebo/install/scv_robot_gazebo/share/scv_robot_gazebo//meshes/front_steer_right_link.STL
[0.112s] -- Up-to-date: /home/d2-521-30/hunter_gazebo_ws/src/scv_robot_gazebo/install/scv_robot_gazebo/share/scv_robot_gazebo//meshes/rear_wheel_link.STL
[0.113s] -- Up-to-date: /home/d2-521-30/hunter_gazebo_ws/src/scv_robot_gazebo/install/scv_robot_gazebo/share/scv_robot_gazebo//meshes/right_rear_link.STL
[0.113s] -- Up-to-date: /home/d2-521-30/hunter_gazebo_ws/src/scv_robot_gazebo/install/scv_robot_gazebo/share/scv_robot_gazebo//meshes/VLP-32C.stl
[0.113s] -- Up-to-date: /home/d2-521-30/hunter_gazebo_ws/src/scv_robot_gazebo/install/scv_robot_gazebo/share/scv_robot_gazebo//meshes/front_box.dae
[0.113s] -- Up-to-date: /home/d2-521-30/hunter_gazebo_ws/src/scv_robot_gazebo/install/scv_robot_gazebo/share/scv_robot_gazebo//meshes/left_rear_link.STL
[0.113s] -- Up-to-date: /home/d2-521-30/hunter_gazebo_ws/src/scv_robot_gazebo/install/scv_robot_gazebo/share/scv_robot_gazebo//meshes/front_box.STL
[0.114s] -- Up-to-date: /home/d2-521-30/hunter_gazebo_ws/src/scv_robot_gazebo/install/scv_robot_gazebo/share/scv_robot_gazebo//meshes/back_box.stl
[0.114s] -- Up-to-date: /home/d2-521-30/hunter_gazebo_ws/src/scv_robot_gazebo/install/scv_robot_gazebo/share/scv_robot_gazebo//meshes/front_steer_link.STL
[0.114s] -- Up-to-date: /home/d2-521-30/hunter_gazebo_ws/src/scv_robot_gazebo/install/scv_robot_gazebo/share/scv_robot_gazebo//meshes/front_steer_left_link.STL
[0.114s] -- Up-to-date: /home/d2-521-30/hunter_gazebo_ws/src/scv_robot_gazebo/install/scv_robot_gazebo/share/scv_robot_gazebo//meshes/front_left_wheel_link.STL
[0.115s] -- Up-to-date: /home/d2-521-30/hunter_gazebo_ws/src/scv_robot_gazebo/install/scv_robot_gazebo/share/scv_robot_gazebo//meshes/back_box.dae
[0.115s] -- Up-to-date: /home/d2-521-30/hunter_gazebo_ws/src/scv_robot_gazebo/install/scv_robot_gazebo/share/scv_robot_gazebo//meshes/base_link.STL
[0.115s] -- Up-to-date: /home/d2-521-30/hunter_gazebo_ws/src/scv_robot_gazebo/install/scv_robot_gazebo/share/scv_robot_gazebo//meshes/front_right_wheel_link.STL
[0.115s] -- Up-to-date: /home/d2-521-30/hunter_gazebo_ws/src/scv_robot_gazebo/install/scv_robot_gazebo/share/scv_robot_gazebo//config
[0.115s] -- Up-to-date: /home/d2-521-30/hunter_gazebo_ws/src/scv_robot_gazebo/install/scv_robot_gazebo/share/scv_robot_gazebo//robots
[0.116s] -- Up-to-date: /home/d2-521-30/hunter_gazebo_ws/src/scv_robot_gazebo/install/scv_robot_gazebo/share/scv_robot_gazebo//robots/hunter_robot
[0.116s] -- Up-to-date: /home/d2-521-30/hunter_gazebo_ws/src/scv_robot_gazebo/install/scv_robot_gazebo/share/scv_robot_gazebo//robots/hunter_robot/README.md
[0.116s] -- Up-to-date: /home/d2-521-30/hunter_gazebo_ws/src/scv_robot_gazebo/install/scv_robot_gazebo/share/scv_robot_gazebo//robots/hunter_robot/LICENSE
[0.116s] -- Up-to-date: /home/d2-521-30/hunter_gazebo_ws/src/scv_robot_gazebo/install/scv_robot_gazebo/share/scv_robot_gazebo//robots/hunter_robot/.git
[0.116s] -- Up-to-date: /home/d2-521-30/hunter_gazebo_ws/src/scv_robot_gazebo/install/scv_robot_gazebo/share/scv_robot_gazebo//robots/hunter_robot/hunter_description
[0.116s] -- Up-to-date: /home/d2-521-30/hunter_gazebo_ws/src/scv_robot_gazebo/install/scv_robot_gazebo/share/scv_robot_gazebo//robots/hunter_robot/hunter_description/CMakeLists.txt
[0.116s] -- Up-to-date: /home/d2-521-30/hunter_gazebo_ws/src/scv_robot_gazebo/install/scv_robot_gazebo/share/scv_robot_gazebo//robots/hunter_robot/hunter_description/launch
[0.117s] -- Up-to-date: /home/d2-521-30/hunter_gazebo_ws/src/scv_robot_gazebo/install/scv_robot_gazebo/share/scv_robot_gazebo//robots/hunter_robot/hunter_description/launch/robot_view.launch.py
[0.117s] -- Up-to-date: /home/d2-521-30/hunter_gazebo_ws/src/scv_robot_gazebo/install/scv_robot_gazebo/share/scv_robot_gazebo//robots/hunter_robot/hunter_description/meshes
[0.117s] -- Up-to-date: /home/d2-521-30/hunter_gazebo_ws/src/scv_robot_gazebo/install/scv_robot_gazebo/share/scv_robot_gazebo//robots/hunter_robot/hunter_description/meshes/front_left_wheel.dae
[0.117s] -- Up-to-date: /home/d2-521-30/hunter_gazebo_ws/src/scv_robot_gazebo/install/scv_robot_gazebo/share/scv_robot_gazebo//robots/hunter_robot/hunter_description/meshes/rear_right_wheel.dae
[0.117s] -- Up-to-date: /home/d2-521-30/hunter_gazebo_ws/src/scv_robot_gazebo/install/scv_robot_gazebo/share/scv_robot_gazebo//robots/hunter_robot/hunter_description/meshes/rear_left_wheel.dae
[0.117s] -- Up-to-date: /home/d2-521-30/hunter_gazebo_ws/src/scv_robot_gazebo/install/scv_robot_gazebo/share/scv_robot_gazebo//robots/hunter_robot/hunter_description/meshes/chassis.dae
[0.117s] -- Up-to-date: /home/d2-521-30/hunter_gazebo_ws/src/scv_robot_gazebo/install/scv_robot_gazebo/share/scv_robot_gazebo//robots/hunter_robot/hunter_description/meshes/front_right_wheel.dae
[0.117s] -- Up-to-date: /home/d2-521-30/hunter_gazebo_ws/src/scv_robot_gazebo/install/scv_robot_gazebo/share/scv_robot_gazebo//robots/hunter_robot/hunter_description/config
[0.117s] -- Up-to-date: /home/d2-521-30/hunter_gazebo_ws/src/scv_robot_gazebo/install/scv_robot_gazebo/share/scv_robot_gazebo//robots/hunter_robot/hunter_description/config/ackermann_like_controller.yaml
[0.118s] -- Up-to-date: /home/d2-521-30/hunter_gazebo_ws/src/scv_robot_gazebo/install/scv_robot_gazebo/share/scv_robot_gazebo//robots/hunter_robot/hunter_description/CHANGELOG.rst
[0.118s] -- Up-to-date: /home/d2-521-30/hunter_gazebo_ws/src/scv_robot_gazebo/install/scv_robot_gazebo/share/scv_robot_gazebo//robots/hunter_robot/hunter_description/description
[0.118s] -- Up-to-date: /home/d2-521-30/hunter_gazebo_ws/src/scv_robot_gazebo/install/scv_robot_gazebo/share/scv_robot_gazebo//robots/hunter_robot/hunter_description/description/robot_core.xacro
[0.118s] -- Up-to-date: /home/d2-521-30/hunter_gazebo_ws/src/scv_robot_gazebo/install/scv_robot_gazebo/share/scv_robot_gazebo//robots/hunter_robot/hunter_description/description/robot_core_real_hack.xacro
[0.118s] -- Up-to-date: /home/d2-521-30/hunter_gazebo_ws/src/scv_robot_gazebo/install/scv_robot_gazebo/share/scv_robot_gazebo//robots/hunter_robot/hunter_description/description/robot.urdf.xacro
[0.118s] -- Up-to-date: /home/d2-521-30/hunter_gazebo_ws/src/scv_robot_gazebo/install/scv_robot_gazebo/share/scv_robot_gazebo//robots/hunter_robot/hunter_description/description/meshes.xacro
[0.118s] -- Up-to-date: /home/d2-521-30/hunter_gazebo_ws/src/scv_robot_gazebo/install/scv_robot_gazebo/share/scv_robot_gazebo//robots/hunter_robot/hunter_description/description/inertial_macros.xacro
[0.118s] -- Up-to-date: /home/d2-521-30/hunter_gazebo_ws/src/scv_robot_gazebo/install/scv_robot_gazebo/share/scv_robot_gazebo//robots/hunter_robot/hunter_description/description/ros2_control.xacro
[0.119s] -- Up-to-date: /home/d2-521-30/hunter_gazebo_ws/src/scv_robot_gazebo/install/scv_robot_gazebo/share/scv_robot_gazebo//robots/hunter_robot/hunter_description/package.xml
[0.119s] -- Up-to-date: /home/d2-521-30/hunter_gazebo_ws/src/scv_robot_gazebo/install/scv_robot_gazebo/share/scv_robot_gazebo//robots/hunter_robot/hunter_description/rviz
[0.119s] -- Up-to-date: /home/d2-521-30/hunter_gazebo_ws/src/scv_robot_gazebo/install/scv_robot_gazebo/share/scv_robot_gazebo//robots/hunter_robot/hunter_description/rviz/robot_view.rviz
[0.119s] -- Up-to-date: /home/d2-521-30/hunter_gazebo_ws/src/scv_robot_gazebo/install/scv_robot_gazebo/share/scv_robot_gazebo//robots/hunter_robot/hunter_gazebo
[0.120s] -- Up-to-date: /home/d2-521-30/hunter_gazebo_ws/src/scv_robot_gazebo/install/scv_robot_gazebo/share/scv_robot_gazebo//robots/hunter_robot/hunter_gazebo/CMakeLists.txt
[0.120s] -- Up-to-date: /home/d2-521-30/hunter_gazebo_ws/src/scv_robot_gazebo/install/scv_robot_gazebo/share/scv_robot_gazebo//robots/hunter_robot/hunter_gazebo/launch
[0.120s] -- Up-to-date: /home/d2-521-30/hunter_gazebo_ws/src/scv_robot_gazebo/install/scv_robot_gazebo/share/scv_robot_gazebo//robots/hunter_robot/hunter_gazebo/launch/launch_sim.launch.py
[0.120s] -- Up-to-date: /home/d2-521-30/hunter_gazebo_ws/src/scv_robot_gazebo/install/scv_robot_gazebo/share/scv_robot_gazebo//robots/hunter_robot/hunter_gazebo/config
[0.120s] -- Up-to-date: /home/d2-521-30/hunter_gazebo_ws/src/scv_robot_gazebo/install/scv_robot_gazebo/share/scv_robot_gazebo//robots/hunter_robot/hunter_gazebo/config/gazebo_params.yaml
[0.121s] -- Up-to-date: /home/d2-521-30/hunter_gazebo_ws/src/scv_robot_gazebo/install/scv_robot_gazebo/share/scv_robot_gazebo//robots/hunter_robot/hunter_gazebo/CHANGELOG.rst
[0.121s] -- Up-to-date: /home/d2-521-30/hunter_gazebo_ws/src/scv_robot_gazebo/install/scv_robot_gazebo/share/scv_robot_gazebo//robots/hunter_robot/hunter_gazebo/package.xml
[0.121s] -- Up-to-date: /home/d2-521-30/hunter_gazebo_ws/src/scv_robot_gazebo/install/scv_robot_gazebo/share/scv_robot_gazebo//robots/hunter_robot/.gitignore
[0.121s] -- Up-to-date: /home/d2-521-30/hunter_gazebo_ws/src/scv_robot_gazebo/install/scv_robot_gazebo/share/scv_robot_gazebo//robots/hunter_robot/.devcontainer
[0.121s] -- Up-to-date: /home/d2-521-30/hunter_gazebo_ws/src/scv_robot_gazebo/install/scv_robot_gazebo/share/scv_robot_gazebo//robots/hunter_robot/.devcontainer/Dockerfile
[0.121s] -- Up-to-date: /home/d2-521-30/hunter_gazebo_ws/src/scv_robot_gazebo/install/scv_robot_gazebo/share/scv_robot_gazebo//robots/hunter_robot/.devcontainer/devcontainer.json
[0.121s] -- Up-to-date: /home/d2-521-30/hunter_gazebo_ws/src/scv_robot_gazebo/install/scv_robot_gazebo/share/scv_robot_gazebo//robots/hunter_robot/.github
[0.121s] -- Up-to-date: /home/d2-521-30/hunter_gazebo_ws/src/scv_robot_gazebo/install/scv_robot_gazebo/share/scv_robot_gazebo//robots/hunter_robot/.github/workflows
[0.122s] -- Up-to-date: /home/d2-521-30/hunter_gazebo_ws/src/scv_robot_gazebo/install/scv_robot_gazebo/share/scv_robot_gazebo//robots/hunter_robot/.github/workflows/ros-ci.yml
[0.122s] -- Up-to-date: /home/d2-521-30/hunter_gazebo_ws/src/scv_robot_gazebo/install/scv_robot_gazebo/share/scv_robot_gazebo//sensors
[0.122s] -- Up-to-date: /home/d2-521-30/hunter_gazebo_ws/src/scv_robot_gazebo/install/scv_robot_gazebo/share/scv_robot_gazebo//sensors/velodyne_simulator
[0.122s] -- Up-to-date: /home/d2-521-30/hunter_gazebo_ws/src/scv_robot_gazebo/install/scv_robot_gazebo/share/scv_robot_gazebo//sensors/velodyne_simulator/README.md
[0.122s] -- Up-to-date: /home/d2-521-30/hunter_gazebo_ws/src/scv_robot_gazebo/install/scv_robot_gazebo/share/scv_robot_gazebo//sensors/velodyne_simulator/LICENSE
[0.122s] -- Up-to-date: /home/d2-521-30/hunter_gazebo_ws/src/scv_robot_gazebo/install/scv_robot_gazebo/share/scv_robot_gazebo//sensors/velodyne_simulator/img
[0.122s] -- Up-to-date: /home/d2-521-30/hunter_gazebo_ws/src/scv_robot_gazebo/install/scv_robot_gazebo/share/scv_robot_gazebo//sensors/velodyne_simulator/img/rviz.png
[0.122s] -- Up-to-date: /home/d2-521-30/hunter_gazebo_ws/src/scv_robot_gazebo/install/scv_robot_gazebo/share/scv_robot_gazebo//sensors/velodyne_simulator/img/gpu.png
[0.122s] -- Up-to-date: /home/d2-521-30/hunter_gazebo_ws/src/scv_robot_gazebo/install/scv_robot_gazebo/share/scv_robot_gazebo//sensors/velodyne_simulator/.git
[0.123s] -- Up-to-date: /home/d2-521-30/hunter_gazebo_ws/src/scv_robot_gazebo/install/scv_robot_gazebo/share/scv_robot_gazebo//sensors/velodyne_simulator/velodyne_description
[0.123s] -- Up-to-date: /home/d2-521-30/hunter_gazebo_ws/src/scv_robot_gazebo/install/scv_robot_gazebo/share/scv_robot_gazebo//sensors/velodyne_simulator/velodyne_description/CMakeLists.txt
[0.123s] -- Up-to-date: /home/d2-521-30/hunter_gazebo_ws/src/scv_robot_gazebo/install/scv_robot_gazebo/share/scv_robot_gazebo//sensors/velodyne_simulator/velodyne_description/launch
[0.123s] -- Up-to-date: /home/d2-521-30/hunter_gazebo_ws/src/scv_robot_gazebo/install/scv_robot_gazebo/share/scv_robot_gazebo//sensors/velodyne_simulator/velodyne_description/launch/example-launch.py
[0.123s] -- Up-to-date: /home/d2-521-30/hunter_gazebo_ws/src/scv_robot_gazebo/install/scv_robot_gazebo/share/scv_robot_gazebo//sensors/velodyne_simulator/velodyne_description/meshes
[0.123s] -- Up-to-date: /home/d2-521-30/hunter_gazebo_ws/src/scv_robot_gazebo/install/scv_robot_gazebo/share/scv_robot_gazebo//sensors/velodyne_simulator/velodyne_description/meshes/HDL32E_scan.stl
[0.123s] -- Up-to-date: /home/d2-521-30/hunter_gazebo_ws/src/scv_robot_gazebo/install/scv_robot_gazebo/share/scv_robot_gazebo//sensors/velodyne_simulator/velodyne_description/meshes/VLP16_base_2.stl
[0.124s] -- Up-to-date: /home/d2-521-30/hunter_gazebo_ws/src/scv_robot_gazebo/install/scv_robot_gazebo/share/scv_robot_gazebo//sensors/velodyne_simulator/velodyne_description/meshes/HDL32E_base.dae
[0.124s] -- Up-to-date: /home/d2-521-30/hunter_gazebo_ws/src/scv_robot_gazebo/install/scv_robot_gazebo/share/scv_robot_gazebo//sensors/velodyne_simulator/velodyne_description/meshes/VLP16_base_2.dae
[0.124s] -- Up-to-date: /home/d2-521-30/hunter_gazebo_ws/src/scv_robot_gazebo/install/scv_robot_gazebo/share/scv_robot_gazebo//sensors/velodyne_simulator/velodyne_description/meshes/HDL32E_base.stl
[0.124s] -- Up-to-date: /home/d2-521-30/hunter_gazebo_ws/src/scv_robot_gazebo/install/scv_robot_gazebo/share/scv_robot_gazebo//sensors/velodyne_simulator/velodyne_description/meshes/VLP16_base_1.dae
[0.124s] -- Up-to-date: /home/d2-521-30/hunter_gazebo_ws/src/scv_robot_gazebo/install/scv_robot_gazebo/share/scv_robot_gazebo//sensors/velodyne_simulator/velodyne_description/meshes/VLP16_scan.dae
[0.124s] -- Up-to-date: /home/d2-521-30/hunter_gazebo_ws/src/scv_robot_gazebo/install/scv_robot_gazebo/share/scv_robot_gazebo//sensors/velodyne_simulator/velodyne_description/meshes/VLP16_scan.stl
[0.124s] -- Up-to-date: /home/d2-521-30/hunter_gazebo_ws/src/scv_robot_gazebo/install/scv_robot_gazebo/share/scv_robot_gazebo//sensors/velodyne_simulator/velodyne_description/meshes/HDL32E_scan.dae
[0.124s] -- Up-to-date: /home/d2-521-30/hunter_gazebo_ws/src/scv_robot_gazebo/install/scv_robot_gazebo/share/scv_robot_gazebo//sensors/velodyne_simulator/velodyne_description/meshes/VLP16_base_1.stl
[0.125s] -- Up-to-date: /home/d2-521-30/hunter_gazebo_ws/src/scv_robot_gazebo/install/scv_robot_gazebo/share/scv_robot_gazebo//sensors/velodyne_simulator/velodyne_description/urdf
[0.125s] -- Up-to-date: /home/d2-521-30/hunter_gazebo_ws/src/scv_robot_gazebo/install/scv_robot_gazebo/share/scv_robot_gazebo//sensors/velodyne_simulator/velodyne_description/urdf/HDL-32E.urdf.xacro
[0.125s] -- Up-to-date: /home/d2-521-30/hunter_gazebo_ws/src/scv_robot_gazebo/install/scv_robot_gazebo/share/scv_robot_gazebo//sensors/velodyne_simulator/velodyne_description/urdf/VLP-16.urdf.xacro
[0.125s] -- Up-to-date: /home/d2-521-30/hunter_gazebo_ws/src/scv_robot_gazebo/install/scv_robot_gazebo/share/scv_robot_gazebo//sensors/velodyne_simulator/velodyne_description/urdf/VLP-32C.urdf.xacro
[0.125s] -- Up-to-date: /home/d2-521-30/hunter_gazebo_ws/src/scv_robot_gazebo/install/scv_robot_gazebo/share/scv_robot_gazebo//sensors/velodyne_simulator/velodyne_description/urdf/example.urdf.xacro
[0.125s] -- Up-to-date: /home/d2-521-30/hunter_gazebo_ws/src/scv_robot_gazebo/install/scv_robot_gazebo/share/scv_robot_gazebo//sensors/velodyne_simulator/velodyne_description/CHANGELOG.rst
[0.125s] -- Up-to-date: /home/d2-521-30/hunter_gazebo_ws/src/scv_robot_gazebo/install/scv_robot_gazebo/share/scv_robot_gazebo//sensors/velodyne_simulator/velodyne_description/world
[0.126s] -- Up-to-date: /home/d2-521-30/hunter_gazebo_ws/src/scv_robot_gazebo/install/scv_robot_gazebo/share/scv_robot_gazebo//sensors/velodyne_simulator/velodyne_description/world/example.world
[0.126s] -- Up-to-date: /home/d2-521-30/hunter_gazebo_ws/src/scv_robot_gazebo/install/scv_robot_gazebo/share/scv_robot_gazebo//sensors/velodyne_simulator/velodyne_description/package.xml
[0.126s] -- Up-to-date: /home/d2-521-30/hunter_gazebo_ws/src/scv_robot_gazebo/install/scv_robot_gazebo/share/scv_robot_gazebo//sensors/velodyne_simulator/velodyne_description/rviz
[0.126s] -- Up-to-date: /home/d2-521-30/hunter_gazebo_ws/src/scv_robot_gazebo/install/scv_robot_gazebo/share/scv_robot_gazebo//sensors/velodyne_simulator/velodyne_description/rviz/example.rviz
[0.126s] -- Up-to-date: /home/d2-521-30/hunter_gazebo_ws/src/scv_robot_gazebo/install/scv_robot_gazebo/share/scv_robot_gazebo//sensors/velodyne_simulator/.gitignore
[0.126s] -- Up-to-date: /home/d2-521-30/hunter_gazebo_ws/src/scv_robot_gazebo/install/scv_robot_gazebo/share/scv_robot_gazebo//sensors/velodyne_simulator/velodyne_gazebo_plugins
[0.126s] -- Up-to-date: /home/d2-521-30/hunter_gazebo_ws/src/scv_robot_gazebo/install/scv_robot_gazebo/share/scv_robot_gazebo//sensors/velodyne_simulator/velodyne_gazebo_plugins/CMakeLists.txt
[0.126s] -- Up-to-date: /home/d2-521-30/hunter_gazebo_ws/src/scv_robot_gazebo/install/scv_robot_gazebo/share/scv_robot_gazebo//sensors/velodyne_simulator/velodyne_gazebo_plugins/src
[0.126s] -- Up-to-date: /home/d2-521-30/hunter_gazebo_ws/src/scv_robot_gazebo/install/scv_robot_gazebo/share/scv_robot_gazebo//sensors/velodyne_simulator/velodyne_gazebo_plugins/src/GazeboRosVelodyneLaser.cpp
[0.127s] -- Up-to-date: /home/d2-521-30/hunter_gazebo_ws/src/scv_robot_gazebo/install/scv_robot_gazebo/share/scv_robot_gazebo//sensors/velodyne_simulator/velodyne_gazebo_plugins/CHANGELOG.rst
[0.127s] -- Up-to-date: /home/d2-521-30/hunter_gazebo_ws/src/scv_robot_gazebo/install/scv_robot_gazebo/share/scv_robot_gazebo//sensors/velodyne_simulator/velodyne_gazebo_plugins/include
[0.127s] -- Up-to-date: /home/d2-521-30/hunter_gazebo_ws/src/scv_robot_gazebo/install/scv_robot_gazebo/share/scv_robot_gazebo//sensors/velodyne_simulator/velodyne_gazebo_plugins/include/velodyne_gazebo_plugins
[0.127s] -- Up-to-date: /home/d2-521-30/hunter_gazebo_ws/src/scv_robot_gazebo/install/scv_robot_gazebo/share/scv_robot_gazebo//sensors/velodyne_simulator/velodyne_gazebo_plugins/include/velodyne_gazebo_plugins/GazeboRosVelodyneLaser.h
[0.127s] -- Up-to-date: /home/d2-521-30/hunter_gazebo_ws/src/scv_robot_gazebo/install/scv_robot_gazebo/share/scv_robot_gazebo//sensors/velodyne_simulator/velodyne_gazebo_plugins/package.xml
[0.127s] -- Up-to-date: /home/d2-521-30/hunter_gazebo_ws/src/scv_robot_gazebo/install/scv_robot_gazebo/share/scv_robot_gazebo//sensors/velodyne_simulator/bitbucket-pipelines.yml
[0.127s] -- Up-to-date: /home/d2-521-30/hunter_gazebo_ws/src/scv_robot_gazebo/install/scv_robot_gazebo/share/scv_robot_gazebo//sensors/velodyne_simulator/gazebo_upgrade.md
[0.127s] -- Up-to-date: /home/d2-521-30/hunter_gazebo_ws/src/scv_robot_gazebo/install/scv_robot_gazebo/share/scv_robot_gazebo//sensors/velodyne_simulator/velodyne_simulator
[0.127s] -- Up-to-date: /home/d2-521-30/hunter_gazebo_ws/src/scv_robot_gazebo/install/scv_robot_gazebo/share/scv_robot_gazebo//sensors/velodyne_simulator/velodyne_simulator/CMakeLists.txt
[0.127s] -- Up-to-date: /home/d2-521-30/hunter_gazebo_ws/src/scv_robot_gazebo/install/scv_robot_gazebo/share/scv_robot_gazebo//sensors/velodyne_simulator/velodyne_simulator/CHANGELOG.rst
[0.128s] -- Up-to-date: /home/d2-521-30/hunter_gazebo_ws/src/scv_robot_gazebo/install/scv_robot_gazebo/share/scv_robot_gazebo//sensors/velodyne_simulator/velodyne_simulator/package.xml
[0.128s] -- Up-to-date: /home/d2-521-30/hunter_gazebo_ws/src/scv_robot_gazebo/install/scv_robot_gazebo/share/ament_index/resource_index/package_run_dependencies/scv_robot_gazebo
[0.128s] -- Up-to-date: /home/d2-521-30/hunter_gazebo_ws/src/scv_robot_gazebo/install/scv_robot_gazebo/share/ament_index/resource_index/parent_prefix_path/scv_robot_gazebo
[0.128s] -- Up-to-date: /home/d2-521-30/hunter_gazebo_ws/src/scv_robot_gazebo/install/scv_robot_gazebo/share/scv_robot_gazebo/environment/ament_prefix_path.sh
[0.128s] -- Up-to-date: /home/d2-521-30/hunter_gazebo_ws/src/scv_robot_gazebo/install/scv_robot_gazebo/share/scv_robot_gazebo/environment/ament_prefix_path.dsv
[0.128s] -- Up-to-date: /home/d2-521-30/hunter_gazebo_ws/src/scv_robot_gazebo/install/scv_robot_gazebo/share/scv_robot_gazebo/environment/path.sh
[0.128s] -- Up-to-date: /home/d2-521-30/hunter_gazebo_ws/src/scv_robot_gazebo/install/scv_robot_gazebo/share/scv_robot_gazebo/environment/path.dsv
[0.128s] -- Up-to-date: /home/d2-521-30/hunter_gazebo_ws/src/scv_robot_gazebo/install/scv_robot_gazebo/share/scv_robot_gazebo/local_setup.bash
[0.129s] -- Up-to-date: /home/d2-521-30/hunter_gazebo_ws/src/scv_robot_gazebo/install/scv_robot_gazebo/share/scv_robot_gazebo/local_setup.sh
[0.129s] -- Up-to-date: /home/d2-521-30/hunter_gazebo_ws/src/scv_robot_gazebo/install/scv_robot_gazebo/share/scv_robot_gazebo/local_setup.zsh
[0.129s] -- Up-to-date: /home/d2-521-30/hunter_gazebo_ws/src/scv_robot_gazebo/install/scv_robot_gazebo/share/scv_robot_gazebo/local_setup.dsv
[0.129s] -- Installing: /home/d2-521-30/hunter_gazebo_ws/src/scv_robot_gazebo/install/scv_robot_gazebo/share/scv_robot_gazebo/package.dsv
[0.129s] -- Up-to-date: /home/d2-521-30/hunter_gazebo_ws/src/scv_robot_gazebo/install/scv_robot_gazebo/share/ament_index/resource_index/packages/scv_robot_gazebo
[0.129s] -- Up-to-date: /home/d2-521-30/hunter_gazebo_ws/src/scv_robot_gazebo/install/scv_robot_gazebo/share/scv_robot_gazebo/cmake/scv_robot_gazeboConfig.cmake
[0.129s] -- Up-to-date: /home/d2-521-30/hunter_gazebo_ws/src/scv_robot_gazebo/install/scv_robot_gazebo/share/scv_robot_gazebo/cmake/scv_robot_gazeboConfig-version.cmake
[0.129s] -- Up-to-date: /home/d2-521-30/hunter_gazebo_ws/src/scv_robot_gazebo/install/scv_robot_gazebo/share/scv_robot_gazebo/package.xml
[0.129s] -- Up-to-date: /home/d2-521-30/hunter_gazebo_ws/src/scv_robot_gazebo/install/scv_robot_gazebo/share/ament_index/resource_index/package_run_dependencies/velodyne_description
[0.129s] -- Up-to-date: /home/d2-521-30/hunter_gazebo_ws/src/scv_robot_gazebo/install/scv_robot_gazebo/share/ament_index/resource_index/parent_prefix_path/velodyne_description
[0.130s] -- Up-to-date: /home/d2-521-30/hunter_gazebo_ws/src/scv_robot_gazebo/install/scv_robot_gazebo/share/velodyne_description/environment/ament_prefix_path.sh
[0.130s] -- Up-to-date: /home/d2-521-30/hunter_gazebo_ws/src/scv_robot_gazebo/install/scv_robot_gazebo/share/velodyne_description/environment/ament_prefix_path.dsv
[0.130s] -- Up-to-date: /home/d2-521-30/hunter_gazebo_ws/src/scv_robot_gazebo/install/scv_robot_gazebo/share/velodyne_description/environment/path.sh
[0.130s] -- Up-to-date: /home/d2-521-30/hunter_gazebo_ws/src/scv_robot_gazebo/install/scv_robot_gazebo/share/velodyne_description/environment/path.dsv
[0.130s] -- Up-to-date: /home/d2-521-30/hunter_gazebo_ws/src/scv_robot_gazebo/install/scv_robot_gazebo/share/velodyne_description/local_setup.bash
[0.130s] -- Up-to-date: /home/d2-521-30/hunter_gazebo_ws/src/scv_robot_gazebo/install/scv_robot_gazebo/share/velodyne_description/local_setup.sh
[0.130s] -- Up-to-date: /home/d2-521-30/hunter_gazebo_ws/src/scv_robot_gazebo/install/scv_robot_gazebo/share/velodyne_description/local_setup.zsh
[0.130s] -- Up-to-date: /home/d2-521-30/hunter_gazebo_ws/src/scv_robot_gazebo/install/scv_robot_gazebo/share/velodyne_description/local_setup.dsv
[0.131s] -- Up-to-date: /home/d2-521-30/hunter_gazebo_ws/src/scv_robot_gazebo/install/scv_robot_gazebo/share/velodyne_description/package.dsv
[0.131s] -- Up-to-date: /home/d2-521-30/hunter_gazebo_ws/src/scv_robot_gazebo/install/scv_robot_gazebo/share/ament_index/resource_index/packages/velodyne_description
[0.131s] -- Up-to-date: /home/d2-521-30/hunter_gazebo_ws/src/scv_robot_gazebo/install/scv_robot_gazebo/share/velodyne_description/cmake/velodyne_descriptionConfig.cmake
[0.131s] -- Up-to-date: /home/d2-521-30/hunter_gazebo_ws/src/scv_robot_gazebo/install/scv_robot_gazebo/share/velodyne_description/cmake/velodyne_descriptionConfig-version.cmake
[0.131s] -- Up-to-date: /home/d2-521-30/hunter_gazebo_ws/src/scv_robot_gazebo/install/scv_robot_gazebo/share/velodyne_description/package.xml
[0.131s] -- Up-to-date: /home/d2-521-30/hunter_gazebo_ws/src/scv_robot_gazebo/install/scv_robot_gazebo/share/velodyne_description/launch
[0.132s] -- Up-to-date: /home/d2-521-30/hunter_gazebo_ws/src/scv_robot_gazebo/install/scv_robot_gazebo/share/velodyne_description/launch/example-launch.py
[0.132s] -- Up-to-date: /home/d2-521-30/hunter_gazebo_ws/src/scv_robot_gazebo/install/scv_robot_gazebo/share/velodyne_description/meshes
[0.132s] -- Up-to-date: /home/d2-521-30/hunter_gazebo_ws/src/scv_robot_gazebo/install/scv_robot_gazebo/share/velodyne_description/meshes/HDL32E_scan.stl
[0.132s] -- Up-to-date: /home/d2-521-30/hunter_gazebo_ws/src/scv_robot_gazebo/install/scv_robot_gazebo/share/velodyne_description/meshes/VLP16_base_2.stl
[0.132s] -- Up-to-date: /home/d2-521-30/hunter_gazebo_ws/src/scv_robot_gazebo/install/scv_robot_gazebo/share/velodyne_description/meshes/HDL32E_base.dae
[0.133s] -- Up-to-date: /home/d2-521-30/hunter_gazebo_ws/src/scv_robot_gazebo/install/scv_robot_gazebo/share/velodyne_description/meshes/VLP16_base_2.dae
[0.133s] -- Up-to-date: /home/d2-521-30/hunter_gazebo_ws/src/scv_robot_gazebo/install/scv_robot_gazebo/share/velodyne_description/meshes/HDL32E_base.stl
[0.133s] -- Up-to-date: /home/d2-521-30/hunter_gazebo_ws/src/scv_robot_gazebo/install/scv_robot_gazebo/share/velodyne_description/meshes/VLP16_base_1.dae
[0.133s] -- Up-to-date: /home/d2-521-30/hunter_gazebo_ws/src/scv_robot_gazebo/install/scv_robot_gazebo/share/velodyne_description/meshes/VLP16_scan.dae
[0.133s] -- Up-to-date: /home/d2-521-30/hunter_gazebo_ws/src/scv_robot_gazebo/install/scv_robot_gazebo/share/velodyne_description/meshes/VLP16_scan.stl
[0.133s] -- Up-to-date: /home/d2-521-30/hunter_gazebo_ws/src/scv_robot_gazebo/install/scv_robot_gazebo/share/velodyne_description/meshes/HDL32E_scan.dae
[0.133s] -- Up-to-date: /home/d2-521-30/hunter_gazebo_ws/src/scv_robot_gazebo/install/scv_robot_gazebo/share/velodyne_description/meshes/VLP16_base_1.stl
[0.133s] -- Up-to-date: /home/d2-521-30/hunter_gazebo_ws/src/scv_robot_gazebo/install/scv_robot_gazebo/share/velodyne_description/rviz
[0.133s] -- Up-to-date: /home/d2-521-30/hunter_gazebo_ws/src/scv_robot_gazebo/install/scv_robot_gazebo/share/velodyne_description/rviz/example.rviz
[0.134s] -- Up-to-date: /home/d2-521-30/hunter_gazebo_ws/src/scv_robot_gazebo/install/scv_robot_gazebo/share/velodyne_description/urdf
[0.134s] -- Up-to-date: /home/d2-521-30/hunter_gazebo_ws/src/scv_robot_gazebo/install/scv_robot_gazebo/share/velodyne_description/urdf/HDL-32E.urdf.xacro
[0.134s] -- Up-to-date: /home/d2-521-30/hunter_gazebo_ws/src/scv_robot_gazebo/install/scv_robot_gazebo/share/velodyne_description/urdf/VLP-16.urdf.xacro
[0.134s] -- Up-to-date: /home/d2-521-30/hunter_gazebo_ws/src/scv_robot_gazebo/install/scv_robot_gazebo/share/velodyne_description/urdf/VLP-32C.urdf.xacro
[0.134s] -- Up-to-date: /home/d2-521-30/hunter_gazebo_ws/src/scv_robot_gazebo/install/scv_robot_gazebo/share/velodyne_description/urdf/example.urdf.xacro
[0.134s] -- Up-to-date: /home/d2-521-30/hunter_gazebo_ws/src/scv_robot_gazebo/install/scv_robot_gazebo/share/velodyne_description/world
[0.134s] -- Up-to-date: /home/d2-521-30/hunter_gazebo_ws/src/scv_robot_gazebo/install/scv_robot_gazebo/share/velodyne_description/world/example.world
[0.134s] -- Up-to-date: /home/d2-521-30/hunter_gazebo_ws/src/scv_robot_gazebo/install/scv_robot_gazebo/share/velodyne_gazebo_plugins/environment/library_path.sh
[0.134s] -- Up-to-date: /home/d2-521-30/hunter_gazebo_ws/src/scv_robot_gazebo/install/scv_robot_gazebo/share/velodyne_gazebo_plugins/environment/library_path.dsv
[0.134s] -- Up-to-date: /home/d2-521-30/hunter_gazebo_ws/src/scv_robot_gazebo/install/scv_robot_gazebo/share/ament_index/resource_index/package_run_dependencies/velodyne_gazebo_plugins
[0.135s] -- Up-to-date: /home/d2-521-30/hunter_gazebo_ws/src/scv_robot_gazebo/install/scv_robot_gazebo/share/ament_index/resource_index/parent_prefix_path/velodyne_gazebo_plugins
[0.135s] -- Up-to-date: /home/d2-521-30/hunter_gazebo_ws/src/scv_robot_gazebo/install/scv_robot_gazebo/share/velodyne_gazebo_plugins/environment/ament_prefix_path.sh
[0.135s] -- Up-to-date: /home/d2-521-30/hunter_gazebo_ws/src/scv_robot_gazebo/install/scv_robot_gazebo/share/velodyne_gazebo_plugins/environment/ament_prefix_path.dsv
[0.135s] -- Up-to-date: /home/d2-521-30/hunter_gazebo_ws/src/scv_robot_gazebo/install/scv_robot_gazebo/share/velodyne_gazebo_plugins/environment/path.sh
[0.135s] -- Up-to-date: /home/d2-521-30/hunter_gazebo_ws/src/scv_robot_gazebo/install/scv_robot_gazebo/share/velodyne_gazebo_plugins/environment/path.dsv
[0.135s] -- Up-to-date: /home/d2-521-30/hunter_gazebo_ws/src/scv_robot_gazebo/install/scv_robot_gazebo/share/velodyne_gazebo_plugins/local_setup.bash
[0.135s] -- Up-to-date: /home/d2-521-30/hunter_gazebo_ws/src/scv_robot_gazebo/install/scv_robot_gazebo/share/velodyne_gazebo_plugins/local_setup.sh
[0.135s] -- Up-to-date: /home/d2-521-30/hunter_gazebo_ws/src/scv_robot_gazebo/install/scv_robot_gazebo/share/velodyne_gazebo_plugins/local_setup.zsh
[0.135s] -- Up-to-date: /home/d2-521-30/hunter_gazebo_ws/src/scv_robot_gazebo/install/scv_robot_gazebo/share/velodyne_gazebo_plugins/local_setup.dsv
[0.136s] -- Up-to-date: /home/d2-521-30/hunter_gazebo_ws/src/scv_robot_gazebo/install/scv_robot_gazebo/share/velodyne_gazebo_plugins/package.dsv
[0.136s] -- Up-to-date: /home/d2-521-30/hunter_gazebo_ws/src/scv_robot_gazebo/install/scv_robot_gazebo/share/ament_index/resource_index/packages/velodyne_gazebo_plugins
[0.136s] -- Up-to-date: /home/d2-521-30/hunter_gazebo_ws/src/scv_robot_gazebo/install/scv_robot_gazebo/share/velodyne_gazebo_plugins/cmake/ament_cmake_export_libraries-extras.cmake
[0.136s] -- Up-to-date: /home/d2-521-30/hunter_gazebo_ws/src/scv_robot_gazebo/install/scv_robot_gazebo/share/velodyne_gazebo_plugins/cmake/ament_cmake_export_include_directories-extras.cmake
[0.136s] -- Up-to-date: /home/d2-521-30/hunter_gazebo_ws/src/scv_robot_gazebo/install/scv_robot_gazebo/share/velodyne_gazebo_plugins/cmake/ament_cmake_export_dependencies-extras.cmake
[0.136s] -- Up-to-date: /home/d2-521-30/hunter_gazebo_ws/src/scv_robot_gazebo/install/scv_robot_gazebo/share/velodyne_gazebo_plugins/cmake/velodyne_gazebo_pluginsConfig.cmake
[0.136s] -- Up-to-date: /home/d2-521-30/hunter_gazebo_ws/src/scv_robot_gazebo/install/scv_robot_gazebo/share/velodyne_gazebo_plugins/cmake/velodyne_gazebo_pluginsConfig-version.cmake
[0.136s] -- Up-to-date: /home/d2-521-30/hunter_gazebo_ws/src/scv_robot_gazebo/install/scv_robot_gazebo/share/velodyne_gazebo_plugins/package.xml
[0.136s] -- Up-to-date: /home/d2-521-30/hunter_gazebo_ws/src/scv_robot_gazebo/install/scv_robot_gazebo/include
[0.136s] -- Up-to-date: /home/d2-521-30/hunter_gazebo_ws/src/scv_robot_gazebo/install/scv_robot_gazebo/include/velodyne_gazebo_plugins
[0.136s] -- Up-to-date: /home/d2-521-30/hunter_gazebo_ws/src/scv_robot_gazebo/install/scv_robot_gazebo/include/velodyne_gazebo_plugins/GazeboRosVelodyneLaser.h
[0.137s] -- Up-to-date: /home/d2-521-30/hunter_gazebo_ws/src/scv_robot_gazebo/install/scv_robot_gazebo/lib/libgazebo_ros_velodyne_laser.so
[0.137s] Invoked command in '/home/d2-521-30/hunter_gazebo_ws/src/scv_robot_gazebo/build/scv_robot_gazebo' returned '0': CMAKE_PREFIX_PATH=/opt/ros/humble /usr/bin/cmake --install /home/d2-521-30/hunter_gazebo_ws/src/scv_robot_gazebo/build/scv_robot_gazebo
