[0.075s] DEBUG:colcon:Command line arguments: ['/usr/bin/colcon', 'build']
[0.075s] DEBUG:colcon:Parsed command line arguments: Namespace(log_base=None, log_level=None, verb_name='build', build_base='build', install_base='install', merge_install=False, symlink_install=False, test_result_base=None, continue_on_error=False, executor='parallel', parallel_workers=16, event_handlers=None, ignore_user_meta=False, metas=['./colcon.meta'], base_paths=['.'], packages_ignore=None, packages_ignore_regex=None, paths=None, packages_up_to=None, packages_up_to_regex=None, packages_above=None, packages_above_and_dependencies=None, packages_above_depth=None, packages_select_by_dep=None, packages_skip_by_dep=None, packages_skip_up_to=None, packages_select_build_failed=False, packages_skip_build_finished=False, packages_select_test_failures=False, packages_skip_test_passed=False, packages_select=None, packages_skip=None, packages_select_regex=None, packages_skip_regex=None, packages_start=None, packages_end=None, allow_overriding=[], cmake_args=None, cmake_target=None, cmake_target_skip_unavailable=False, cmake_clean_cache=False, cmake_clean_first=False, cmake_force_configure=False, ament_cmake_args=None, catkin_cmake_args=None, catkin_skip_building_tests=False, verb_parser=<colcon_defaults.argument_parser.defaults.DefaultArgumentsDecorator object at 0x76ce23ee3af0>, verb_extension=<colcon_core.verb.build.BuildVerb object at 0x76ce24064fd0>, main=<bound method BuildVerb.main of <colcon_core.verb.build.BuildVerb object at 0x76ce24064fd0>>)
[0.197s] Level 1:colcon.colcon_core.package_discovery:discover_packages(colcon_meta) check parameters
[0.198s] Level 1:colcon.colcon_core.package_discovery:discover_packages(recursive) check parameters
[0.198s] Level 1:colcon.colcon_core.package_discovery:discover_packages(ignore) check parameters
[0.198s] Level 1:colcon.colcon_core.package_discovery:discover_packages(path) check parameters
[0.198s] Level 1:colcon.colcon_core.package_discovery:discover_packages(colcon_meta) discover
[0.198s] Level 1:colcon.colcon_core.package_discovery:discover_packages(recursive) discover
[0.198s] INFO:colcon.colcon_core.package_discovery:Crawling recursively for packages in '/home/d2-521-30/hunter_gazebo_ws/src/scv_robot_gazebo'
[0.198s] Level 1:colcon.colcon_core.package_identification:_identify(.) by extensions ['ignore', 'ignore_ament_install']
[0.198s] Level 1:colcon.colcon_core.package_identification:_identify(.) by extension 'ignore'
[0.198s] Level 1:colcon.colcon_core.package_identification:_identify(.) by extension 'ignore_ament_install'
[0.198s] Level 1:colcon.colcon_core.package_identification:_identify(.) by extensions ['colcon_pkg']
[0.198s] Level 1:colcon.colcon_core.package_identification:_identify(.) by extension 'colcon_pkg'
[0.198s] Level 1:colcon.colcon_core.package_identification:_identify(.) by extensions ['colcon_meta']
[0.198s] Level 1:colcon.colcon_core.package_identification:_identify(.) by extension 'colcon_meta'
[0.198s] Level 1:colcon.colcon_core.package_identification:_identify(.) by extensions ['ros']
[0.198s] Level 1:colcon.colcon_core.package_identification:_identify(.) by extension 'ros'
[0.208s] DEBUG:colcon.colcon_core.package_identification:Package '.' with type 'ros.ament_cmake' and name 'scv_robot_gazebo'
[0.208s] Level 1:colcon.colcon_core.package_discovery:discover_packages(recursive) using defaults
[0.208s] Level 1:colcon.colcon_core.package_discovery:discover_packages(ignore) discover
[0.208s] Level 1:colcon.colcon_core.package_discovery:discover_packages(ignore) using defaults
[0.208s] Level 1:colcon.colcon_core.package_discovery:discover_packages(path) discover
[0.208s] Level 1:colcon.colcon_core.package_discovery:discover_packages(path) using defaults
[0.222s] Level 1:colcon.colcon_core.package_discovery:discover_packages(prefix_path) check parameters
[0.222s] Level 1:colcon.colcon_core.package_discovery:discover_packages(prefix_path) discover
[0.224s] DEBUG:colcon.colcon_installed_package_information.package_discovery:Found 337 installed packages in /opt/ros/humble
[0.232s] Level 1:colcon.colcon_core.package_discovery:discover_packages(prefix_path) using defaults
[0.264s] Level 5:colcon.colcon_core.verb:set package 'scv_robot_gazebo' build argument 'cmake_args' from command line to 'None'
[0.264s] Level 5:colcon.colcon_core.verb:set package 'scv_robot_gazebo' build argument 'cmake_target' from command line to 'None'
[0.264s] Level 5:colcon.colcon_core.verb:set package 'scv_robot_gazebo' build argument 'cmake_target_skip_unavailable' from command line to 'False'
[0.264s] Level 5:colcon.colcon_core.verb:set package 'scv_robot_gazebo' build argument 'cmake_clean_cache' from command line to 'False'
[0.264s] Level 5:colcon.colcon_core.verb:set package 'scv_robot_gazebo' build argument 'cmake_clean_first' from command line to 'False'
[0.264s] Level 5:colcon.colcon_core.verb:set package 'scv_robot_gazebo' build argument 'cmake_force_configure' from command line to 'False'
[0.264s] Level 5:colcon.colcon_core.verb:set package 'scv_robot_gazebo' build argument 'ament_cmake_args' from command line to 'None'
[0.264s] Level 5:colcon.colcon_core.verb:set package 'scv_robot_gazebo' build argument 'catkin_cmake_args' from command line to 'None'
[0.264s] Level 5:colcon.colcon_core.verb:set package 'scv_robot_gazebo' build argument 'catkin_skip_building_tests' from command line to 'False'
[0.264s] DEBUG:colcon.colcon_core.verb:Building package 'scv_robot_gazebo' with the following arguments: {'ament_cmake_args': None, 'build_base': '/home/d2-521-30/hunter_gazebo_ws/src/scv_robot_gazebo/build/scv_robot_gazebo', 'catkin_cmake_args': None, 'catkin_skip_building_tests': False, 'cmake_args': None, 'cmake_clean_cache': False, 'cmake_clean_first': False, 'cmake_force_configure': False, 'cmake_target': None, 'cmake_target_skip_unavailable': False, 'install_base': '/home/d2-521-30/hunter_gazebo_ws/src/scv_robot_gazebo/install/scv_robot_gazebo', 'merge_install': False, 'path': '/home/d2-521-30/hunter_gazebo_ws/src/scv_robot_gazebo', 'symlink_install': False, 'test_result_base': None}
[0.264s] INFO:colcon.colcon_core.executor:Executing jobs using 'parallel' executor
[0.265s] DEBUG:colcon.colcon_parallel_executor.executor.parallel:run_until_complete
[0.265s] INFO:colcon.colcon_ros.task.ament_cmake.build:Building ROS package in '/home/d2-521-30/hunter_gazebo_ws/src/scv_robot_gazebo' with build type 'ament_cmake'
[0.265s] INFO:colcon.colcon_cmake.task.cmake.build:Building CMake package in '/home/d2-521-30/hunter_gazebo_ws/src/scv_robot_gazebo'
[0.267s] INFO:colcon.colcon_core.plugin_system:Skipping extension 'colcon_core.shell.bat': Not used on non-Windows systems
[0.267s] INFO:colcon.colcon_core.shell:Skip shell extension 'powershell' for command environment: Not usable outside of PowerShell
[0.267s] DEBUG:colcon.colcon_core.shell:Skip shell extension 'dsv' for command environment
[0.274s] DEBUG:colcon.colcon_core.event_handler.log_command:Invoking command in '/home/d2-521-30/hunter_gazebo_ws/src/scv_robot_gazebo/build/scv_robot_gazebo': CMAKE_PREFIX_PATH=/opt/ros/humble /usr/bin/cmake --build /home/d2-521-30/hunter_gazebo_ws/src/scv_robot_gazebo/build/scv_robot_gazebo -- -j16 -l16
[0.360s] DEBUG:colcon.colcon_core.event_handler.log_command:Invoked command in '/home/d2-521-30/hunter_gazebo_ws/src/scv_robot_gazebo/build/scv_robot_gazebo' returned '0': CMAKE_PREFIX_PATH=/opt/ros/humble /usr/bin/cmake --build /home/d2-521-30/hunter_gazebo_ws/src/scv_robot_gazebo/build/scv_robot_gazebo -- -j16 -l16
[0.369s] DEBUG:colcon.colcon_core.event_handler.log_command:Invoking command in '/home/d2-521-30/hunter_gazebo_ws/src/scv_robot_gazebo/build/scv_robot_gazebo': CMAKE_PREFIX_PATH=/opt/ros/humble /usr/bin/cmake --install /home/d2-521-30/hunter_gazebo_ws/src/scv_robot_gazebo/build/scv_robot_gazebo
[0.385s] Level 1:colcon.colcon_core.environment:create_environment_scripts_only(scv_robot_gazebo)
[0.397s] Level 1:colcon.colcon_core.environment:checking '/home/d2-521-30/hunter_gazebo_ws/src/scv_robot_gazebo/install/scv_robot_gazebo' for CMake module files
[0.399s] Level 1:colcon.colcon_core.environment:checking '/home/d2-521-30/hunter_gazebo_ws/src/scv_robot_gazebo/install/scv_robot_gazebo' for CMake config files
[0.402s] DEBUG:colcon.colcon_core.event_handler.log_command:Invoked command in '/home/d2-521-30/hunter_gazebo_ws/src/scv_robot_gazebo/build/scv_robot_gazebo' returned '0': CMAKE_PREFIX_PATH=/opt/ros/humble /usr/bin/cmake --install /home/d2-521-30/hunter_gazebo_ws/src/scv_robot_gazebo/build/scv_robot_gazebo
[0.404s] Level 1:colcon.colcon_core.shell:create_environment_hook('scv_robot_gazebo', 'cmake_prefix_path')
[0.404s] INFO:colcon.colcon_core.shell:Creating environment hook '/home/d2-521-30/hunter_gazebo_ws/src/scv_robot_gazebo/install/scv_robot_gazebo/share/scv_robot_gazebo/hook/cmake_prefix_path.ps1'
[0.405s] INFO:colcon.colcon_core.shell:Creating environment descriptor '/home/d2-521-30/hunter_gazebo_ws/src/scv_robot_gazebo/install/scv_robot_gazebo/share/scv_robot_gazebo/hook/cmake_prefix_path.dsv'
[0.405s] INFO:colcon.colcon_core.shell:Creating environment hook '/home/d2-521-30/hunter_gazebo_ws/src/scv_robot_gazebo/install/scv_robot_gazebo/share/scv_robot_gazebo/hook/cmake_prefix_path.sh'
[0.407s] Level 1:colcon.colcon_core.environment:checking '/home/d2-521-30/hunter_gazebo_ws/src/scv_robot_gazebo/install/scv_robot_gazebo/lib'
[0.407s] Level 1:colcon.colcon_core.shell:create_environment_hook('scv_robot_gazebo', 'ld_library_path_lib')
[0.407s] INFO:colcon.colcon_core.shell:Creating environment hook '/home/d2-521-30/hunter_gazebo_ws/src/scv_robot_gazebo/install/scv_robot_gazebo/share/scv_robot_gazebo/hook/ld_library_path_lib.ps1'
[0.408s] INFO:colcon.colcon_core.shell:Creating environment descriptor '/home/d2-521-30/hunter_gazebo_ws/src/scv_robot_gazebo/install/scv_robot_gazebo/share/scv_robot_gazebo/hook/ld_library_path_lib.dsv'
[0.408s] INFO:colcon.colcon_core.shell:Creating environment hook '/home/d2-521-30/hunter_gazebo_ws/src/scv_robot_gazebo/install/scv_robot_gazebo/share/scv_robot_gazebo/hook/ld_library_path_lib.sh'
[0.409s] Level 1:colcon.colcon_core.environment:checking '/home/d2-521-30/hunter_gazebo_ws/src/scv_robot_gazebo/install/scv_robot_gazebo/bin'
[0.409s] Level 1:colcon.colcon_core.environment:checking '/home/d2-521-30/hunter_gazebo_ws/src/scv_robot_gazebo/install/scv_robot_gazebo/lib/pkgconfig/scv_robot_gazebo.pc'
[0.409s] Level 1:colcon.colcon_core.environment:checking '/home/d2-521-30/hunter_gazebo_ws/src/scv_robot_gazebo/install/scv_robot_gazebo/lib/python3.10/site-packages'
[0.409s] Level 1:colcon.colcon_core.environment:checking '/home/d2-521-30/hunter_gazebo_ws/src/scv_robot_gazebo/install/scv_robot_gazebo/bin'
[0.410s] INFO:colcon.colcon_core.shell:Creating package script '/home/d2-521-30/hunter_gazebo_ws/src/scv_robot_gazebo/install/scv_robot_gazebo/share/scv_robot_gazebo/package.ps1'
[0.411s] INFO:colcon.colcon_core.shell:Creating package descriptor '/home/d2-521-30/hunter_gazebo_ws/src/scv_robot_gazebo/install/scv_robot_gazebo/share/scv_robot_gazebo/package.dsv'
[0.411s] INFO:colcon.colcon_core.shell:Creating package script '/home/d2-521-30/hunter_gazebo_ws/src/scv_robot_gazebo/install/scv_robot_gazebo/share/scv_robot_gazebo/package.sh'
[0.412s] INFO:colcon.colcon_core.shell:Creating package script '/home/d2-521-30/hunter_gazebo_ws/src/scv_robot_gazebo/install/scv_robot_gazebo/share/scv_robot_gazebo/package.bash'
[0.413s] INFO:colcon.colcon_core.shell:Creating package script '/home/d2-521-30/hunter_gazebo_ws/src/scv_robot_gazebo/install/scv_robot_gazebo/share/scv_robot_gazebo/package.zsh'
[0.414s] Level 1:colcon.colcon_core.environment:create_file_with_runtime_dependencies(/home/d2-521-30/hunter_gazebo_ws/src/scv_robot_gazebo/install/scv_robot_gazebo/share/colcon-core/packages/scv_robot_gazebo)
[0.415s] Level 1:colcon.colcon_core.environment:create_environment_scripts_only(scv_robot_gazebo)
[0.415s] Level 1:colcon.colcon_core.environment:checking '/home/d2-521-30/hunter_gazebo_ws/src/scv_robot_gazebo/install/scv_robot_gazebo' for CMake module files
[0.416s] Level 1:colcon.colcon_core.environment:checking '/home/d2-521-30/hunter_gazebo_ws/src/scv_robot_gazebo/install/scv_robot_gazebo' for CMake config files
[0.417s] Level 1:colcon.colcon_core.shell:create_environment_hook('scv_robot_gazebo', 'cmake_prefix_path')
[0.418s] INFO:colcon.colcon_core.shell:Creating environment hook '/home/d2-521-30/hunter_gazebo_ws/src/scv_robot_gazebo/install/scv_robot_gazebo/share/scv_robot_gazebo/hook/cmake_prefix_path.ps1'
[0.418s] INFO:colcon.colcon_core.shell:Creating environment descriptor '/home/d2-521-30/hunter_gazebo_ws/src/scv_robot_gazebo/install/scv_robot_gazebo/share/scv_robot_gazebo/hook/cmake_prefix_path.dsv'
[0.419s] INFO:colcon.colcon_core.shell:Creating environment hook '/home/d2-521-30/hunter_gazebo_ws/src/scv_robot_gazebo/install/scv_robot_gazebo/share/scv_robot_gazebo/hook/cmake_prefix_path.sh'
[0.419s] Level 1:colcon.colcon_core.environment:checking '/home/d2-521-30/hunter_gazebo_ws/src/scv_robot_gazebo/install/scv_robot_gazebo/lib'
[0.419s] Level 1:colcon.colcon_core.shell:create_environment_hook('scv_robot_gazebo', 'ld_library_path_lib')
[0.420s] INFO:colcon.colcon_core.shell:Creating environment hook '/home/d2-521-30/hunter_gazebo_ws/src/scv_robot_gazebo/install/scv_robot_gazebo/share/scv_robot_gazebo/hook/ld_library_path_lib.ps1'
[0.420s] INFO:colcon.colcon_core.shell:Creating environment descriptor '/home/d2-521-30/hunter_gazebo_ws/src/scv_robot_gazebo/install/scv_robot_gazebo/share/scv_robot_gazebo/hook/ld_library_path_lib.dsv'
[0.421s] INFO:colcon.colcon_core.shell:Creating environment hook '/home/d2-521-30/hunter_gazebo_ws/src/scv_robot_gazebo/install/scv_robot_gazebo/share/scv_robot_gazebo/hook/ld_library_path_lib.sh'
[0.421s] Level 1:colcon.colcon_core.environment:checking '/home/d2-521-30/hunter_gazebo_ws/src/scv_robot_gazebo/install/scv_robot_gazebo/bin'
[0.421s] Level 1:colcon.colcon_core.environment:checking '/home/d2-521-30/hunter_gazebo_ws/src/scv_robot_gazebo/install/scv_robot_gazebo/lib/pkgconfig/scv_robot_gazebo.pc'
[0.422s] Level 1:colcon.colcon_core.environment:checking '/home/d2-521-30/hunter_gazebo_ws/src/scv_robot_gazebo/install/scv_robot_gazebo/lib/python3.10/site-packages'
[0.422s] Level 1:colcon.colcon_core.environment:checking '/home/d2-521-30/hunter_gazebo_ws/src/scv_robot_gazebo/install/scv_robot_gazebo/bin'
[0.422s] INFO:colcon.colcon_core.shell:Creating package script '/home/d2-521-30/hunter_gazebo_ws/src/scv_robot_gazebo/install/scv_robot_gazebo/share/scv_robot_gazebo/package.ps1'
[0.423s] INFO:colcon.colcon_core.shell:Creating package descriptor '/home/d2-521-30/hunter_gazebo_ws/src/scv_robot_gazebo/install/scv_robot_gazebo/share/scv_robot_gazebo/package.dsv'
[0.424s] INFO:colcon.colcon_core.shell:Creating package script '/home/d2-521-30/hunter_gazebo_ws/src/scv_robot_gazebo/install/scv_robot_gazebo/share/scv_robot_gazebo/package.sh'
[0.425s] INFO:colcon.colcon_core.shell:Creating package script '/home/d2-521-30/hunter_gazebo_ws/src/scv_robot_gazebo/install/scv_robot_gazebo/share/scv_robot_gazebo/package.bash'
[0.425s] INFO:colcon.colcon_core.shell:Creating package script '/home/d2-521-30/hunter_gazebo_ws/src/scv_robot_gazebo/install/scv_robot_gazebo/share/scv_robot_gazebo/package.zsh'
[0.426s] Level 1:colcon.colcon_core.environment:create_file_with_runtime_dependencies(/home/d2-521-30/hunter_gazebo_ws/src/scv_robot_gazebo/install/scv_robot_gazebo/share/colcon-core/packages/scv_robot_gazebo)
[0.426s] DEBUG:colcon.colcon_parallel_executor.executor.parallel:closing loop
[0.427s] DEBUG:colcon.colcon_parallel_executor.executor.parallel:loop closed
[0.427s] DEBUG:colcon.colcon_parallel_executor.executor.parallel:run_until_complete finished with '0'
[0.427s] DEBUG:colcon.colcon_core.event_reactor:joining thread
[0.434s] INFO:colcon.colcon_core.plugin_system:Skipping extension 'colcon_notification.desktop_notification.terminal_notifier': Not used on non-Darwin systems
[0.434s] INFO:colcon.colcon_core.plugin_system:Skipping extension 'colcon_notification.desktop_notification.win32': Not used on non-Windows systems
[0.434s] INFO:colcon.colcon_notification.desktop_notification:Sending desktop notification using 'notify2'
[0.449s] DEBUG:colcon.colcon_core.event_reactor:joined thread
[0.449s] INFO:colcon.colcon_core.shell:Creating prefix script '/home/d2-521-30/hunter_gazebo_ws/src/scv_robot_gazebo/install/local_setup.ps1'
[0.450s] INFO:colcon.colcon_core.shell:Creating prefix util module '/home/d2-521-30/hunter_gazebo_ws/src/scv_robot_gazebo/install/_local_setup_util_ps1.py'
[0.452s] INFO:colcon.colcon_core.shell:Creating prefix chain script '/home/d2-521-30/hunter_gazebo_ws/src/scv_robot_gazebo/install/setup.ps1'
[0.453s] INFO:colcon.colcon_core.shell:Creating prefix script '/home/d2-521-30/hunter_gazebo_ws/src/scv_robot_gazebo/install/local_setup.sh'
[0.454s] INFO:colcon.colcon_core.shell:Creating prefix util module '/home/d2-521-30/hunter_gazebo_ws/src/scv_robot_gazebo/install/_local_setup_util_sh.py'
[0.455s] INFO:colcon.colcon_core.shell:Creating prefix chain script '/home/d2-521-30/hunter_gazebo_ws/src/scv_robot_gazebo/install/setup.sh'
[0.456s] INFO:colcon.colcon_core.shell:Creating prefix script '/home/d2-521-30/hunter_gazebo_ws/src/scv_robot_gazebo/install/local_setup.bash'
[0.457s] INFO:colcon.colcon_core.shell:Creating prefix chain script '/home/d2-521-30/hunter_gazebo_ws/src/scv_robot_gazebo/install/setup.bash'
[0.458s] INFO:colcon.colcon_core.shell:Creating prefix script '/home/d2-521-30/hunter_gazebo_ws/src/scv_robot_gazebo/install/local_setup.zsh'
[0.459s] INFO:colcon.colcon_core.shell:Creating prefix chain script '/home/d2-521-30/hunter_gazebo_ws/src/scv_robot_gazebo/install/setup.zsh'
