-- The C compiler identification is GNU 11.4.0
-- The CXX compiler identification is GNU 11.4.0
-- Detecting C compiler ABI info
-- Detecting C compiler ABI info - done
-- Check for working C compiler: /usr/bin/cc - skipped
-- Detecting C compile features
-- Detecting C compile features - done
-- Detecting CXX compiler ABI info
-- Detecting CXX compiler ABI info - done
-- Check for working CXX compiler: /usr/bin/c++ - skipped
-- Detecting CXX compile features
-- Detecting CXX compile features - done
-- Found ament_cmake: 1.3.11 (/opt/ros/humble/share/ament_cmake/cmake)
-- Found Python3: /usr/bin/python3 (found version "3.10.12") found components: Interpreter 
-- Found gazebo_dev: 3.9.0 (/opt/ros/humble/share/gazebo_dev/cmake)
-- Found PkgConfig: /usr/bin/pkg-config (found version "0.29.2") 
-- Checking for module 'bullet>=2.82'
--   Found bullet, version 3.05
-- Found fcl: /usr/include (found suitable version "0.7.0", minimum required is "0.5.0") 
-- Found assimp: /usr/include (found version "5.2.0") 
-- Found DART: /usr/include (Required is at least version "6.6") found components: dart 
-- Found Boost: /usr/lib/x86_64-linux-gnu/cmake/Boost-1.74.0/BoostConfig.cmake (found suitable version "1.74.0", minimum required is "1.40.0") found components: thread system filesystem program_options regex iostreams date_time 
-- Found Protobuf: /usr/lib/x86_64-linux-gnu/libprotobuf.so (found version "3.12.4") 
-- Looking for ignition-math6 -- found version 6.15.1
-- Searching for dependencies of ignition-math6
-- Looking for OGRE...
-- OGRE_PREFIX_WATCH changed.
-- Checking for module 'OGRE'
--   Found OGRE, version 1.9.0
-- Found Ogre Ghadamon (1.9.0)
-- Found OGRE: optimized;/usr/lib/x86_64-linux-gnu/libOgreMain.so;debug;/usr/lib/x86_64-linux-gnu/libOgreMain.so
-- Looking for OGRE_Paging...
-- Found OGRE_Paging: optimized;/usr/lib/x86_64-linux-gnu/libOgrePaging.so;debug;/usr/lib/x86_64-linux-gnu/libOgrePaging.so
-- Looking for OGRE_Terrain...
-- Found OGRE_Terrain: optimized;/usr/lib/x86_64-linux-gnu/libOgreTerrain.so;debug;/usr/lib/x86_64-linux-gnu/libOgreTerrain.so
-- Looking for OGRE_Property...
-- Found OGRE_Property: optimized;/usr/lib/x86_64-linux-gnu/libOgreProperty.so;debug;/usr/lib/x86_64-linux-gnu/libOgreProperty.so
-- Looking for OGRE_RTShaderSystem...
-- Found OGRE_RTShaderSystem: optimized;/usr/lib/x86_64-linux-gnu/libOgreRTShaderSystem.so;debug;/usr/lib/x86_64-linux-gnu/libOgreRTShaderSystem.so
-- Looking for OGRE_Volume...
-- Found OGRE_Volume: optimized;/usr/lib/x86_64-linux-gnu/libOgreVolume.so;debug;/usr/lib/x86_64-linux-gnu/libOgreVolume.so
-- Looking for OGRE_Overlay...
-- Found OGRE_Overlay: optimized;/usr/lib/x86_64-linux-gnu/libOgreOverlay.so;debug;/usr/lib/x86_64-linux-gnu/libOgreOverlay.so
-- Looking for ignition-math6 -- found version 6.15.1
-- Looking for ignition-transport8 -- found version 8.2.1
-- Searching for dependencies of ignition-transport8
-- Found Protobuf: /usr/lib/x86_64-linux-gnu/libprotobuf.so (found suitable version "3.12.4", minimum required is "3") 
-- Config-file not installed for ZeroMQ -- checking for pkg-config
-- Checking for module 'libzmq >= 4'
--   Found libzmq , version 4.3.4
-- Found ZeroMQ: TRUE (Required is at least version "4") 
-- Checking for module 'uuid'
--   Found uuid, version 2.37.2
-- Found UUID: TRUE  
-- Looking for ignition-msgs5 -- found version 5.8.1
-- Searching for dependencies of ignition-msgs5
-- Looking for ignition-math6 -- found version 6.15.1
-- Checking for module 'tinyxml2'
--   Found tinyxml2, version 9.0.0
-- Looking for ignition-msgs5 -- found version 5.8.1
-- Looking for ignition-common3 -- found version 3.14.0
-- Searching for dependencies of ignition-common3
-- Looking for dlfcn.h - found
-- Looking for libdl - found
-- Found DL: TRUE  
-- Found tinyobjloader: /usr/lib/x86_64-linux-gnu/cmake/tinyobjloader/tinyobjloader-config.cmake (found version "2.0.0") 
-- Searching for <ignition-common3> component [graphics]
-- Looking for ignition-common3-graphics -- found version 3.14.0
-- Searching for dependencies of ignition-common3-graphics
-- Looking for ignition-math6 -- found version 6.15.1
-- Looking for ignition-fuel_tools4 -- found version 4.4.0
-- Searching for dependencies of ignition-fuel_tools4
-- Found CURL: /usr/lib/x86_64-linux-gnu/libcurl.so (found version "7.81.0")  
-- Checking for module 'jsoncpp'
--   Found jsoncpp, version 1.9.5
-- Found JSONCPP: TRUE  
-- Checking for module 'libzip'
--   Found libzip, version 1.7.3
-- Found ZIP: TRUE  
-- Looking for ignition-common3 -- found version 3.14.0
-- Looking for ignition-math6 -- found version 6.15.1
-- Looking for ignition-msgs5 -- found version 5.8.1
-- Gazebo version: 11.10
-- Checking for module 'tbb'
--   Found tbb, version 2021.5.0
-- Found gazebo_ros: 3.9.0 (/opt/ros/humble/share/gazebo_ros/cmake)
-- Found rosidl_generator_c: 3.1.6 (/opt/ros/humble/share/rosidl_generator_c/cmake)
-- Found rosidl_adapter: 3.1.6 (/opt/ros/humble/share/rosidl_adapter/cmake)
-- Found rosidl_generator_cpp: 3.1.6 (/opt/ros/humble/share/rosidl_generator_cpp/cmake)
-- Using all available rosidl_typesupport_c: rosidl_typesupport_fastrtps_c;rosidl_typesupport_introspection_c
-- Using all available rosidl_typesupport_cpp: rosidl_typesupport_fastrtps_cpp;rosidl_typesupport_introspection_cpp
-- Found rmw_implementation_cmake: 6.1.2 (/opt/ros/humble/share/rmw_implementation_cmake/cmake)
-- Found rmw_fastrtps_cpp: 6.2.7 (/opt/ros/humble/share/rmw_fastrtps_cpp/cmake)
-- Found OpenSSL: /usr/lib/x86_64-linux-gnu/libcrypto.so (found version "3.0.2")  
-- Found FastRTPS: /opt/ros/humble/include  
-- Using RMW implementation 'rmw_fastrtps_cpp' as default
-- Found Threads: TRUE  
-- Found gazebo_msgs: 3.9.0 (/opt/ros/humble/share/gazebo_msgs/cmake)
-- Found sensor_msgs: 4.9.0 (/opt/ros/humble/share/sensor_msgs/cmake)
-- Found tf2: 0.25.13 (/opt/ros/humble/share/tf2/cmake)
-- Found ament_lint_auto: 0.12.12 (/opt/ros/humble/share/ament_lint_auto/cmake)
-- Configuring done
-- Generating done
-- Build files have been written to: /home/d2-521-30/hunter_gazebo_ws/src/scv_robot_gazebo/build/scv_robot_gazebo
[ 50%] Building CXX object sensors/velodyne_simulator/velodyne_gazebo_plugins/CMakeFiles/gazebo_ros_velodyne_laser.dir/src/GazeboRosVelodyneLaser.cpp.o
In file included from /opt/ros/humble/include/rclcpp/rclcpp/logging.hpp:24,
                 from /opt/ros/humble/include/rclcpp/rclcpp/client.hpp:40,
                 from /opt/ros/humble/include/rclcpp/rclcpp/callback_group.hpp:24,
                 from /opt/ros/humble/include/rclcpp/rclcpp/any_executable.hpp:20,
                 from /opt/ros/humble/include/rclcpp/rclcpp/memory_strategy.hpp:25,
                 from /opt/ros/humble/include/rclcpp/rclcpp/memory_strategies.hpp:18,
                 from /opt/ros/humble/include/rclcpp/rclcpp/executor_options.hpp:20,
                 from /opt/ros/humble/include/rclcpp/rclcpp/executor.hpp:37,
                 from /opt/ros/humble/include/rclcpp/rclcpp/executors/multi_threaded_executor.hpp:25,
                 from /opt/ros/humble/include/rclcpp/rclcpp/executors.hpp:21,
                 from /opt/ros/humble/include/rclcpp/rclcpp/rclcpp.hpp:155,
                 from /opt/ros/humble/include/gazebo_ros/node.hpp:18,
                 from /home/d2-521-30/hunter_gazebo_ws/src/scv_robot_gazebo/sensors/velodyne_simulator/velodyne_gazebo_plugins/include/velodyne_gazebo_plugins/GazeboRosVelodyneLaser.h:53,
                 from /home/d2-521-30/hunter_gazebo_ws/src/scv_robot_gazebo/sensors/velodyne_simulator/velodyne_gazebo_plugins/src/GazeboRosVelodyneLaser.cpp:35:
/home/d2-521-30/hunter_gazebo_ws/src/scv_robot_gazebo/sensors/velodyne_simulator/velodyne_gazebo_plugins/src/GazeboRosVelodyneLaser.cpp: In member function ‘virtual void gazebo::GazeboRosVelodyneLaser::Load(gazebo::sensors::SensorPtr, sdf::v9::ElementPtr)’:
/home/d2-521-30/hunter_gazebo_ws/src/scv_robot_gazebo/sensors/velodyne_simulator/velodyne_gazebo_plugins/src/GazeboRosVelodyneLaser.cpp:295:40: warning: format ‘%s’ expects a matching ‘char*’ argument [-Wformat=]
  295 |   RCLCPP_INFO(ros_node_->get_logger(), "Velodyne %slaser plugin ready");
      |                                        ^~~~~~~~~~~~~~~~~~~~~~~~~~~~~~~
/home/d2-521-30/hunter_gazebo_ws/src/scv_robot_gazebo/sensors/velodyne_simulator/velodyne_gazebo_plugins/src/GazeboRosVelodyneLaser.cpp:295:51: note: format string is defined here
  295 |   RCLCPP_INFO(ros_node_->get_logger(), "Velodyne %slaser plugin ready");
      |                                                  ~^
      |                                                   |
      |                                                   char*
[100%] Linking CXX shared library libgazebo_ros_velodyne_laser.so
[100%] Built target gazebo_ros_velodyne_laser
-- Install configuration: ""
-- Installing: /home/d2-521-30/hunter_gazebo_ws/src/scv_robot_gazebo/install/scv_robot_gazebo/share/scv_robot_gazebo//launch
-- Installing: /home/d2-521-30/hunter_gazebo_ws/src/scv_robot_gazebo/install/scv_robot_gazebo/share/scv_robot_gazebo//launch/hunter_test.launch.py
-- Installing: /home/d2-521-30/hunter_gazebo_ws/src/scv_robot_gazebo/install/scv_robot_gazebo/share/scv_robot_gazebo//urdf
-- Installing: /home/d2-521-30/hunter_gazebo_ws/src/scv_robot_gazebo/install/scv_robot_gazebo/share/scv_robot_gazebo//urdf/hunter_with_one_box.urdf.xacro
-- Installing: /home/d2-521-30/hunter_gazebo_ws/src/scv_robot_gazebo/install/scv_robot_gazebo/share/scv_robot_gazebo//urdf/velodyne_vlp32c.urdf.xacro
-- Installing: /home/d2-521-30/hunter_gazebo_ws/src/scv_robot_gazebo/install/scv_robot_gazebo/share/scv_robot_gazebo//meshes
-- Installing: /home/d2-521-30/hunter_gazebo_ws/src/scv_robot_gazebo/install/scv_robot_gazebo/share/scv_robot_gazebo//meshes/GNSS_antenna.stl
-- Installing: /home/d2-521-30/hunter_gazebo_ws/src/scv_robot_gazebo/install/scv_robot_gazebo/share/scv_robot_gazebo//meshes/front_steer_right_link.STL
-- Installing: /home/d2-521-30/hunter_gazebo_ws/src/scv_robot_gazebo/install/scv_robot_gazebo/share/scv_robot_gazebo//meshes/rear_wheel_link.STL
-- Installing: /home/d2-521-30/hunter_gazebo_ws/src/scv_robot_gazebo/install/scv_robot_gazebo/share/scv_robot_gazebo//meshes/right_rear_link.STL
-- Installing: /home/d2-521-30/hunter_gazebo_ws/src/scv_robot_gazebo/install/scv_robot_gazebo/share/scv_robot_gazebo//meshes/VLP-32C.stl
-- Installing: /home/d2-521-30/hunter_gazebo_ws/src/scv_robot_gazebo/install/scv_robot_gazebo/share/scv_robot_gazebo//meshes/front_box.dae
-- Installing: /home/d2-521-30/hunter_gazebo_ws/src/scv_robot_gazebo/install/scv_robot_gazebo/share/scv_robot_gazebo//meshes/left_rear_link.STL
-- Installing: /home/d2-521-30/hunter_gazebo_ws/src/scv_robot_gazebo/install/scv_robot_gazebo/share/scv_robot_gazebo//meshes/front_box.STL
-- Installing: /home/d2-521-30/hunter_gazebo_ws/src/scv_robot_gazebo/install/scv_robot_gazebo/share/scv_robot_gazebo//meshes/back_box.stl
-- Installing: /home/d2-521-30/hunter_gazebo_ws/src/scv_robot_gazebo/install/scv_robot_gazebo/share/scv_robot_gazebo//meshes/front_steer_link.STL
-- Installing: /home/d2-521-30/hunter_gazebo_ws/src/scv_robot_gazebo/install/scv_robot_gazebo/share/scv_robot_gazebo//meshes/front_steer_left_link.STL
-- Installing: /home/d2-521-30/hunter_gazebo_ws/src/scv_robot_gazebo/install/scv_robot_gazebo/share/scv_robot_gazebo//meshes/front_left_wheel_link.STL
-- Installing: /home/d2-521-30/hunter_gazebo_ws/src/scv_robot_gazebo/install/scv_robot_gazebo/share/scv_robot_gazebo//meshes/back_box.dae
-- Installing: /home/d2-521-30/hunter_gazebo_ws/src/scv_robot_gazebo/install/scv_robot_gazebo/share/scv_robot_gazebo//meshes/base_link.STL
-- Installing: /home/d2-521-30/hunter_gazebo_ws/src/scv_robot_gazebo/install/scv_robot_gazebo/share/scv_robot_gazebo//meshes/front_right_wheel_link.STL
-- Installing: /home/d2-521-30/hunter_gazebo_ws/src/scv_robot_gazebo/install/scv_robot_gazebo/share/scv_robot_gazebo//config
-- Installing: /home/d2-521-30/hunter_gazebo_ws/src/scv_robot_gazebo/install/scv_robot_gazebo/share/scv_robot_gazebo//robots
-- Installing: /home/d2-521-30/hunter_gazebo_ws/src/scv_robot_gazebo/install/scv_robot_gazebo/share/scv_robot_gazebo//robots/hunter_robot
-- Installing: /home/d2-521-30/hunter_gazebo_ws/src/scv_robot_gazebo/install/scv_robot_gazebo/share/scv_robot_gazebo//robots/hunter_robot/README.md
-- Installing: /home/d2-521-30/hunter_gazebo_ws/src/scv_robot_gazebo/install/scv_robot_gazebo/share/scv_robot_gazebo//robots/hunter_robot/LICENSE
-- Installing: /home/d2-521-30/hunter_gazebo_ws/src/scv_robot_gazebo/install/scv_robot_gazebo/share/scv_robot_gazebo//robots/hunter_robot/.git
-- Installing: /home/d2-521-30/hunter_gazebo_ws/src/scv_robot_gazebo/install/scv_robot_gazebo/share/scv_robot_gazebo//robots/hunter_robot/hunter_description
-- Installing: /home/d2-521-30/hunter_gazebo_ws/src/scv_robot_gazebo/install/scv_robot_gazebo/share/scv_robot_gazebo//robots/hunter_robot/hunter_description/CMakeLists.txt
-- Installing: /home/d2-521-30/hunter_gazebo_ws/src/scv_robot_gazebo/install/scv_robot_gazebo/share/scv_robot_gazebo//robots/hunter_robot/hunter_description/launch
-- Installing: /home/d2-521-30/hunter_gazebo_ws/src/scv_robot_gazebo/install/scv_robot_gazebo/share/scv_robot_gazebo//robots/hunter_robot/hunter_description/launch/robot_view.launch.py
-- Installing: /home/d2-521-30/hunter_gazebo_ws/src/scv_robot_gazebo/install/scv_robot_gazebo/share/scv_robot_gazebo//robots/hunter_robot/hunter_description/meshes
-- Installing: /home/d2-521-30/hunter_gazebo_ws/src/scv_robot_gazebo/install/scv_robot_gazebo/share/scv_robot_gazebo//robots/hunter_robot/hunter_description/meshes/front_left_wheel.dae
-- Installing: /home/d2-521-30/hunter_gazebo_ws/src/scv_robot_gazebo/install/scv_robot_gazebo/share/scv_robot_gazebo//robots/hunter_robot/hunter_description/meshes/rear_right_wheel.dae
-- Installing: /home/d2-521-30/hunter_gazebo_ws/src/scv_robot_gazebo/install/scv_robot_gazebo/share/scv_robot_gazebo//robots/hunter_robot/hunter_description/meshes/rear_left_wheel.dae
-- Installing: /home/d2-521-30/hunter_gazebo_ws/src/scv_robot_gazebo/install/scv_robot_gazebo/share/scv_robot_gazebo//robots/hunter_robot/hunter_description/meshes/chassis.dae
-- Installing: /home/d2-521-30/hunter_gazebo_ws/src/scv_robot_gazebo/install/scv_robot_gazebo/share/scv_robot_gazebo//robots/hunter_robot/hunter_description/meshes/front_right_wheel.dae
-- Installing: /home/d2-521-30/hunter_gazebo_ws/src/scv_robot_gazebo/install/scv_robot_gazebo/share/scv_robot_gazebo//robots/hunter_robot/hunter_description/config
-- Installing: /home/d2-521-30/hunter_gazebo_ws/src/scv_robot_gazebo/install/scv_robot_gazebo/share/scv_robot_gazebo//robots/hunter_robot/hunter_description/config/ackermann_like_controller.yaml
-- Installing: /home/d2-521-30/hunter_gazebo_ws/src/scv_robot_gazebo/install/scv_robot_gazebo/share/scv_robot_gazebo//robots/hunter_robot/hunter_description/CHANGELOG.rst
-- Installing: /home/d2-521-30/hunter_gazebo_ws/src/scv_robot_gazebo/install/scv_robot_gazebo/share/scv_robot_gazebo//robots/hunter_robot/hunter_description/description
-- Installing: /home/d2-521-30/hunter_gazebo_ws/src/scv_robot_gazebo/install/scv_robot_gazebo/share/scv_robot_gazebo//robots/hunter_robot/hunter_description/description/robot_core.xacro
-- Installing: /home/d2-521-30/hunter_gazebo_ws/src/scv_robot_gazebo/install/scv_robot_gazebo/share/scv_robot_gazebo//robots/hunter_robot/hunter_description/description/robot_core_real_hack.xacro
-- Installing: /home/d2-521-30/hunter_gazebo_ws/src/scv_robot_gazebo/install/scv_robot_gazebo/share/scv_robot_gazebo//robots/hunter_robot/hunter_description/description/robot.urdf.xacro
-- Installing: /home/d2-521-30/hunter_gazebo_ws/src/scv_robot_gazebo/install/scv_robot_gazebo/share/scv_robot_gazebo//robots/hunter_robot/hunter_description/description/meshes.xacro
-- Installing: /home/d2-521-30/hunter_gazebo_ws/src/scv_robot_gazebo/install/scv_robot_gazebo/share/scv_robot_gazebo//robots/hunter_robot/hunter_description/description/inertial_macros.xacro
-- Installing: /home/d2-521-30/hunter_gazebo_ws/src/scv_robot_gazebo/install/scv_robot_gazebo/share/scv_robot_gazebo//robots/hunter_robot/hunter_description/description/ros2_control.xacro
-- Installing: /home/d2-521-30/hunter_gazebo_ws/src/scv_robot_gazebo/install/scv_robot_gazebo/share/scv_robot_gazebo//robots/hunter_robot/hunter_description/package.xml
-- Installing: /home/d2-521-30/hunter_gazebo_ws/src/scv_robot_gazebo/install/scv_robot_gazebo/share/scv_robot_gazebo//robots/hunter_robot/hunter_description/rviz
-- Installing: /home/d2-521-30/hunter_gazebo_ws/src/scv_robot_gazebo/install/scv_robot_gazebo/share/scv_robot_gazebo//robots/hunter_robot/hunter_description/rviz/robot_view.rviz
-- Installing: /home/d2-521-30/hunter_gazebo_ws/src/scv_robot_gazebo/install/scv_robot_gazebo/share/scv_robot_gazebo//robots/hunter_robot/hunter_gazebo
-- Installing: /home/d2-521-30/hunter_gazebo_ws/src/scv_robot_gazebo/install/scv_robot_gazebo/share/scv_robot_gazebo//robots/hunter_robot/hunter_gazebo/CMakeLists.txt
-- Installing: /home/d2-521-30/hunter_gazebo_ws/src/scv_robot_gazebo/install/scv_robot_gazebo/share/scv_robot_gazebo//robots/hunter_robot/hunter_gazebo/launch
-- Installing: /home/d2-521-30/hunter_gazebo_ws/src/scv_robot_gazebo/install/scv_robot_gazebo/share/scv_robot_gazebo//robots/hunter_robot/hunter_gazebo/launch/launch_sim.launch.py
-- Installing: /home/d2-521-30/hunter_gazebo_ws/src/scv_robot_gazebo/install/scv_robot_gazebo/share/scv_robot_gazebo//robots/hunter_robot/hunter_gazebo/config
-- Installing: /home/d2-521-30/hunter_gazebo_ws/src/scv_robot_gazebo/install/scv_robot_gazebo/share/scv_robot_gazebo//robots/hunter_robot/hunter_gazebo/config/gazebo_params.yaml
-- Installing: /home/d2-521-30/hunter_gazebo_ws/src/scv_robot_gazebo/install/scv_robot_gazebo/share/scv_robot_gazebo//robots/hunter_robot/hunter_gazebo/CHANGELOG.rst
-- Installing: /home/d2-521-30/hunter_gazebo_ws/src/scv_robot_gazebo/install/scv_robot_gazebo/share/scv_robot_gazebo//robots/hunter_robot/hunter_gazebo/package.xml
-- Installing: /home/d2-521-30/hunter_gazebo_ws/src/scv_robot_gazebo/install/scv_robot_gazebo/share/scv_robot_gazebo//robots/hunter_robot/.gitignore
-- Installing: /home/d2-521-30/hunter_gazebo_ws/src/scv_robot_gazebo/install/scv_robot_gazebo/share/scv_robot_gazebo//robots/hunter_robot/.devcontainer
-- Installing: /home/d2-521-30/hunter_gazebo_ws/src/scv_robot_gazebo/install/scv_robot_gazebo/share/scv_robot_gazebo//robots/hunter_robot/.devcontainer/Dockerfile
-- Installing: /home/d2-521-30/hunter_gazebo_ws/src/scv_robot_gazebo/install/scv_robot_gazebo/share/scv_robot_gazebo//robots/hunter_robot/.devcontainer/devcontainer.json
-- Installing: /home/d2-521-30/hunter_gazebo_ws/src/scv_robot_gazebo/install/scv_robot_gazebo/share/scv_robot_gazebo//robots/hunter_robot/.github
-- Installing: /home/d2-521-30/hunter_gazebo_ws/src/scv_robot_gazebo/install/scv_robot_gazebo/share/scv_robot_gazebo//robots/hunter_robot/.github/workflows
-- Installing: /home/d2-521-30/hunter_gazebo_ws/src/scv_robot_gazebo/install/scv_robot_gazebo/share/scv_robot_gazebo//robots/hunter_robot/.github/workflows/ros-ci.yml
-- Installing: /home/d2-521-30/hunter_gazebo_ws/src/scv_robot_gazebo/install/scv_robot_gazebo/share/scv_robot_gazebo//sensors
-- Installing: /home/d2-521-30/hunter_gazebo_ws/src/scv_robot_gazebo/install/scv_robot_gazebo/share/scv_robot_gazebo//sensors/velodyne_simulator
-- Installing: /home/d2-521-30/hunter_gazebo_ws/src/scv_robot_gazebo/install/scv_robot_gazebo/share/scv_robot_gazebo//sensors/velodyne_simulator/README.md
-- Installing: /home/d2-521-30/hunter_gazebo_ws/src/scv_robot_gazebo/install/scv_robot_gazebo/share/scv_robot_gazebo//sensors/velodyne_simulator/LICENSE
-- Installing: /home/d2-521-30/hunter_gazebo_ws/src/scv_robot_gazebo/install/scv_robot_gazebo/share/scv_robot_gazebo//sensors/velodyne_simulator/img
-- Installing: /home/d2-521-30/hunter_gazebo_ws/src/scv_robot_gazebo/install/scv_robot_gazebo/share/scv_robot_gazebo//sensors/velodyne_simulator/img/rviz.png
-- Installing: /home/d2-521-30/hunter_gazebo_ws/src/scv_robot_gazebo/install/scv_robot_gazebo/share/scv_robot_gazebo//sensors/velodyne_simulator/img/gpu.png
-- Installing: /home/d2-521-30/hunter_gazebo_ws/src/scv_robot_gazebo/install/scv_robot_gazebo/share/scv_robot_gazebo//sensors/velodyne_simulator/.git
-- Installing: /home/d2-521-30/hunter_gazebo_ws/src/scv_robot_gazebo/install/scv_robot_gazebo/share/scv_robot_gazebo//sensors/velodyne_simulator/velodyne_description
-- Installing: /home/d2-521-30/hunter_gazebo_ws/src/scv_robot_gazebo/install/scv_robot_gazebo/share/scv_robot_gazebo//sensors/velodyne_simulator/velodyne_description/CMakeLists.txt
-- Installing: /home/d2-521-30/hunter_gazebo_ws/src/scv_robot_gazebo/install/scv_robot_gazebo/share/scv_robot_gazebo//sensors/velodyne_simulator/velodyne_description/launch
-- Installing: /home/d2-521-30/hunter_gazebo_ws/src/scv_robot_gazebo/install/scv_robot_gazebo/share/scv_robot_gazebo//sensors/velodyne_simulator/velodyne_description/launch/example-launch.py
-- Installing: /home/d2-521-30/hunter_gazebo_ws/src/scv_robot_gazebo/install/scv_robot_gazebo/share/scv_robot_gazebo//sensors/velodyne_simulator/velodyne_description/meshes
-- Installing: /home/d2-521-30/hunter_gazebo_ws/src/scv_robot_gazebo/install/scv_robot_gazebo/share/scv_robot_gazebo//sensors/velodyne_simulator/velodyne_description/meshes/HDL32E_scan.stl
-- Installing: /home/d2-521-30/hunter_gazebo_ws/src/scv_robot_gazebo/install/scv_robot_gazebo/share/scv_robot_gazebo//sensors/velodyne_simulator/velodyne_description/meshes/VLP16_base_2.stl
-- Installing: /home/d2-521-30/hunter_gazebo_ws/src/scv_robot_gazebo/install/scv_robot_gazebo/share/scv_robot_gazebo//sensors/velodyne_simulator/velodyne_description/meshes/HDL32E_base.dae
-- Installing: /home/d2-521-30/hunter_gazebo_ws/src/scv_robot_gazebo/install/scv_robot_gazebo/share/scv_robot_gazebo//sensors/velodyne_simulator/velodyne_description/meshes/VLP16_base_2.dae
-- Installing: /home/d2-521-30/hunter_gazebo_ws/src/scv_robot_gazebo/install/scv_robot_gazebo/share/scv_robot_gazebo//sensors/velodyne_simulator/velodyne_description/meshes/HDL32E_base.stl
-- Installing: /home/d2-521-30/hunter_gazebo_ws/src/scv_robot_gazebo/install/scv_robot_gazebo/share/scv_robot_gazebo//sensors/velodyne_simulator/velodyne_description/meshes/VLP16_base_1.dae
-- Installing: /home/d2-521-30/hunter_gazebo_ws/src/scv_robot_gazebo/install/scv_robot_gazebo/share/scv_robot_gazebo//sensors/velodyne_simulator/velodyne_description/meshes/VLP16_scan.dae
-- Installing: /home/d2-521-30/hunter_gazebo_ws/src/scv_robot_gazebo/install/scv_robot_gazebo/share/scv_robot_gazebo//sensors/velodyne_simulator/velodyne_description/meshes/VLP16_scan.stl
-- Installing: /home/d2-521-30/hunter_gazebo_ws/src/scv_robot_gazebo/install/scv_robot_gazebo/share/scv_robot_gazebo//sensors/velodyne_simulator/velodyne_description/meshes/HDL32E_scan.dae
-- Installing: /home/d2-521-30/hunter_gazebo_ws/src/scv_robot_gazebo/install/scv_robot_gazebo/share/scv_robot_gazebo//sensors/velodyne_simulator/velodyne_description/meshes/VLP16_base_1.stl
-- Installing: /home/d2-521-30/hunter_gazebo_ws/src/scv_robot_gazebo/install/scv_robot_gazebo/share/scv_robot_gazebo//sensors/velodyne_simulator/velodyne_description/urdf
-- Installing: /home/d2-521-30/hunter_gazebo_ws/src/scv_robot_gazebo/install/scv_robot_gazebo/share/scv_robot_gazebo//sensors/velodyne_simulator/velodyne_description/urdf/HDL-32E.urdf.xacro
-- Installing: /home/d2-521-30/hunter_gazebo_ws/src/scv_robot_gazebo/install/scv_robot_gazebo/share/scv_robot_gazebo//sensors/velodyne_simulator/velodyne_description/urdf/VLP-16.urdf.xacro
-- Installing: /home/d2-521-30/hunter_gazebo_ws/src/scv_robot_gazebo/install/scv_robot_gazebo/share/scv_robot_gazebo//sensors/velodyne_simulator/velodyne_description/urdf/VLP-32C.urdf.xacro
-- Installing: /home/d2-521-30/hunter_gazebo_ws/src/scv_robot_gazebo/install/scv_robot_gazebo/share/scv_robot_gazebo//sensors/velodyne_simulator/velodyne_description/urdf/example.urdf.xacro
-- Installing: /home/d2-521-30/hunter_gazebo_ws/src/scv_robot_gazebo/install/scv_robot_gazebo/share/scv_robot_gazebo//sensors/velodyne_simulator/velodyne_description/CHANGELOG.rst
-- Installing: /home/d2-521-30/hunter_gazebo_ws/src/scv_robot_gazebo/install/scv_robot_gazebo/share/scv_robot_gazebo//sensors/velodyne_simulator/velodyne_description/world
-- Installing: /home/d2-521-30/hunter_gazebo_ws/src/scv_robot_gazebo/install/scv_robot_gazebo/share/scv_robot_gazebo//sensors/velodyne_simulator/velodyne_description/world/example.world
-- Installing: /home/d2-521-30/hunter_gazebo_ws/src/scv_robot_gazebo/install/scv_robot_gazebo/share/scv_robot_gazebo//sensors/velodyne_simulator/velodyne_description/package.xml
-- Installing: /home/d2-521-30/hunter_gazebo_ws/src/scv_robot_gazebo/install/scv_robot_gazebo/share/scv_robot_gazebo//sensors/velodyne_simulator/velodyne_description/rviz
-- Installing: /home/d2-521-30/hunter_gazebo_ws/src/scv_robot_gazebo/install/scv_robot_gazebo/share/scv_robot_gazebo//sensors/velodyne_simulator/velodyne_description/rviz/example.rviz
-- Installing: /home/d2-521-30/hunter_gazebo_ws/src/scv_robot_gazebo/install/scv_robot_gazebo/share/scv_robot_gazebo//sensors/velodyne_simulator/.gitignore
-- Installing: /home/d2-521-30/hunter_gazebo_ws/src/scv_robot_gazebo/install/scv_robot_gazebo/share/scv_robot_gazebo//sensors/velodyne_simulator/velodyne_gazebo_plugins
-- Installing: /home/d2-521-30/hunter_gazebo_ws/src/scv_robot_gazebo/install/scv_robot_gazebo/share/scv_robot_gazebo//sensors/velodyne_simulator/velodyne_gazebo_plugins/CMakeLists.txt
-- Installing: /home/d2-521-30/hunter_gazebo_ws/src/scv_robot_gazebo/install/scv_robot_gazebo/share/scv_robot_gazebo//sensors/velodyne_simulator/velodyne_gazebo_plugins/src
-- Installing: /home/d2-521-30/hunter_gazebo_ws/src/scv_robot_gazebo/install/scv_robot_gazebo/share/scv_robot_gazebo//sensors/velodyne_simulator/velodyne_gazebo_plugins/src/GazeboRosVelodyneLaser.cpp
-- Installing: /home/d2-521-30/hunter_gazebo_ws/src/scv_robot_gazebo/install/scv_robot_gazebo/share/scv_robot_gazebo//sensors/velodyne_simulator/velodyne_gazebo_plugins/CHANGELOG.rst
-- Installing: /home/d2-521-30/hunter_gazebo_ws/src/scv_robot_gazebo/install/scv_robot_gazebo/share/scv_robot_gazebo//sensors/velodyne_simulator/velodyne_gazebo_plugins/include
-- Installing: /home/d2-521-30/hunter_gazebo_ws/src/scv_robot_gazebo/install/scv_robot_gazebo/share/scv_robot_gazebo//sensors/velodyne_simulator/velodyne_gazebo_plugins/include/velodyne_gazebo_plugins
-- Installing: /home/d2-521-30/hunter_gazebo_ws/src/scv_robot_gazebo/install/scv_robot_gazebo/share/scv_robot_gazebo//sensors/velodyne_simulator/velodyne_gazebo_plugins/include/velodyne_gazebo_plugins/GazeboRosVelodyneLaser.h
-- Installing: /home/d2-521-30/hunter_gazebo_ws/src/scv_robot_gazebo/install/scv_robot_gazebo/share/scv_robot_gazebo//sensors/velodyne_simulator/velodyne_gazebo_plugins/package.xml
-- Installing: /home/d2-521-30/hunter_gazebo_ws/src/scv_robot_gazebo/install/scv_robot_gazebo/share/scv_robot_gazebo//sensors/velodyne_simulator/bitbucket-pipelines.yml
-- Installing: /home/d2-521-30/hunter_gazebo_ws/src/scv_robot_gazebo/install/scv_robot_gazebo/share/scv_robot_gazebo//sensors/velodyne_simulator/gazebo_upgrade.md
-- Installing: /home/d2-521-30/hunter_gazebo_ws/src/scv_robot_gazebo/install/scv_robot_gazebo/share/scv_robot_gazebo//sensors/velodyne_simulator/velodyne_simulator
-- Installing: /home/d2-521-30/hunter_gazebo_ws/src/scv_robot_gazebo/install/scv_robot_gazebo/share/scv_robot_gazebo//sensors/velodyne_simulator/velodyne_simulator/CMakeLists.txt
-- Installing: /home/d2-521-30/hunter_gazebo_ws/src/scv_robot_gazebo/install/scv_robot_gazebo/share/scv_robot_gazebo//sensors/velodyne_simulator/velodyne_simulator/CHANGELOG.rst
-- Installing: /home/d2-521-30/hunter_gazebo_ws/src/scv_robot_gazebo/install/scv_robot_gazebo/share/scv_robot_gazebo//sensors/velodyne_simulator/velodyne_simulator/package.xml
-- Installing: /home/d2-521-30/hunter_gazebo_ws/src/scv_robot_gazebo/install/scv_robot_gazebo/share/ament_index/resource_index/package_run_dependencies/scv_robot_gazebo
-- Installing: /home/d2-521-30/hunter_gazebo_ws/src/scv_robot_gazebo/install/scv_robot_gazebo/share/ament_index/resource_index/parent_prefix_path/scv_robot_gazebo
-- Installing: /home/d2-521-30/hunter_gazebo_ws/src/scv_robot_gazebo/install/scv_robot_gazebo/share/scv_robot_gazebo/environment/ament_prefix_path.sh
-- Installing: /home/d2-521-30/hunter_gazebo_ws/src/scv_robot_gazebo/install/scv_robot_gazebo/share/scv_robot_gazebo/environment/ament_prefix_path.dsv
-- Installing: /home/d2-521-30/hunter_gazebo_ws/src/scv_robot_gazebo/install/scv_robot_gazebo/share/scv_robot_gazebo/environment/path.sh
-- Installing: /home/d2-521-30/hunter_gazebo_ws/src/scv_robot_gazebo/install/scv_robot_gazebo/share/scv_robot_gazebo/environment/path.dsv
-- Installing: /home/d2-521-30/hunter_gazebo_ws/src/scv_robot_gazebo/install/scv_robot_gazebo/share/scv_robot_gazebo/local_setup.bash
-- Installing: /home/d2-521-30/hunter_gazebo_ws/src/scv_robot_gazebo/install/scv_robot_gazebo/share/scv_robot_gazebo/local_setup.sh
-- Installing: /home/d2-521-30/hunter_gazebo_ws/src/scv_robot_gazebo/install/scv_robot_gazebo/share/scv_robot_gazebo/local_setup.zsh
-- Installing: /home/d2-521-30/hunter_gazebo_ws/src/scv_robot_gazebo/install/scv_robot_gazebo/share/scv_robot_gazebo/local_setup.dsv
-- Installing: /home/d2-521-30/hunter_gazebo_ws/src/scv_robot_gazebo/install/scv_robot_gazebo/share/scv_robot_gazebo/package.dsv
-- Installing: /home/d2-521-30/hunter_gazebo_ws/src/scv_robot_gazebo/install/scv_robot_gazebo/share/ament_index/resource_index/packages/scv_robot_gazebo
-- Installing: /home/d2-521-30/hunter_gazebo_ws/src/scv_robot_gazebo/install/scv_robot_gazebo/share/scv_robot_gazebo/cmake/scv_robot_gazeboConfig.cmake
-- Installing: /home/d2-521-30/hunter_gazebo_ws/src/scv_robot_gazebo/install/scv_robot_gazebo/share/scv_robot_gazebo/cmake/scv_robot_gazeboConfig-version.cmake
-- Installing: /home/d2-521-30/hunter_gazebo_ws/src/scv_robot_gazebo/install/scv_robot_gazebo/share/scv_robot_gazebo/package.xml
-- Installing: /home/d2-521-30/hunter_gazebo_ws/src/scv_robot_gazebo/install/scv_robot_gazebo/share/ament_index/resource_index/package_run_dependencies/velodyne_description
-- Installing: /home/d2-521-30/hunter_gazebo_ws/src/scv_robot_gazebo/install/scv_robot_gazebo/share/ament_index/resource_index/parent_prefix_path/velodyne_description
-- Installing: /home/d2-521-30/hunter_gazebo_ws/src/scv_robot_gazebo/install/scv_robot_gazebo/share/velodyne_description/environment/ament_prefix_path.sh
-- Installing: /home/d2-521-30/hunter_gazebo_ws/src/scv_robot_gazebo/install/scv_robot_gazebo/share/velodyne_description/environment/ament_prefix_path.dsv
-- Installing: /home/d2-521-30/hunter_gazebo_ws/src/scv_robot_gazebo/install/scv_robot_gazebo/share/velodyne_description/environment/path.sh
-- Installing: /home/d2-521-30/hunter_gazebo_ws/src/scv_robot_gazebo/install/scv_robot_gazebo/share/velodyne_description/environment/path.dsv
-- Installing: /home/d2-521-30/hunter_gazebo_ws/src/scv_robot_gazebo/install/scv_robot_gazebo/share/velodyne_description/local_setup.bash
-- Installing: /home/d2-521-30/hunter_gazebo_ws/src/scv_robot_gazebo/install/scv_robot_gazebo/share/velodyne_description/local_setup.sh
-- Installing: /home/d2-521-30/hunter_gazebo_ws/src/scv_robot_gazebo/install/scv_robot_gazebo/share/velodyne_description/local_setup.zsh
-- Installing: /home/d2-521-30/hunter_gazebo_ws/src/scv_robot_gazebo/install/scv_robot_gazebo/share/velodyne_description/local_setup.dsv
-- Installing: /home/d2-521-30/hunter_gazebo_ws/src/scv_robot_gazebo/install/scv_robot_gazebo/share/velodyne_description/package.dsv
-- Installing: /home/d2-521-30/hunter_gazebo_ws/src/scv_robot_gazebo/install/scv_robot_gazebo/share/ament_index/resource_index/packages/velodyne_description
-- Installing: /home/d2-521-30/hunter_gazebo_ws/src/scv_robot_gazebo/install/scv_robot_gazebo/share/velodyne_description/cmake/velodyne_descriptionConfig.cmake
-- Installing: /home/d2-521-30/hunter_gazebo_ws/src/scv_robot_gazebo/install/scv_robot_gazebo/share/velodyne_description/cmake/velodyne_descriptionConfig-version.cmake
-- Installing: /home/d2-521-30/hunter_gazebo_ws/src/scv_robot_gazebo/install/scv_robot_gazebo/share/velodyne_description/package.xml
-- Installing: /home/d2-521-30/hunter_gazebo_ws/src/scv_robot_gazebo/install/scv_robot_gazebo/share/velodyne_description/launch
-- Installing: /home/d2-521-30/hunter_gazebo_ws/src/scv_robot_gazebo/install/scv_robot_gazebo/share/velodyne_description/launch/example-launch.py
-- Installing: /home/d2-521-30/hunter_gazebo_ws/src/scv_robot_gazebo/install/scv_robot_gazebo/share/velodyne_description/meshes
-- Installing: /home/d2-521-30/hunter_gazebo_ws/src/scv_robot_gazebo/install/scv_robot_gazebo/share/velodyne_description/meshes/HDL32E_scan.stl
-- Installing: /home/d2-521-30/hunter_gazebo_ws/src/scv_robot_gazebo/install/scv_robot_gazebo/share/velodyne_description/meshes/VLP16_base_2.stl
-- Installing: /home/d2-521-30/hunter_gazebo_ws/src/scv_robot_gazebo/install/scv_robot_gazebo/share/velodyne_description/meshes/HDL32E_base.dae
-- Installing: /home/d2-521-30/hunter_gazebo_ws/src/scv_robot_gazebo/install/scv_robot_gazebo/share/velodyne_description/meshes/VLP16_base_2.dae
-- Installing: /home/d2-521-30/hunter_gazebo_ws/src/scv_robot_gazebo/install/scv_robot_gazebo/share/velodyne_description/meshes/HDL32E_base.stl
-- Installing: /home/d2-521-30/hunter_gazebo_ws/src/scv_robot_gazebo/install/scv_robot_gazebo/share/velodyne_description/meshes/VLP16_base_1.dae
-- Installing: /home/d2-521-30/hunter_gazebo_ws/src/scv_robot_gazebo/install/scv_robot_gazebo/share/velodyne_description/meshes/VLP16_scan.dae
-- Installing: /home/d2-521-30/hunter_gazebo_ws/src/scv_robot_gazebo/install/scv_robot_gazebo/share/velodyne_description/meshes/VLP16_scan.stl
-- Installing: /home/d2-521-30/hunter_gazebo_ws/src/scv_robot_gazebo/install/scv_robot_gazebo/share/velodyne_description/meshes/HDL32E_scan.dae
-- Installing: /home/d2-521-30/hunter_gazebo_ws/src/scv_robot_gazebo/install/scv_robot_gazebo/share/velodyne_description/meshes/VLP16_base_1.stl
-- Installing: /home/d2-521-30/hunter_gazebo_ws/src/scv_robot_gazebo/install/scv_robot_gazebo/share/velodyne_description/rviz
-- Installing: /home/d2-521-30/hunter_gazebo_ws/src/scv_robot_gazebo/install/scv_robot_gazebo/share/velodyne_description/rviz/example.rviz
-- Installing: /home/d2-521-30/hunter_gazebo_ws/src/scv_robot_gazebo/install/scv_robot_gazebo/share/velodyne_description/urdf
-- Installing: /home/d2-521-30/hunter_gazebo_ws/src/scv_robot_gazebo/install/scv_robot_gazebo/share/velodyne_description/urdf/HDL-32E.urdf.xacro
-- Installing: /home/d2-521-30/hunter_gazebo_ws/src/scv_robot_gazebo/install/scv_robot_gazebo/share/velodyne_description/urdf/VLP-16.urdf.xacro
-- Installing: /home/d2-521-30/hunter_gazebo_ws/src/scv_robot_gazebo/install/scv_robot_gazebo/share/velodyne_description/urdf/VLP-32C.urdf.xacro
-- Installing: /home/d2-521-30/hunter_gazebo_ws/src/scv_robot_gazebo/install/scv_robot_gazebo/share/velodyne_description/urdf/example.urdf.xacro
-- Installing: /home/d2-521-30/hunter_gazebo_ws/src/scv_robot_gazebo/install/scv_robot_gazebo/share/velodyne_description/world
-- Installing: /home/d2-521-30/hunter_gazebo_ws/src/scv_robot_gazebo/install/scv_robot_gazebo/share/velodyne_description/world/example.world
-- Installing: /home/d2-521-30/hunter_gazebo_ws/src/scv_robot_gazebo/install/scv_robot_gazebo/share/velodyne_gazebo_plugins/environment/library_path.sh
-- Installing: /home/d2-521-30/hunter_gazebo_ws/src/scv_robot_gazebo/install/scv_robot_gazebo/share/velodyne_gazebo_plugins/environment/library_path.dsv
-- Installing: /home/d2-521-30/hunter_gazebo_ws/src/scv_robot_gazebo/install/scv_robot_gazebo/share/ament_index/resource_index/package_run_dependencies/velodyne_gazebo_plugins
-- Installing: /home/d2-521-30/hunter_gazebo_ws/src/scv_robot_gazebo/install/scv_robot_gazebo/share/ament_index/resource_index/parent_prefix_path/velodyne_gazebo_plugins
-- Installing: /home/d2-521-30/hunter_gazebo_ws/src/scv_robot_gazebo/install/scv_robot_gazebo/share/velodyne_gazebo_plugins/environment/ament_prefix_path.sh
-- Installing: /home/d2-521-30/hunter_gazebo_ws/src/scv_robot_gazebo/install/scv_robot_gazebo/share/velodyne_gazebo_plugins/environment/ament_prefix_path.dsv
-- Installing: /home/d2-521-30/hunter_gazebo_ws/src/scv_robot_gazebo/install/scv_robot_gazebo/share/velodyne_gazebo_plugins/environment/path.sh
-- Installing: /home/d2-521-30/hunter_gazebo_ws/src/scv_robot_gazebo/install/scv_robot_gazebo/share/velodyne_gazebo_plugins/environment/path.dsv
-- Installing: /home/d2-521-30/hunter_gazebo_ws/src/scv_robot_gazebo/install/scv_robot_gazebo/share/velodyne_gazebo_plugins/local_setup.bash
-- Installing: /home/d2-521-30/hunter_gazebo_ws/src/scv_robot_gazebo/install/scv_robot_gazebo/share/velodyne_gazebo_plugins/local_setup.sh
-- Installing: /home/d2-521-30/hunter_gazebo_ws/src/scv_robot_gazebo/install/scv_robot_gazebo/share/velodyne_gazebo_plugins/local_setup.zsh
-- Installing: /home/d2-521-30/hunter_gazebo_ws/src/scv_robot_gazebo/install/scv_robot_gazebo/share/velodyne_gazebo_plugins/local_setup.dsv
-- Installing: /home/d2-521-30/hunter_gazebo_ws/src/scv_robot_gazebo/install/scv_robot_gazebo/share/velodyne_gazebo_plugins/package.dsv
-- Installing: /home/d2-521-30/hunter_gazebo_ws/src/scv_robot_gazebo/install/scv_robot_gazebo/share/ament_index/resource_index/packages/velodyne_gazebo_plugins
-- Installing: /home/d2-521-30/hunter_gazebo_ws/src/scv_robot_gazebo/install/scv_robot_gazebo/share/velodyne_gazebo_plugins/cmake/ament_cmake_export_libraries-extras.cmake
-- Installing: /home/d2-521-30/hunter_gazebo_ws/src/scv_robot_gazebo/install/scv_robot_gazebo/share/velodyne_gazebo_plugins/cmake/ament_cmake_export_include_directories-extras.cmake
-- Installing: /home/d2-521-30/hunter_gazebo_ws/src/scv_robot_gazebo/install/scv_robot_gazebo/share/velodyne_gazebo_plugins/cmake/ament_cmake_export_dependencies-extras.cmake
-- Installing: /home/d2-521-30/hunter_gazebo_ws/src/scv_robot_gazebo/install/scv_robot_gazebo/share/velodyne_gazebo_plugins/cmake/velodyne_gazebo_pluginsConfig.cmake
-- Installing: /home/d2-521-30/hunter_gazebo_ws/src/scv_robot_gazebo/install/scv_robot_gazebo/share/velodyne_gazebo_plugins/cmake/velodyne_gazebo_pluginsConfig-version.cmake
-- Installing: /home/d2-521-30/hunter_gazebo_ws/src/scv_robot_gazebo/install/scv_robot_gazebo/share/velodyne_gazebo_plugins/package.xml
-- Installing: /home/d2-521-30/hunter_gazebo_ws/src/scv_robot_gazebo/install/scv_robot_gazebo/include
-- Installing: /home/d2-521-30/hunter_gazebo_ws/src/scv_robot_gazebo/install/scv_robot_gazebo/include/velodyne_gazebo_plugins
-- Installing: /home/d2-521-30/hunter_gazebo_ws/src/scv_robot_gazebo/install/scv_robot_gazebo/include/velodyne_gazebo_plugins/GazeboRosVelodyneLaser.h
-- Installing: /home/d2-521-30/hunter_gazebo_ws/src/scv_robot_gazebo/install/scv_robot_gazebo/lib/libgazebo_ros_velodyne_laser.so
-- Set runtime path of "/home/d2-521-30/hunter_gazebo_ws/src/scv_robot_gazebo/install/scv_robot_gazebo/lib/libgazebo_ros_velodyne_laser.so" to ""
