[0.008s] Invoking command in '/home/d2-521-30/hunter_gazebo_ws/src/scv_robot_gazebo/build/scv_robot_gazebo': CMAKE_PREFIX_PATH=/opt/ros/humble /usr/bin/cmake /home/d2-521-30/hunter_gazebo_ws/src/scv_robot_gazebo -DCMAKE_INSTALL_PREFIX=/home/d2-521-30/hunter_gazebo_ws/src/scv_robot_gazebo/install/scv_robot_gazebo
[0.067s] -- The C compiler identification is GNU 11.4.0
[0.121s] -- The CXX compiler identification is GNU 11.4.0
[0.131s] -- Detecting C compiler ABI info
[0.201s] -- Detecting C compiler ABI info - done
[0.207s] -- Check for working C compiler: /usr/bin/cc - skipped
[0.207s] -- Detecting C compile features
[0.207s] -- Detecting C compile features - done
[0.212s] -- Detecting CXX compiler ABI info
[0.290s] -- Detecting CXX compiler ABI info - done
[0.297s] -- Check for working CXX compiler: /usr/bin/c++ - skipped
[0.297s] -- Detecting CXX compile features
[0.297s] -- Detecting CXX compile features - done
[0.300s] -- Found ament_cmake: 1.3.11 (/opt/ros/humble/share/ament_cmake/cmake)
[0.426s] -- Found Python3: /usr/bin/python3 (found version "3.10.12") found components: Interpreter 
[0.570s] -- Found gazebo_dev: 3.9.0 (/opt/ros/humble/share/gazebo_dev/cmake)
[0.577s] -- Found PkgConfig: /usr/bin/pkg-config (found version "0.29.2") 
[0.586s] -- Checking for module 'bullet>=2.82'
[0.602s] --   Found bullet, version 3.05
[0.734s] -- Found fcl: /usr/include (found suitable version "0.7.0", minimum required is "0.5.0") 
[0.793s] -- Found assimp: /usr/include (found version "5.2.0") 
[0.819s] -- Found DART: /usr/include (Required is at least version "6.6") found components: dart 
[0.991s] -- Found Boost: /usr/lib/x86_64-linux-gnu/cmake/Boost-1.74.0/BoostConfig.cmake (found suitable version "1.74.0", minimum required is "1.40.0") found components: thread system filesystem program_options regex iostreams date_time 
[1.006s] -- Found Protobuf: /usr/lib/x86_64-linux-gnu/libprotobuf.so (found version "3.12.4") 
[1.010s] -- Looking for ignition-math6 -- found version 6.15.1
[1.015s] -- Searching for dependencies of ignition-math6
[1.016s] -- Looking for OGRE...
[1.017s] -- OGRE_PREFIX_WATCH changed.
[1.022s] -- Checking for module 'OGRE'
[1.036s] --   Found OGRE, version 1.9.0
[1.073s] -- Found Ogre Ghadamon (1.9.0)
[1.082s] -- Found OGRE: optimized;/usr/lib/x86_64-linux-gnu/libOgreMain.so;debug;/usr/lib/x86_64-linux-gnu/libOgreMain.so
[1.090s] -- Looking for OGRE_Paging...
[1.095s] -- Found OGRE_Paging: optimized;/usr/lib/x86_64-linux-gnu/libOgrePaging.so;debug;/usr/lib/x86_64-linux-gnu/libOgrePaging.so
[1.095s] -- Looking for OGRE_Terrain...
[1.099s] -- Found OGRE_Terrain: optimized;/usr/lib/x86_64-linux-gnu/libOgreTerrain.so;debug;/usr/lib/x86_64-linux-gnu/libOgreTerrain.so
[1.099s] -- Looking for OGRE_Property...
[1.103s] -- Found OGRE_Property: optimized;/usr/lib/x86_64-linux-gnu/libOgreProperty.so;debug;/usr/lib/x86_64-linux-gnu/libOgreProperty.so
[1.103s] -- Looking for OGRE_RTShaderSystem...
[1.107s] -- Found OGRE_RTShaderSystem: optimized;/usr/lib/x86_64-linux-gnu/libOgreRTShaderSystem.so;debug;/usr/lib/x86_64-linux-gnu/libOgreRTShaderSystem.so
[1.107s] -- Looking for OGRE_Volume...
[1.111s] -- Found OGRE_Volume: optimized;/usr/lib/x86_64-linux-gnu/libOgreVolume.so;debug;/usr/lib/x86_64-linux-gnu/libOgreVolume.so
[1.111s] -- Looking for OGRE_Overlay...
[1.115s] -- Found OGRE_Overlay: optimized;/usr/lib/x86_64-linux-gnu/libOgreOverlay.so;debug;/usr/lib/x86_64-linux-gnu/libOgreOverlay.so
[1.205s] -- Looking for ignition-math6 -- found version 6.15.1
[1.207s] -- Looking for ignition-transport8 -- found version 8.2.1
[1.208s] -- Searching for dependencies of ignition-transport8
[1.227s] -- Found Protobuf: /usr/lib/x86_64-linux-gnu/libprotobuf.so (found suitable version "3.12.4", minimum required is "3") 
[1.240s] -- Config-file not installed for ZeroMQ -- checking for pkg-config
[1.245s] -- Checking for module 'libzmq >= 4'
[1.260s] --   Found libzmq , version 4.3.4
[1.296s] -- Found ZeroMQ: TRUE (Required is at least version "4") 
[1.300s] -- Checking for module 'uuid'
[1.312s] --   Found uuid, version 2.37.2
[1.348s] -- Found UUID: TRUE  
[1.351s] -- Looking for ignition-msgs5 -- found version 5.8.1
[1.351s] -- Searching for dependencies of ignition-msgs5
[1.373s] -- Looking for ignition-math6 -- found version 6.15.1
[1.378s] -- Checking for module 'tinyxml2'
[1.389s] --   Found tinyxml2, version 9.0.0
[1.421s] -- Looking for ignition-msgs5 -- found version 5.8.1
[1.423s] -- Looking for ignition-common3 -- found version 3.14.0
[1.423s] -- Searching for dependencies of ignition-common3
[1.424s] -- Looking for dlfcn.h - found
[1.424s] -- Looking for libdl - found
[1.425s] -- Found DL: TRUE  
[1.435s] -- Found tinyobjloader: /usr/lib/x86_64-linux-gnu/cmake/tinyobjloader/tinyobjloader-config.cmake (found version "2.0.0") 
[1.435s] -- Searching for <ignition-common3> component [graphics]
[1.437s] -- Looking for ignition-common3-graphics -- found version 3.14.0
[1.438s] -- Searching for dependencies of ignition-common3-graphics
[1.438s] -- Looking for ignition-math6 -- found version 6.15.1
[1.440s] -- Looking for ignition-fuel_tools4 -- found version 4.4.0
[1.441s] -- Searching for dependencies of ignition-fuel_tools4
[1.522s] -- Found CURL: /usr/lib/x86_64-linux-gnu/libcurl.so (found version "7.81.0")  
[1.530s] -- Checking for module 'jsoncpp'
[1.544s] --   Found jsoncpp, version 1.9.5
[1.578s] -- Found JSONCPP: TRUE  
[1.583s] -- Checking for module 'libzip'
[1.597s] --   Found libzip, version 1.7.3
[1.635s] -- Found ZIP: TRUE  
[1.635s] -- Looking for ignition-common3 -- found version 3.14.0
[1.635s] -- Looking for ignition-math6 -- found version 6.15.1
[1.635s] -- Looking for ignition-msgs5 -- found version 5.8.1
[1.638s] -- Gazebo version: 11.10
[1.638s] -- Checking for module 'tbb'
[1.652s] --   Found tbb, version 2021.5.0
[1.683s] -- Found gazebo_ros: 3.9.0 (/opt/ros/humble/share/gazebo_ros/cmake)
[1.715s] -- Found rosidl_generator_c: 3.1.6 (/opt/ros/humble/share/rosidl_generator_c/cmake)
[1.720s] -- Found rosidl_adapter: 3.1.6 (/opt/ros/humble/share/rosidl_adapter/cmake)
[1.729s] -- Found rosidl_generator_cpp: 3.1.6 (/opt/ros/humble/share/rosidl_generator_cpp/cmake)
[1.739s] -- Using all available rosidl_typesupport_c: rosidl_typesupport_fastrtps_c;rosidl_typesupport_introspection_c
[1.753s] -- Using all available rosidl_typesupport_cpp: rosidl_typesupport_fastrtps_cpp;rosidl_typesupport_introspection_cpp
[1.790s] -- Found rmw_implementation_cmake: 6.1.2 (/opt/ros/humble/share/rmw_implementation_cmake/cmake)
[1.792s] -- Found rmw_fastrtps_cpp: 6.2.7 (/opt/ros/humble/share/rmw_fastrtps_cpp/cmake)
[1.885s] -- Found OpenSSL: /usr/lib/x86_64-linux-gnu/libcrypto.so (found version "3.0.2")  
[1.910s] -- Found FastRTPS: /opt/ros/humble/include  
[1.956s] -- Using RMW implementation 'rmw_fastrtps_cpp' as default
[1.964s] -- Found Threads: TRUE  
[2.009s] -- Found gazebo_msgs: 3.9.0 (/opt/ros/humble/share/gazebo_msgs/cmake)
[2.053s] -- Found sensor_msgs: 4.9.0 (/opt/ros/humble/share/sensor_msgs/cmake)
[2.068s] -- Found tf2: 0.25.13 (/opt/ros/humble/share/tf2/cmake)
[2.139s] -- Found ament_lint_auto: 0.12.12 (/opt/ros/humble/share/ament_lint_auto/cmake)
[2.189s] -- Configuring done
[2.218s] -- Generating done
[2.227s] -- Build files have been written to: /home/d2-521-30/hunter_gazebo_ws/src/scv_robot_gazebo/build/scv_robot_gazebo
[2.241s] Invoked command in '/home/d2-521-30/hunter_gazebo_ws/src/scv_robot_gazebo/build/scv_robot_gazebo' returned '0': CMAKE_PREFIX_PATH=/opt/ros/humble /usr/bin/cmake /home/d2-521-30/hunter_gazebo_ws/src/scv_robot_gazebo -DCMAKE_INSTALL_PREFIX=/home/d2-521-30/hunter_gazebo_ws/src/scv_robot_gazebo/install/scv_robot_gazebo
[2.244s] Invoking command in '/home/d2-521-30/hunter_gazebo_ws/src/scv_robot_gazebo/build/scv_robot_gazebo': CMAKE_PREFIX_PATH=/opt/ros/humble /usr/bin/cmake --build /home/d2-521-30/hunter_gazebo_ws/src/scv_robot_gazebo/build/scv_robot_gazebo -- -j16 -l16
[2.304s] [ 50%] Building CXX object sensors/velodyne_simulator/velodyne_gazebo_plugins/CMakeFiles/gazebo_ros_velodyne_laser.dir/src/GazeboRosVelodyneLaser.cpp.o
[10.014s] In file included from /opt/ros/humble/include/rclcpp/rclcpp/logging.hpp:24,
[10.014s]                  from /opt/ros/humble/include/rclcpp/rclcpp/client.hpp:40,
[10.014s]                  from /opt/ros/humble/include/rclcpp/rclcpp/callback_group.hpp:24,
[10.014s]                  from /opt/ros/humble/include/rclcpp/rclcpp/any_executable.hpp:20,
[10.014s]                  from /opt/ros/humble/include/rclcpp/rclcpp/memory_strategy.hpp:25,
[10.014s]                  from /opt/ros/humble/include/rclcpp/rclcpp/memory_strategies.hpp:18,
[10.014s]                  from /opt/ros/humble/include/rclcpp/rclcpp/executor_options.hpp:20,
[10.014s]                  from /opt/ros/humble/include/rclcpp/rclcpp/executor.hpp:37,
[10.014s]                  from /opt/ros/humble/include/rclcpp/rclcpp/executors/multi_threaded_executor.hpp:25,
[10.015s]                  from /opt/ros/humble/include/rclcpp/rclcpp/executors.hpp:21,
[10.015s]                  from /opt/ros/humble/include/rclcpp/rclcpp/rclcpp.hpp:155,
[10.015s]                  from /opt/ros/humble/include/gazebo_ros/node.hpp:18,
[10.015s]                  from /home/d2-521-30/hunter_gazebo_ws/src/scv_robot_gazebo/sensors/velodyne_simulator/velodyne_gazebo_plugins/include/velodyne_gazebo_plugins/GazeboRosVelodyneLaser.h:53,
[10.015s]                  from /home/d2-521-30/hunter_gazebo_ws/src/scv_robot_gazebo/sensors/velodyne_simulator/velodyne_gazebo_plugins/src/GazeboRosVelodyneLaser.cpp:35:
[10.015s] /home/d2-521-30/hunter_gazebo_ws/src/scv_robot_gazebo/sensors/velodyne_simulator/velodyne_gazebo_plugins/src/GazeboRosVelodyneLaser.cpp: In member function ‘virtual void gazebo::GazeboRosVelodyneLaser::Load(gazebo::sensors::SensorPtr, sdf::v9::ElementPtr)’:
[10.015s] /home/d2-521-30/hunter_gazebo_ws/src/scv_robot_gazebo/sensors/velodyne_simulator/velodyne_gazebo_plugins/src/GazeboRosVelodyneLaser.cpp:295:40: warning: format ‘%s’ expects a matching ‘char*’ argument [-Wformat=]
[10.015s]   295 |   RCLCPP_INFO(ros_node_->get_logger(), "Velodyne %slaser plugin ready");
[10.015s]       |                                        ^~~~~~~~~~~~~~~~~~~~~~~~~~~~~~~
[10.015s] /home/d2-521-30/hunter_gazebo_ws/src/scv_robot_gazebo/sensors/velodyne_simulator/velodyne_gazebo_plugins/src/GazeboRosVelodyneLaser.cpp:295:51: note: format string is defined here
[10.015s]   295 |   RCLCPP_INFO(ros_node_->get_logger(), "Velodyne %slaser plugin ready");
[10.015s]       |                                                  ~^
[10.016s]       |                                                   |
[10.016s]       |                                                   char*
[13.619s] [100%] Linking CXX shared library libgazebo_ros_velodyne_laser.so
[14.109s] [100%] Built target gazebo_ros_velodyne_laser
[14.121s] Invoked command in '/home/d2-521-30/hunter_gazebo_ws/src/scv_robot_gazebo/build/scv_robot_gazebo' returned '0': CMAKE_PREFIX_PATH=/opt/ros/humble /usr/bin/cmake --build /home/d2-521-30/hunter_gazebo_ws/src/scv_robot_gazebo/build/scv_robot_gazebo -- -j16 -l16
[14.131s] Invoking command in '/home/d2-521-30/hunter_gazebo_ws/src/scv_robot_gazebo/build/scv_robot_gazebo': CMAKE_PREFIX_PATH=/opt/ros/humble /usr/bin/cmake --install /home/d2-521-30/hunter_gazebo_ws/src/scv_robot_gazebo/build/scv_robot_gazebo
[14.138s] -- Install configuration: ""
[14.138s] -- Installing: /home/d2-521-30/hunter_gazebo_ws/src/scv_robot_gazebo/install/scv_robot_gazebo/share/scv_robot_gazebo//launch
[14.138s] -- Installing: /home/d2-521-30/hunter_gazebo_ws/src/scv_robot_gazebo/install/scv_robot_gazebo/share/scv_robot_gazebo//launch/hunter_test.launch.py
[14.138s] -- Installing: /home/d2-521-30/hunter_gazebo_ws/src/scv_robot_gazebo/install/scv_robot_gazebo/share/scv_robot_gazebo//urdf
[14.138s] -- Installing: /home/d2-521-30/hunter_gazebo_ws/src/scv_robot_gazebo/install/scv_robot_gazebo/share/scv_robot_gazebo//urdf/hunter_with_one_box.urdf.xacro
[14.138s] -- Installing: /home/d2-521-30/hunter_gazebo_ws/src/scv_robot_gazebo/install/scv_robot_gazebo/share/scv_robot_gazebo//urdf/velodyne_vlp32c.urdf.xacro
[14.139s] -- Installing: /home/d2-521-30/hunter_gazebo_ws/src/scv_robot_gazebo/install/scv_robot_gazebo/share/scv_robot_gazebo//meshes
[14.139s] -- Installing: /home/d2-521-30/hunter_gazebo_ws/src/scv_robot_gazebo/install/scv_robot_gazebo/share/scv_robot_gazebo//meshes/GNSS_antenna.stl
[14.149s] -- Installing: /home/d2-521-30/hunter_gazebo_ws/src/scv_robot_gazebo/install/scv_robot_gazebo/share/scv_robot_gazebo//meshes/front_steer_right_link.STL
[14.150s] -- Installing: /home/d2-521-30/hunter_gazebo_ws/src/scv_robot_gazebo/install/scv_robot_gazebo/share/scv_robot_gazebo//meshes/rear_wheel_link.STL
[14.151s] -- Installing: /home/d2-521-30/hunter_gazebo_ws/src/scv_robot_gazebo/install/scv_robot_gazebo/share/scv_robot_gazebo//meshes/right_rear_link.STL
[14.153s] -- Installing: /home/d2-521-30/hunter_gazebo_ws/src/scv_robot_gazebo/install/scv_robot_gazebo/share/scv_robot_gazebo//meshes/VLP-32C.stl
[14.154s] -- Installing: /home/d2-521-30/hunter_gazebo_ws/src/scv_robot_gazebo/install/scv_robot_gazebo/share/scv_robot_gazebo//meshes/front_box.dae
[14.154s] -- Installing: /home/d2-521-30/hunter_gazebo_ws/src/scv_robot_gazebo/install/scv_robot_gazebo/share/scv_robot_gazebo//meshes/left_rear_link.STL
[14.156s] -- Installing: /home/d2-521-30/hunter_gazebo_ws/src/scv_robot_gazebo/install/scv_robot_gazebo/share/scv_robot_gazebo//meshes/front_box.STL
[14.156s] -- Installing: /home/d2-521-30/hunter_gazebo_ws/src/scv_robot_gazebo/install/scv_robot_gazebo/share/scv_robot_gazebo//meshes/back_box.stl
[14.156s] -- Installing: /home/d2-521-30/hunter_gazebo_ws/src/scv_robot_gazebo/install/scv_robot_gazebo/share/scv_robot_gazebo//meshes/front_steer_link.STL
[14.156s] -- Installing: /home/d2-521-30/hunter_gazebo_ws/src/scv_robot_gazebo/install/scv_robot_gazebo/share/scv_robot_gazebo//meshes/front_steer_left_link.STL
[14.159s] -- Installing: /home/d2-521-30/hunter_gazebo_ws/src/scv_robot_gazebo/install/scv_robot_gazebo/share/scv_robot_gazebo//meshes/front_left_wheel_link.STL
[14.161s] -- Installing: /home/d2-521-30/hunter_gazebo_ws/src/scv_robot_gazebo/install/scv_robot_gazebo/share/scv_robot_gazebo//meshes/back_box.dae
[14.161s] -- Installing: /home/d2-521-30/hunter_gazebo_ws/src/scv_robot_gazebo/install/scv_robot_gazebo/share/scv_robot_gazebo//meshes/base_link.STL
[14.168s] -- Installing: /home/d2-521-30/hunter_gazebo_ws/src/scv_robot_gazebo/install/scv_robot_gazebo/share/scv_robot_gazebo//meshes/front_right_wheel_link.STL
[14.169s] -- Installing: /home/d2-521-30/hunter_gazebo_ws/src/scv_robot_gazebo/install/scv_robot_gazebo/share/scv_robot_gazebo//config
[14.170s] -- Installing: /home/d2-521-30/hunter_gazebo_ws/src/scv_robot_gazebo/install/scv_robot_gazebo/share/scv_robot_gazebo//robots
[14.170s] -- Installing: /home/d2-521-30/hunter_gazebo_ws/src/scv_robot_gazebo/install/scv_robot_gazebo/share/scv_robot_gazebo//robots/hunter_robot
[14.170s] -- Installing: /home/d2-521-30/hunter_gazebo_ws/src/scv_robot_gazebo/install/scv_robot_gazebo/share/scv_robot_gazebo//robots/hunter_robot/README.md
[14.170s] -- Installing: /home/d2-521-30/hunter_gazebo_ws/src/scv_robot_gazebo/install/scv_robot_gazebo/share/scv_robot_gazebo//robots/hunter_robot/LICENSE
[14.170s] -- Installing: /home/d2-521-30/hunter_gazebo_ws/src/scv_robot_gazebo/install/scv_robot_gazebo/share/scv_robot_gazebo//robots/hunter_robot/.git
[14.170s] -- Installing: /home/d2-521-30/hunter_gazebo_ws/src/scv_robot_gazebo/install/scv_robot_gazebo/share/scv_robot_gazebo//robots/hunter_robot/hunter_description
[14.171s] -- Installing: /home/d2-521-30/hunter_gazebo_ws/src/scv_robot_gazebo/install/scv_robot_gazebo/share/scv_robot_gazebo//robots/hunter_robot/hunter_description/CMakeLists.txt
[14.171s] -- Installing: /home/d2-521-30/hunter_gazebo_ws/src/scv_robot_gazebo/install/scv_robot_gazebo/share/scv_robot_gazebo//robots/hunter_robot/hunter_description/launch
[14.171s] -- Installing: /home/d2-521-30/hunter_gazebo_ws/src/scv_robot_gazebo/install/scv_robot_gazebo/share/scv_robot_gazebo//robots/hunter_robot/hunter_description/launch/robot_view.launch.py
[14.171s] -- Installing: /home/d2-521-30/hunter_gazebo_ws/src/scv_robot_gazebo/install/scv_robot_gazebo/share/scv_robot_gazebo//robots/hunter_robot/hunter_description/meshes
[14.171s] -- Installing: /home/d2-521-30/hunter_gazebo_ws/src/scv_robot_gazebo/install/scv_robot_gazebo/share/scv_robot_gazebo//robots/hunter_robot/hunter_description/meshes/front_left_wheel.dae
[14.171s] -- Installing: /home/d2-521-30/hunter_gazebo_ws/src/scv_robot_gazebo/install/scv_robot_gazebo/share/scv_robot_gazebo//robots/hunter_robot/hunter_description/meshes/rear_right_wheel.dae
[14.172s] -- Installing: /home/d2-521-30/hunter_gazebo_ws/src/scv_robot_gazebo/install/scv_robot_gazebo/share/scv_robot_gazebo//robots/hunter_robot/hunter_description/meshes/rear_left_wheel.dae
[14.173s] -- Installing: /home/d2-521-30/hunter_gazebo_ws/src/scv_robot_gazebo/install/scv_robot_gazebo/share/scv_robot_gazebo//robots/hunter_robot/hunter_description/meshes/chassis.dae
[14.176s] -- Installing: /home/d2-521-30/hunter_gazebo_ws/src/scv_robot_gazebo/install/scv_robot_gazebo/share/scv_robot_gazebo//robots/hunter_robot/hunter_description/meshes/front_right_wheel.dae
[14.176s] -- Installing: /home/d2-521-30/hunter_gazebo_ws/src/scv_robot_gazebo/install/scv_robot_gazebo/share/scv_robot_gazebo//robots/hunter_robot/hunter_description/config
[14.176s] -- Installing: /home/d2-521-30/hunter_gazebo_ws/src/scv_robot_gazebo/install/scv_robot_gazebo/share/scv_robot_gazebo//robots/hunter_robot/hunter_description/config/ackermann_like_controller.yaml
[14.177s] -- Installing: /home/d2-521-30/hunter_gazebo_ws/src/scv_robot_gazebo/install/scv_robot_gazebo/share/scv_robot_gazebo//robots/hunter_robot/hunter_description/CHANGELOG.rst
[14.177s] -- Installing: /home/d2-521-30/hunter_gazebo_ws/src/scv_robot_gazebo/install/scv_robot_gazebo/share/scv_robot_gazebo//robots/hunter_robot/hunter_description/description
[14.177s] -- Installing: /home/d2-521-30/hunter_gazebo_ws/src/scv_robot_gazebo/install/scv_robot_gazebo/share/scv_robot_gazebo//robots/hunter_robot/hunter_description/description/robot_core.xacro
[14.177s] -- Installing: /home/d2-521-30/hunter_gazebo_ws/src/scv_robot_gazebo/install/scv_robot_gazebo/share/scv_robot_gazebo//robots/hunter_robot/hunter_description/description/robot_core_real_hack.xacro
[14.177s] -- Installing: /home/d2-521-30/hunter_gazebo_ws/src/scv_robot_gazebo/install/scv_robot_gazebo/share/scv_robot_gazebo//robots/hunter_robot/hunter_description/description/robot.urdf.xacro
[14.177s] -- Installing: /home/d2-521-30/hunter_gazebo_ws/src/scv_robot_gazebo/install/scv_robot_gazebo/share/scv_robot_gazebo//robots/hunter_robot/hunter_description/description/meshes.xacro
[14.177s] -- Installing: /home/d2-521-30/hunter_gazebo_ws/src/scv_robot_gazebo/install/scv_robot_gazebo/share/scv_robot_gazebo//robots/hunter_robot/hunter_description/description/inertial_macros.xacro
[14.178s] -- Installing: /home/d2-521-30/hunter_gazebo_ws/src/scv_robot_gazebo/install/scv_robot_gazebo/share/scv_robot_gazebo//robots/hunter_robot/hunter_description/description/ros2_control.xacro
[14.178s] -- Installing: /home/d2-521-30/hunter_gazebo_ws/src/scv_robot_gazebo/install/scv_robot_gazebo/share/scv_robot_gazebo//robots/hunter_robot/hunter_description/package.xml
[14.178s] -- Installing: /home/d2-521-30/hunter_gazebo_ws/src/scv_robot_gazebo/install/scv_robot_gazebo/share/scv_robot_gazebo//robots/hunter_robot/hunter_description/rviz
[14.178s] -- Installing: /home/d2-521-30/hunter_gazebo_ws/src/scv_robot_gazebo/install/scv_robot_gazebo/share/scv_robot_gazebo//robots/hunter_robot/hunter_description/rviz/robot_view.rviz
[14.178s] -- Installing: /home/d2-521-30/hunter_gazebo_ws/src/scv_robot_gazebo/install/scv_robot_gazebo/share/scv_robot_gazebo//robots/hunter_robot/hunter_gazebo
[14.178s] -- Installing: /home/d2-521-30/hunter_gazebo_ws/src/scv_robot_gazebo/install/scv_robot_gazebo/share/scv_robot_gazebo//robots/hunter_robot/hunter_gazebo/CMakeLists.txt
[14.178s] -- Installing: /home/d2-521-30/hunter_gazebo_ws/src/scv_robot_gazebo/install/scv_robot_gazebo/share/scv_robot_gazebo//robots/hunter_robot/hunter_gazebo/launch
[14.178s] -- Installing: /home/d2-521-30/hunter_gazebo_ws/src/scv_robot_gazebo/install/scv_robot_gazebo/share/scv_robot_gazebo//robots/hunter_robot/hunter_gazebo/launch/launch_sim.launch.py
[14.179s] -- Installing: /home/d2-521-30/hunter_gazebo_ws/src/scv_robot_gazebo/install/scv_robot_gazebo/share/scv_robot_gazebo//robots/hunter_robot/hunter_gazebo/config
[14.179s] -- Installing: /home/d2-521-30/hunter_gazebo_ws/src/scv_robot_gazebo/install/scv_robot_gazebo/share/scv_robot_gazebo//robots/hunter_robot/hunter_gazebo/config/gazebo_params.yaml
[14.179s] -- Installing: /home/d2-521-30/hunter_gazebo_ws/src/scv_robot_gazebo/install/scv_robot_gazebo/share/scv_robot_gazebo//robots/hunter_robot/hunter_gazebo/CHANGELOG.rst
[14.179s] -- Installing: /home/d2-521-30/hunter_gazebo_ws/src/scv_robot_gazebo/install/scv_robot_gazebo/share/scv_robot_gazebo//robots/hunter_robot/hunter_gazebo/package.xml
[14.179s] -- Installing: /home/d2-521-30/hunter_gazebo_ws/src/scv_robot_gazebo/install/scv_robot_gazebo/share/scv_robot_gazebo//robots/hunter_robot/.gitignore
[14.179s] -- Installing: /home/d2-521-30/hunter_gazebo_ws/src/scv_robot_gazebo/install/scv_robot_gazebo/share/scv_robot_gazebo//robots/hunter_robot/.devcontainer
[14.179s] -- Installing: /home/d2-521-30/hunter_gazebo_ws/src/scv_robot_gazebo/install/scv_robot_gazebo/share/scv_robot_gazebo//robots/hunter_robot/.devcontainer/Dockerfile
[14.179s] -- Installing: /home/d2-521-30/hunter_gazebo_ws/src/scv_robot_gazebo/install/scv_robot_gazebo/share/scv_robot_gazebo//robots/hunter_robot/.devcontainer/devcontainer.json
[14.179s] -- Installing: /home/d2-521-30/hunter_gazebo_ws/src/scv_robot_gazebo/install/scv_robot_gazebo/share/scv_robot_gazebo//robots/hunter_robot/.github
[14.180s] -- Installing: /home/d2-521-30/hunter_gazebo_ws/src/scv_robot_gazebo/install/scv_robot_gazebo/share/scv_robot_gazebo//robots/hunter_robot/.github/workflows
[14.180s] -- Installing: /home/d2-521-30/hunter_gazebo_ws/src/scv_robot_gazebo/install/scv_robot_gazebo/share/scv_robot_gazebo//robots/hunter_robot/.github/workflows/ros-ci.yml
[14.180s] -- Installing: /home/d2-521-30/hunter_gazebo_ws/src/scv_robot_gazebo/install/scv_robot_gazebo/share/scv_robot_gazebo//sensors
[14.180s] -- Installing: /home/d2-521-30/hunter_gazebo_ws/src/scv_robot_gazebo/install/scv_robot_gazebo/share/scv_robot_gazebo//sensors/velodyne_simulator
[14.180s] -- Installing: /home/d2-521-30/hunter_gazebo_ws/src/scv_robot_gazebo/install/scv_robot_gazebo/share/scv_robot_gazebo//sensors/velodyne_simulator/README.md
[14.180s] -- Installing: /home/d2-521-30/hunter_gazebo_ws/src/scv_robot_gazebo/install/scv_robot_gazebo/share/scv_robot_gazebo//sensors/velodyne_simulator/LICENSE
[14.180s] -- Installing: /home/d2-521-30/hunter_gazebo_ws/src/scv_robot_gazebo/install/scv_robot_gazebo/share/scv_robot_gazebo//sensors/velodyne_simulator/img
[14.180s] -- Installing: /home/d2-521-30/hunter_gazebo_ws/src/scv_robot_gazebo/install/scv_robot_gazebo/share/scv_robot_gazebo//sensors/velodyne_simulator/img/rviz.png
[14.180s] -- Installing: /home/d2-521-30/hunter_gazebo_ws/src/scv_robot_gazebo/install/scv_robot_gazebo/share/scv_robot_gazebo//sensors/velodyne_simulator/img/gpu.png
[14.181s] -- Installing: /home/d2-521-30/hunter_gazebo_ws/src/scv_robot_gazebo/install/scv_robot_gazebo/share/scv_robot_gazebo//sensors/velodyne_simulator/.git
[14.181s] -- Installing: /home/d2-521-30/hunter_gazebo_ws/src/scv_robot_gazebo/install/scv_robot_gazebo/share/scv_robot_gazebo//sensors/velodyne_simulator/velodyne_description
[14.181s] -- Installing: /home/d2-521-30/hunter_gazebo_ws/src/scv_robot_gazebo/install/scv_robot_gazebo/share/scv_robot_gazebo//sensors/velodyne_simulator/velodyne_description/CMakeLists.txt
[14.181s] -- Installing: /home/d2-521-30/hunter_gazebo_ws/src/scv_robot_gazebo/install/scv_robot_gazebo/share/scv_robot_gazebo//sensors/velodyne_simulator/velodyne_description/launch
[14.181s] -- Installing: /home/d2-521-30/hunter_gazebo_ws/src/scv_robot_gazebo/install/scv_robot_gazebo/share/scv_robot_gazebo//sensors/velodyne_simulator/velodyne_description/launch/example-launch.py
[14.181s] -- Installing: /home/d2-521-30/hunter_gazebo_ws/src/scv_robot_gazebo/install/scv_robot_gazebo/share/scv_robot_gazebo//sensors/velodyne_simulator/velodyne_description/meshes
[14.181s] -- Installing: /home/d2-521-30/hunter_gazebo_ws/src/scv_robot_gazebo/install/scv_robot_gazebo/share/scv_robot_gazebo//sensors/velodyne_simulator/velodyne_description/meshes/HDL32E_scan.stl
[14.181s] -- Installing: /home/d2-521-30/hunter_gazebo_ws/src/scv_robot_gazebo/install/scv_robot_gazebo/share/scv_robot_gazebo//sensors/velodyne_simulator/velodyne_description/meshes/VLP16_base_2.stl
[14.181s] -- Installing: /home/d2-521-30/hunter_gazebo_ws/src/scv_robot_gazebo/install/scv_robot_gazebo/share/scv_robot_gazebo//sensors/velodyne_simulator/velodyne_description/meshes/HDL32E_base.dae
[14.181s] -- Installing: /home/d2-521-30/hunter_gazebo_ws/src/scv_robot_gazebo/install/scv_robot_gazebo/share/scv_robot_gazebo//sensors/velodyne_simulator/velodyne_description/meshes/VLP16_base_2.dae
[14.182s] -- Installing: /home/d2-521-30/hunter_gazebo_ws/src/scv_robot_gazebo/install/scv_robot_gazebo/share/scv_robot_gazebo//sensors/velodyne_simulator/velodyne_description/meshes/HDL32E_base.stl
[14.182s] -- Installing: /home/d2-521-30/hunter_gazebo_ws/src/scv_robot_gazebo/install/scv_robot_gazebo/share/scv_robot_gazebo//sensors/velodyne_simulator/velodyne_description/meshes/VLP16_base_1.dae
[14.182s] -- Installing: /home/d2-521-30/hunter_gazebo_ws/src/scv_robot_gazebo/install/scv_robot_gazebo/share/scv_robot_gazebo//sensors/velodyne_simulator/velodyne_description/meshes/VLP16_scan.dae
[14.182s] -- Installing: /home/d2-521-30/hunter_gazebo_ws/src/scv_robot_gazebo/install/scv_robot_gazebo/share/scv_robot_gazebo//sensors/velodyne_simulator/velodyne_description/meshes/VLP16_scan.stl
[14.182s] -- Installing: /home/d2-521-30/hunter_gazebo_ws/src/scv_robot_gazebo/install/scv_robot_gazebo/share/scv_robot_gazebo//sensors/velodyne_simulator/velodyne_description/meshes/HDL32E_scan.dae
[14.183s] -- Installing: /home/d2-521-30/hunter_gazebo_ws/src/scv_robot_gazebo/install/scv_robot_gazebo/share/scv_robot_gazebo//sensors/velodyne_simulator/velodyne_description/meshes/VLP16_base_1.stl
[14.183s] -- Installing: /home/d2-521-30/hunter_gazebo_ws/src/scv_robot_gazebo/install/scv_robot_gazebo/share/scv_robot_gazebo//sensors/velodyne_simulator/velodyne_description/urdf
[14.183s] -- Installing: /home/d2-521-30/hunter_gazebo_ws/src/scv_robot_gazebo/install/scv_robot_gazebo/share/scv_robot_gazebo//sensors/velodyne_simulator/velodyne_description/urdf/HDL-32E.urdf.xacro
[14.183s] -- Installing: /home/d2-521-30/hunter_gazebo_ws/src/scv_robot_gazebo/install/scv_robot_gazebo/share/scv_robot_gazebo//sensors/velodyne_simulator/velodyne_description/urdf/VLP-16.urdf.xacro
[14.184s] -- Installing: /home/d2-521-30/hunter_gazebo_ws/src/scv_robot_gazebo/install/scv_robot_gazebo/share/scv_robot_gazebo//sensors/velodyne_simulator/velodyne_description/urdf/VLP-32C.urdf.xacro
[14.184s] -- Installing: /home/d2-521-30/hunter_gazebo_ws/src/scv_robot_gazebo/install/scv_robot_gazebo/share/scv_robot_gazebo//sensors/velodyne_simulator/velodyne_description/urdf/example.urdf.xacro
[14.184s] -- Installing: /home/d2-521-30/hunter_gazebo_ws/src/scv_robot_gazebo/install/scv_robot_gazebo/share/scv_robot_gazebo//sensors/velodyne_simulator/velodyne_description/CHANGELOG.rst
[14.184s] -- Installing: /home/d2-521-30/hunter_gazebo_ws/src/scv_robot_gazebo/install/scv_robot_gazebo/share/scv_robot_gazebo//sensors/velodyne_simulator/velodyne_description/world
[14.184s] -- Installing: /home/d2-521-30/hunter_gazebo_ws/src/scv_robot_gazebo/install/scv_robot_gazebo/share/scv_robot_gazebo//sensors/velodyne_simulator/velodyne_description/world/example.world
[14.184s] -- Installing: /home/d2-521-30/hunter_gazebo_ws/src/scv_robot_gazebo/install/scv_robot_gazebo/share/scv_robot_gazebo//sensors/velodyne_simulator/velodyne_description/package.xml
[14.184s] -- Installing: /home/d2-521-30/hunter_gazebo_ws/src/scv_robot_gazebo/install/scv_robot_gazebo/share/scv_robot_gazebo//sensors/velodyne_simulator/velodyne_description/rviz
[14.184s] -- Installing: /home/d2-521-30/hunter_gazebo_ws/src/scv_robot_gazebo/install/scv_robot_gazebo/share/scv_robot_gazebo//sensors/velodyne_simulator/velodyne_description/rviz/example.rviz
[14.185s] -- Installing: /home/d2-521-30/hunter_gazebo_ws/src/scv_robot_gazebo/install/scv_robot_gazebo/share/scv_robot_gazebo//sensors/velodyne_simulator/.gitignore
[14.185s] -- Installing: /home/d2-521-30/hunter_gazebo_ws/src/scv_robot_gazebo/install/scv_robot_gazebo/share/scv_robot_gazebo//sensors/velodyne_simulator/velodyne_gazebo_plugins
[14.185s] -- Installing: /home/d2-521-30/hunter_gazebo_ws/src/scv_robot_gazebo/install/scv_robot_gazebo/share/scv_robot_gazebo//sensors/velodyne_simulator/velodyne_gazebo_plugins/CMakeLists.txt
[14.185s] -- Installing: /home/d2-521-30/hunter_gazebo_ws/src/scv_robot_gazebo/install/scv_robot_gazebo/share/scv_robot_gazebo//sensors/velodyne_simulator/velodyne_gazebo_plugins/src
[14.185s] -- Installing: /home/d2-521-30/hunter_gazebo_ws/src/scv_robot_gazebo/install/scv_robot_gazebo/share/scv_robot_gazebo//sensors/velodyne_simulator/velodyne_gazebo_plugins/src/GazeboRosVelodyneLaser.cpp
[14.185s] -- Installing: /home/d2-521-30/hunter_gazebo_ws/src/scv_robot_gazebo/install/scv_robot_gazebo/share/scv_robot_gazebo//sensors/velodyne_simulator/velodyne_gazebo_plugins/CHANGELOG.rst
[14.185s] -- Installing: /home/d2-521-30/hunter_gazebo_ws/src/scv_robot_gazebo/install/scv_robot_gazebo/share/scv_robot_gazebo//sensors/velodyne_simulator/velodyne_gazebo_plugins/include
[14.185s] -- Installing: /home/d2-521-30/hunter_gazebo_ws/src/scv_robot_gazebo/install/scv_robot_gazebo/share/scv_robot_gazebo//sensors/velodyne_simulator/velodyne_gazebo_plugins/include/velodyne_gazebo_plugins
[14.186s] -- Installing: /home/d2-521-30/hunter_gazebo_ws/src/scv_robot_gazebo/install/scv_robot_gazebo/share/scv_robot_gazebo//sensors/velodyne_simulator/velodyne_gazebo_plugins/include/velodyne_gazebo_plugins/GazeboRosVelodyneLaser.h
[14.186s] -- Installing: /home/d2-521-30/hunter_gazebo_ws/src/scv_robot_gazebo/install/scv_robot_gazebo/share/scv_robot_gazebo//sensors/velodyne_simulator/velodyne_gazebo_plugins/package.xml
[14.186s] -- Installing: /home/d2-521-30/hunter_gazebo_ws/src/scv_robot_gazebo/install/scv_robot_gazebo/share/scv_robot_gazebo//sensors/velodyne_simulator/bitbucket-pipelines.yml
[14.186s] -- Installing: /home/d2-521-30/hunter_gazebo_ws/src/scv_robot_gazebo/install/scv_robot_gazebo/share/scv_robot_gazebo//sensors/velodyne_simulator/gazebo_upgrade.md
[14.186s] -- Installing: /home/d2-521-30/hunter_gazebo_ws/src/scv_robot_gazebo/install/scv_robot_gazebo/share/scv_robot_gazebo//sensors/velodyne_simulator/velodyne_simulator
[14.186s] -- Installing: /home/d2-521-30/hunter_gazebo_ws/src/scv_robot_gazebo/install/scv_robot_gazebo/share/scv_robot_gazebo//sensors/velodyne_simulator/velodyne_simulator/CMakeLists.txt
[14.186s] -- Installing: /home/d2-521-30/hunter_gazebo_ws/src/scv_robot_gazebo/install/scv_robot_gazebo/share/scv_robot_gazebo//sensors/velodyne_simulator/velodyne_simulator/CHANGELOG.rst
[14.186s] -- Installing: /home/d2-521-30/hunter_gazebo_ws/src/scv_robot_gazebo/install/scv_robot_gazebo/share/scv_robot_gazebo//sensors/velodyne_simulator/velodyne_simulator/package.xml
[14.186s] -- Installing: /home/d2-521-30/hunter_gazebo_ws/src/scv_robot_gazebo/install/scv_robot_gazebo/share/ament_index/resource_index/package_run_dependencies/scv_robot_gazebo
[14.187s] -- Installing: /home/d2-521-30/hunter_gazebo_ws/src/scv_robot_gazebo/install/scv_robot_gazebo/share/ament_index/resource_index/parent_prefix_path/scv_robot_gazebo
[14.187s] -- Installing: /home/d2-521-30/hunter_gazebo_ws/src/scv_robot_gazebo/install/scv_robot_gazebo/share/scv_robot_gazebo/environment/ament_prefix_path.sh
[14.187s] -- Installing: /home/d2-521-30/hunter_gazebo_ws/src/scv_robot_gazebo/install/scv_robot_gazebo/share/scv_robot_gazebo/environment/ament_prefix_path.dsv
[14.187s] -- Installing: /home/d2-521-30/hunter_gazebo_ws/src/scv_robot_gazebo/install/scv_robot_gazebo/share/scv_robot_gazebo/environment/path.sh
[14.187s] -- Installing: /home/d2-521-30/hunter_gazebo_ws/src/scv_robot_gazebo/install/scv_robot_gazebo/share/scv_robot_gazebo/environment/path.dsv
[14.187s] -- Installing: /home/d2-521-30/hunter_gazebo_ws/src/scv_robot_gazebo/install/scv_robot_gazebo/share/scv_robot_gazebo/local_setup.bash
[14.187s] -- Installing: /home/d2-521-30/hunter_gazebo_ws/src/scv_robot_gazebo/install/scv_robot_gazebo/share/scv_robot_gazebo/local_setup.sh
[14.188s] -- Installing: /home/d2-521-30/hunter_gazebo_ws/src/scv_robot_gazebo/install/scv_robot_gazebo/share/scv_robot_gazebo/local_setup.zsh
[14.188s] -- Installing: /home/d2-521-30/hunter_gazebo_ws/src/scv_robot_gazebo/install/scv_robot_gazebo/share/scv_robot_gazebo/local_setup.dsv
[14.188s] -- Installing: /home/d2-521-30/hunter_gazebo_ws/src/scv_robot_gazebo/install/scv_robot_gazebo/share/scv_robot_gazebo/package.dsv
[14.188s] -- Installing: /home/d2-521-30/hunter_gazebo_ws/src/scv_robot_gazebo/install/scv_robot_gazebo/share/ament_index/resource_index/packages/scv_robot_gazebo
[14.188s] -- Installing: /home/d2-521-30/hunter_gazebo_ws/src/scv_robot_gazebo/install/scv_robot_gazebo/share/scv_robot_gazebo/cmake/scv_robot_gazeboConfig.cmake
[14.188s] -- Installing: /home/d2-521-30/hunter_gazebo_ws/src/scv_robot_gazebo/install/scv_robot_gazebo/share/scv_robot_gazebo/cmake/scv_robot_gazeboConfig-version.cmake
[14.188s] -- Installing: /home/d2-521-30/hunter_gazebo_ws/src/scv_robot_gazebo/install/scv_robot_gazebo/share/scv_robot_gazebo/package.xml
[14.189s] -- Installing: /home/d2-521-30/hunter_gazebo_ws/src/scv_robot_gazebo/install/scv_robot_gazebo/share/ament_index/resource_index/package_run_dependencies/velodyne_description
[14.189s] -- Installing: /home/d2-521-30/hunter_gazebo_ws/src/scv_robot_gazebo/install/scv_robot_gazebo/share/ament_index/resource_index/parent_prefix_path/velodyne_description
[14.189s] -- Installing: /home/d2-521-30/hunter_gazebo_ws/src/scv_robot_gazebo/install/scv_robot_gazebo/share/velodyne_description/environment/ament_prefix_path.sh
[14.189s] -- Installing: /home/d2-521-30/hunter_gazebo_ws/src/scv_robot_gazebo/install/scv_robot_gazebo/share/velodyne_description/environment/ament_prefix_path.dsv
[14.189s] -- Installing: /home/d2-521-30/hunter_gazebo_ws/src/scv_robot_gazebo/install/scv_robot_gazebo/share/velodyne_description/environment/path.sh
[14.189s] -- Installing: /home/d2-521-30/hunter_gazebo_ws/src/scv_robot_gazebo/install/scv_robot_gazebo/share/velodyne_description/environment/path.dsv
[14.190s] -- Installing: /home/d2-521-30/hunter_gazebo_ws/src/scv_robot_gazebo/install/scv_robot_gazebo/share/velodyne_description/local_setup.bash
[14.190s] -- Installing: /home/d2-521-30/hunter_gazebo_ws/src/scv_robot_gazebo/install/scv_robot_gazebo/share/velodyne_description/local_setup.sh
[14.190s] -- Installing: /home/d2-521-30/hunter_gazebo_ws/src/scv_robot_gazebo/install/scv_robot_gazebo/share/velodyne_description/local_setup.zsh
[14.190s] -- Installing: /home/d2-521-30/hunter_gazebo_ws/src/scv_robot_gazebo/install/scv_robot_gazebo/share/velodyne_description/local_setup.dsv
[14.190s] -- Installing: /home/d2-521-30/hunter_gazebo_ws/src/scv_robot_gazebo/install/scv_robot_gazebo/share/velodyne_description/package.dsv
[14.190s] -- Installing: /home/d2-521-30/hunter_gazebo_ws/src/scv_robot_gazebo/install/scv_robot_gazebo/share/ament_index/resource_index/packages/velodyne_description
[14.191s] -- Installing: /home/d2-521-30/hunter_gazebo_ws/src/scv_robot_gazebo/install/scv_robot_gazebo/share/velodyne_description/cmake/velodyne_descriptionConfig.cmake
[14.191s] -- Installing: /home/d2-521-30/hunter_gazebo_ws/src/scv_robot_gazebo/install/scv_robot_gazebo/share/velodyne_description/cmake/velodyne_descriptionConfig-version.cmake
[14.191s] -- Installing: /home/d2-521-30/hunter_gazebo_ws/src/scv_robot_gazebo/install/scv_robot_gazebo/share/velodyne_description/package.xml
[14.191s] -- Installing: /home/d2-521-30/hunter_gazebo_ws/src/scv_robot_gazebo/install/scv_robot_gazebo/share/velodyne_description/launch
[14.191s] -- Installing: /home/d2-521-30/hunter_gazebo_ws/src/scv_robot_gazebo/install/scv_robot_gazebo/share/velodyne_description/launch/example-launch.py
[14.191s] -- Installing: /home/d2-521-30/hunter_gazebo_ws/src/scv_robot_gazebo/install/scv_robot_gazebo/share/velodyne_description/meshes
[14.191s] -- Installing: /home/d2-521-30/hunter_gazebo_ws/src/scv_robot_gazebo/install/scv_robot_gazebo/share/velodyne_description/meshes/HDL32E_scan.stl
[14.191s] -- Installing: /home/d2-521-30/hunter_gazebo_ws/src/scv_robot_gazebo/install/scv_robot_gazebo/share/velodyne_description/meshes/VLP16_base_2.stl
[14.192s] -- Installing: /home/d2-521-30/hunter_gazebo_ws/src/scv_robot_gazebo/install/scv_robot_gazebo/share/velodyne_description/meshes/HDL32E_base.dae
[14.192s] -- Installing: /home/d2-521-30/hunter_gazebo_ws/src/scv_robot_gazebo/install/scv_robot_gazebo/share/velodyne_description/meshes/VLP16_base_2.dae
[14.192s] -- Installing: /home/d2-521-30/hunter_gazebo_ws/src/scv_robot_gazebo/install/scv_robot_gazebo/share/velodyne_description/meshes/HDL32E_base.stl
[14.192s] -- Installing: /home/d2-521-30/hunter_gazebo_ws/src/scv_robot_gazebo/install/scv_robot_gazebo/share/velodyne_description/meshes/VLP16_base_1.dae
[14.193s] -- Installing: /home/d2-521-30/hunter_gazebo_ws/src/scv_robot_gazebo/install/scv_robot_gazebo/share/velodyne_description/meshes/VLP16_scan.dae
[14.193s] -- Installing: /home/d2-521-30/hunter_gazebo_ws/src/scv_robot_gazebo/install/scv_robot_gazebo/share/velodyne_description/meshes/VLP16_scan.stl
[14.193s] -- Installing: /home/d2-521-30/hunter_gazebo_ws/src/scv_robot_gazebo/install/scv_robot_gazebo/share/velodyne_description/meshes/HDL32E_scan.dae
[14.193s] -- Installing: /home/d2-521-30/hunter_gazebo_ws/src/scv_robot_gazebo/install/scv_robot_gazebo/share/velodyne_description/meshes/VLP16_base_1.stl
[14.194s] -- Installing: /home/d2-521-30/hunter_gazebo_ws/src/scv_robot_gazebo/install/scv_robot_gazebo/share/velodyne_description/rviz
[14.194s] -- Installing: /home/d2-521-30/hunter_gazebo_ws/src/scv_robot_gazebo/install/scv_robot_gazebo/share/velodyne_description/rviz/example.rviz
[14.194s] -- Installing: /home/d2-521-30/hunter_gazebo_ws/src/scv_robot_gazebo/install/scv_robot_gazebo/share/velodyne_description/urdf
[14.194s] -- Installing: /home/d2-521-30/hunter_gazebo_ws/src/scv_robot_gazebo/install/scv_robot_gazebo/share/velodyne_description/urdf/HDL-32E.urdf.xacro
[14.194s] -- Installing: /home/d2-521-30/hunter_gazebo_ws/src/scv_robot_gazebo/install/scv_robot_gazebo/share/velodyne_description/urdf/VLP-16.urdf.xacro
[14.194s] -- Installing: /home/d2-521-30/hunter_gazebo_ws/src/scv_robot_gazebo/install/scv_robot_gazebo/share/velodyne_description/urdf/VLP-32C.urdf.xacro
[14.194s] -- Installing: /home/d2-521-30/hunter_gazebo_ws/src/scv_robot_gazebo/install/scv_robot_gazebo/share/velodyne_description/urdf/example.urdf.xacro
[14.195s] -- Installing: /home/d2-521-30/hunter_gazebo_ws/src/scv_robot_gazebo/install/scv_robot_gazebo/share/velodyne_description/world
[14.195s] -- Installing: /home/d2-521-30/hunter_gazebo_ws/src/scv_robot_gazebo/install/scv_robot_gazebo/share/velodyne_description/world/example.world
[14.195s] -- Installing: /home/d2-521-30/hunter_gazebo_ws/src/scv_robot_gazebo/install/scv_robot_gazebo/share/velodyne_gazebo_plugins/environment/library_path.sh
[14.195s] -- Installing: /home/d2-521-30/hunter_gazebo_ws/src/scv_robot_gazebo/install/scv_robot_gazebo/share/velodyne_gazebo_plugins/environment/library_path.dsv
[14.195s] -- Installing: /home/d2-521-30/hunter_gazebo_ws/src/scv_robot_gazebo/install/scv_robot_gazebo/share/ament_index/resource_index/package_run_dependencies/velodyne_gazebo_plugins
[14.195s] -- Installing: /home/d2-521-30/hunter_gazebo_ws/src/scv_robot_gazebo/install/scv_robot_gazebo/share/ament_index/resource_index/parent_prefix_path/velodyne_gazebo_plugins
[14.195s] -- Installing: /home/d2-521-30/hunter_gazebo_ws/src/scv_robot_gazebo/install/scv_robot_gazebo/share/velodyne_gazebo_plugins/environment/ament_prefix_path.sh
[14.196s] -- Installing: /home/d2-521-30/hunter_gazebo_ws/src/scv_robot_gazebo/install/scv_robot_gazebo/share/velodyne_gazebo_plugins/environment/ament_prefix_path.dsv
[14.196s] -- Installing: /home/d2-521-30/hunter_gazebo_ws/src/scv_robot_gazebo/install/scv_robot_gazebo/share/velodyne_gazebo_plugins/environment/path.sh
[14.196s] -- Installing: /home/d2-521-30/hunter_gazebo_ws/src/scv_robot_gazebo/install/scv_robot_gazebo/share/velodyne_gazebo_plugins/environment/path.dsv
[14.196s] -- Installing: /home/d2-521-30/hunter_gazebo_ws/src/scv_robot_gazebo/install/scv_robot_gazebo/share/velodyne_gazebo_plugins/local_setup.bash
[14.196s] -- Installing: /home/d2-521-30/hunter_gazebo_ws/src/scv_robot_gazebo/install/scv_robot_gazebo/share/velodyne_gazebo_plugins/local_setup.sh
[14.196s] -- Installing: /home/d2-521-30/hunter_gazebo_ws/src/scv_robot_gazebo/install/scv_robot_gazebo/share/velodyne_gazebo_plugins/local_setup.zsh
[14.197s] -- Installing: /home/d2-521-30/hunter_gazebo_ws/src/scv_robot_gazebo/install/scv_robot_gazebo/share/velodyne_gazebo_plugins/local_setup.dsv
[14.197s] -- Installing: /home/d2-521-30/hunter_gazebo_ws/src/scv_robot_gazebo/install/scv_robot_gazebo/share/velodyne_gazebo_plugins/package.dsv
[14.197s] -- Installing: /home/d2-521-30/hunter_gazebo_ws/src/scv_robot_gazebo/install/scv_robot_gazebo/share/ament_index/resource_index/packages/velodyne_gazebo_plugins
[14.197s] -- Installing: /home/d2-521-30/hunter_gazebo_ws/src/scv_robot_gazebo/install/scv_robot_gazebo/share/velodyne_gazebo_plugins/cmake/ament_cmake_export_libraries-extras.cmake
[14.197s] -- Installing: /home/d2-521-30/hunter_gazebo_ws/src/scv_robot_gazebo/install/scv_robot_gazebo/share/velodyne_gazebo_plugins/cmake/ament_cmake_export_include_directories-extras.cmake
[14.197s] -- Installing: /home/d2-521-30/hunter_gazebo_ws/src/scv_robot_gazebo/install/scv_robot_gazebo/share/velodyne_gazebo_plugins/cmake/ament_cmake_export_dependencies-extras.cmake
[14.197s] -- Installing: /home/d2-521-30/hunter_gazebo_ws/src/scv_robot_gazebo/install/scv_robot_gazebo/share/velodyne_gazebo_plugins/cmake/velodyne_gazebo_pluginsConfig.cmake
[14.198s] -- Installing: /home/d2-521-30/hunter_gazebo_ws/src/scv_robot_gazebo/install/scv_robot_gazebo/share/velodyne_gazebo_plugins/cmake/velodyne_gazebo_pluginsConfig-version.cmake
[14.198s] -- Installing: /home/d2-521-30/hunter_gazebo_ws/src/scv_robot_gazebo/install/scv_robot_gazebo/share/velodyne_gazebo_plugins/package.xml
[14.198s] -- Installing: /home/d2-521-30/hunter_gazebo_ws/src/scv_robot_gazebo/install/scv_robot_gazebo/include
[14.198s] -- Installing: /home/d2-521-30/hunter_gazebo_ws/src/scv_robot_gazebo/install/scv_robot_gazebo/include/velodyne_gazebo_plugins
[14.198s] -- Installing: /home/d2-521-30/hunter_gazebo_ws/src/scv_robot_gazebo/install/scv_robot_gazebo/include/velodyne_gazebo_plugins/GazeboRosVelodyneLaser.h
[14.198s] -- Installing: /home/d2-521-30/hunter_gazebo_ws/src/scv_robot_gazebo/install/scv_robot_gazebo/lib/libgazebo_ros_velodyne_laser.so
[14.203s] -- Set runtime path of "/home/d2-521-30/hunter_gazebo_ws/src/scv_robot_gazebo/install/scv_robot_gazebo/lib/libgazebo_ros_velodyne_laser.so" to ""
[14.206s] Invoked command in '/home/d2-521-30/hunter_gazebo_ws/src/scv_robot_gazebo/build/scv_robot_gazebo' returned '0': CMAKE_PREFIX_PATH=/opt/ros/humble /usr/bin/cmake --install /home/d2-521-30/hunter_gazebo_ws/src/scv_robot_gazebo/build/scv_robot_gazebo
