[0.078s] DEBUG:colcon:Command line arguments: ['/usr/bin/colcon', 'build']
[0.079s] DEBUG:colcon:Parsed command line arguments: Namespace(log_base=None, log_level=None, verb_name='build', build_base='build', install_base='install', merge_install=False, symlink_install=False, test_result_base=None, continue_on_error=False, executor='parallel', parallel_workers=16, event_handlers=None, ignore_user_meta=False, metas=['./colcon.meta'], base_paths=['.'], packages_ignore=None, packages_ignore_regex=None, paths=None, packages_up_to=None, packages_up_to_regex=None, packages_above=None, packages_above_and_dependencies=None, packages_above_depth=None, packages_select_by_dep=None, packages_skip_by_dep=None, packages_skip_up_to=None, packages_select_build_failed=False, packages_skip_build_finished=False, packages_select_test_failures=False, packages_skip_test_passed=False, packages_select=None, packages_skip=None, packages_select_regex=None, packages_skip_regex=None, packages_start=None, packages_end=None, allow_overriding=[], cmake_args=None, cmake_target=None, cmake_target_skip_unavailable=False, cmake_clean_cache=False, cmake_clean_first=False, cmake_force_configure=False, ament_cmake_args=None, catkin_cmake_args=None, catkin_skip_building_tests=False, verb_parser=<colcon_defaults.argument_parser.defaults.DefaultArgumentsDecorator object at 0x75305132baf0>, verb_extension=<colcon_core.verb.build.BuildVerb object at 0x753051470fd0>, main=<bound method BuildVerb.main of <colcon_core.verb.build.BuildVerb object at 0x753051470fd0>>)
[0.206s] Level 1:colcon.colcon_core.package_discovery:discover_packages(colcon_meta) check parameters
[0.206s] Level 1:colcon.colcon_core.package_discovery:discover_packages(recursive) check parameters
[0.206s] Level 1:colcon.colcon_core.package_discovery:discover_packages(ignore) check parameters
[0.206s] Level 1:colcon.colcon_core.package_discovery:discover_packages(path) check parameters
[0.206s] Level 1:colcon.colcon_core.package_discovery:discover_packages(colcon_meta) discover
[0.206s] Level 1:colcon.colcon_core.package_discovery:discover_packages(recursive) discover
[0.206s] INFO:colcon.colcon_core.package_discovery:Crawling recursively for packages in '/home/d2-521-30/hunter_gazebo_ws/src/scv_robot_gazebo'
[0.206s] Level 1:colcon.colcon_core.package_identification:_identify(.) by extensions ['ignore', 'ignore_ament_install']
[0.206s] Level 1:colcon.colcon_core.package_identification:_identify(.) by extension 'ignore'
[0.206s] Level 1:colcon.colcon_core.package_identification:_identify(.) by extension 'ignore_ament_install'
[0.206s] Level 1:colcon.colcon_core.package_identification:_identify(.) by extensions ['colcon_pkg']
[0.206s] Level 1:colcon.colcon_core.package_identification:_identify(.) by extension 'colcon_pkg'
[0.206s] Level 1:colcon.colcon_core.package_identification:_identify(.) by extensions ['colcon_meta']
[0.206s] Level 1:colcon.colcon_core.package_identification:_identify(.) by extension 'colcon_meta'
[0.206s] Level 1:colcon.colcon_core.package_identification:_identify(.) by extensions ['ros']
[0.206s] Level 1:colcon.colcon_core.package_identification:_identify(.) by extension 'ros'
[0.216s] DEBUG:colcon.colcon_core.package_identification:Package '.' with type 'ros.ament_cmake' and name 'scv_robot_gazebo'
[0.216s] Level 1:colcon.colcon_core.package_discovery:discover_packages(recursive) using defaults
[0.217s] Level 1:colcon.colcon_core.package_discovery:discover_packages(ignore) discover
[0.217s] Level 1:colcon.colcon_core.package_discovery:discover_packages(ignore) using defaults
[0.217s] Level 1:colcon.colcon_core.package_discovery:discover_packages(path) discover
[0.217s] Level 1:colcon.colcon_core.package_discovery:discover_packages(path) using defaults
[0.231s] Level 1:colcon.colcon_core.package_discovery:discover_packages(prefix_path) check parameters
[0.231s] Level 1:colcon.colcon_core.package_discovery:discover_packages(prefix_path) discover
[0.233s] DEBUG:colcon.colcon_installed_package_information.package_discovery:Found 337 installed packages in /opt/ros/humble
[0.243s] Level 1:colcon.colcon_core.package_discovery:discover_packages(prefix_path) using defaults
[0.276s] Level 5:colcon.colcon_core.verb:set package 'scv_robot_gazebo' build argument 'cmake_args' from command line to 'None'
[0.276s] Level 5:colcon.colcon_core.verb:set package 'scv_robot_gazebo' build argument 'cmake_target' from command line to 'None'
[0.276s] Level 5:colcon.colcon_core.verb:set package 'scv_robot_gazebo' build argument 'cmake_target_skip_unavailable' from command line to 'False'
[0.276s] Level 5:colcon.colcon_core.verb:set package 'scv_robot_gazebo' build argument 'cmake_clean_cache' from command line to 'False'
[0.277s] Level 5:colcon.colcon_core.verb:set package 'scv_robot_gazebo' build argument 'cmake_clean_first' from command line to 'False'
[0.277s] Level 5:colcon.colcon_core.verb:set package 'scv_robot_gazebo' build argument 'cmake_force_configure' from command line to 'False'
[0.277s] Level 5:colcon.colcon_core.verb:set package 'scv_robot_gazebo' build argument 'ament_cmake_args' from command line to 'None'
[0.277s] Level 5:colcon.colcon_core.verb:set package 'scv_robot_gazebo' build argument 'catkin_cmake_args' from command line to 'None'
[0.277s] Level 5:colcon.colcon_core.verb:set package 'scv_robot_gazebo' build argument 'catkin_skip_building_tests' from command line to 'False'
[0.277s] DEBUG:colcon.colcon_core.verb:Building package 'scv_robot_gazebo' with the following arguments: {'ament_cmake_args': None, 'build_base': '/home/d2-521-30/hunter_gazebo_ws/src/scv_robot_gazebo/build/scv_robot_gazebo', 'catkin_cmake_args': None, 'catkin_skip_building_tests': False, 'cmake_args': None, 'cmake_clean_cache': False, 'cmake_clean_first': False, 'cmake_force_configure': False, 'cmake_target': None, 'cmake_target_skip_unavailable': False, 'install_base': '/home/d2-521-30/hunter_gazebo_ws/src/scv_robot_gazebo/install/scv_robot_gazebo', 'merge_install': False, 'path': '/home/d2-521-30/hunter_gazebo_ws/src/scv_robot_gazebo', 'symlink_install': False, 'test_result_base': None}
[0.277s] INFO:colcon.colcon_core.executor:Executing jobs using 'parallel' executor
[0.278s] DEBUG:colcon.colcon_parallel_executor.executor.parallel:run_until_complete
[0.278s] INFO:colcon.colcon_ros.task.ament_cmake.build:Building ROS package in '/home/d2-521-30/hunter_gazebo_ws/src/scv_robot_gazebo' with build type 'ament_cmake'
[0.278s] INFO:colcon.colcon_cmake.task.cmake.build:Building CMake package in '/home/d2-521-30/hunter_gazebo_ws/src/scv_robot_gazebo'
[0.279s] INFO:colcon.colcon_core.plugin_system:Skipping extension 'colcon_core.shell.bat': Not used on non-Windows systems
[0.279s] INFO:colcon.colcon_core.shell:Skip shell extension 'powershell' for command environment: Not usable outside of PowerShell
[0.279s] DEBUG:colcon.colcon_core.shell:Skip shell extension 'dsv' for command environment
[0.286s] DEBUG:colcon.colcon_core.event_handler.log_command:Invoking command in '/home/d2-521-30/hunter_gazebo_ws/src/scv_robot_gazebo/build/scv_robot_gazebo': CMAKE_PREFIX_PATH=/opt/ros/humble /usr/bin/cmake /home/d2-521-30/hunter_gazebo_ws/src/scv_robot_gazebo -DCMAKE_INSTALL_PREFIX=/home/d2-521-30/hunter_gazebo_ws/src/scv_robot_gazebo/install/scv_robot_gazebo
[2.520s] DEBUG:colcon.colcon_core.event_handler.log_command:Invoked command in '/home/d2-521-30/hunter_gazebo_ws/src/scv_robot_gazebo/build/scv_robot_gazebo' returned '0': CMAKE_PREFIX_PATH=/opt/ros/humble /usr/bin/cmake /home/d2-521-30/hunter_gazebo_ws/src/scv_robot_gazebo -DCMAKE_INSTALL_PREFIX=/home/d2-521-30/hunter_gazebo_ws/src/scv_robot_gazebo/install/scv_robot_gazebo
[2.522s] DEBUG:colcon.colcon_core.event_handler.log_command:Invoking command in '/home/d2-521-30/hunter_gazebo_ws/src/scv_robot_gazebo/build/scv_robot_gazebo': CMAKE_PREFIX_PATH=/opt/ros/humble /usr/bin/cmake --build /home/d2-521-30/hunter_gazebo_ws/src/scv_robot_gazebo/build/scv_robot_gazebo -- -j16 -l16
[14.399s] DEBUG:colcon.colcon_core.event_handler.log_command:Invoked command in '/home/d2-521-30/hunter_gazebo_ws/src/scv_robot_gazebo/build/scv_robot_gazebo' returned '0': CMAKE_PREFIX_PATH=/opt/ros/humble /usr/bin/cmake --build /home/d2-521-30/hunter_gazebo_ws/src/scv_robot_gazebo/build/scv_robot_gazebo -- -j16 -l16
[14.409s] DEBUG:colcon.colcon_core.event_handler.log_command:Invoking command in '/home/d2-521-30/hunter_gazebo_ws/src/scv_robot_gazebo/build/scv_robot_gazebo': CMAKE_PREFIX_PATH=/opt/ros/humble /usr/bin/cmake --install /home/d2-521-30/hunter_gazebo_ws/src/scv_robot_gazebo/build/scv_robot_gazebo
[14.483s] Level 1:colcon.colcon_core.environment:create_environment_scripts_only(scv_robot_gazebo)
[14.484s] DEBUG:colcon.colcon_core.event_handler.log_command:Invoked command in '/home/d2-521-30/hunter_gazebo_ws/src/scv_robot_gazebo/build/scv_robot_gazebo' returned '0': CMAKE_PREFIX_PATH=/opt/ros/humble /usr/bin/cmake --install /home/d2-521-30/hunter_gazebo_ws/src/scv_robot_gazebo/build/scv_robot_gazebo
[14.487s] Level 1:colcon.colcon_core.environment:checking '/home/d2-521-30/hunter_gazebo_ws/src/scv_robot_gazebo/install/scv_robot_gazebo' for CMake module files
[14.487s] Level 1:colcon.colcon_core.environment:checking '/home/d2-521-30/hunter_gazebo_ws/src/scv_robot_gazebo/install/scv_robot_gazebo' for CMake config files
[14.489s] Level 1:colcon.colcon_core.shell:create_environment_hook('scv_robot_gazebo', 'cmake_prefix_path')
[14.489s] INFO:colcon.colcon_core.shell:Creating environment hook '/home/d2-521-30/hunter_gazebo_ws/src/scv_robot_gazebo/install/scv_robot_gazebo/share/scv_robot_gazebo/hook/cmake_prefix_path.ps1'
[14.490s] INFO:colcon.colcon_core.shell:Creating environment descriptor '/home/d2-521-30/hunter_gazebo_ws/src/scv_robot_gazebo/install/scv_robot_gazebo/share/scv_robot_gazebo/hook/cmake_prefix_path.dsv'
[14.490s] INFO:colcon.colcon_core.shell:Creating environment hook '/home/d2-521-30/hunter_gazebo_ws/src/scv_robot_gazebo/install/scv_robot_gazebo/share/scv_robot_gazebo/hook/cmake_prefix_path.sh'
[14.492s] Level 1:colcon.colcon_core.environment:checking '/home/d2-521-30/hunter_gazebo_ws/src/scv_robot_gazebo/install/scv_robot_gazebo/lib'
[14.492s] Level 1:colcon.colcon_core.shell:create_environment_hook('scv_robot_gazebo', 'ld_library_path_lib')
[14.492s] INFO:colcon.colcon_core.shell:Creating environment hook '/home/d2-521-30/hunter_gazebo_ws/src/scv_robot_gazebo/install/scv_robot_gazebo/share/scv_robot_gazebo/hook/ld_library_path_lib.ps1'
[14.493s] INFO:colcon.colcon_core.shell:Creating environment descriptor '/home/d2-521-30/hunter_gazebo_ws/src/scv_robot_gazebo/install/scv_robot_gazebo/share/scv_robot_gazebo/hook/ld_library_path_lib.dsv'
[14.493s] INFO:colcon.colcon_core.shell:Creating environment hook '/home/d2-521-30/hunter_gazebo_ws/src/scv_robot_gazebo/install/scv_robot_gazebo/share/scv_robot_gazebo/hook/ld_library_path_lib.sh'
[14.493s] Level 1:colcon.colcon_core.environment:checking '/home/d2-521-30/hunter_gazebo_ws/src/scv_robot_gazebo/install/scv_robot_gazebo/bin'
[14.494s] Level 1:colcon.colcon_core.environment:checking '/home/d2-521-30/hunter_gazebo_ws/src/scv_robot_gazebo/install/scv_robot_gazebo/lib/pkgconfig/scv_robot_gazebo.pc'
[14.494s] Level 1:colcon.colcon_core.environment:checking '/home/d2-521-30/hunter_gazebo_ws/src/scv_robot_gazebo/install/scv_robot_gazebo/lib/python3.10/site-packages'
[14.494s] Level 1:colcon.colcon_core.environment:checking '/home/d2-521-30/hunter_gazebo_ws/src/scv_robot_gazebo/install/scv_robot_gazebo/bin'
[14.495s] INFO:colcon.colcon_core.shell:Creating package script '/home/d2-521-30/hunter_gazebo_ws/src/scv_robot_gazebo/install/scv_robot_gazebo/share/scv_robot_gazebo/package.ps1'
[14.496s] INFO:colcon.colcon_core.shell:Creating package descriptor '/home/d2-521-30/hunter_gazebo_ws/src/scv_robot_gazebo/install/scv_robot_gazebo/share/scv_robot_gazebo/package.dsv'
[14.496s] INFO:colcon.colcon_core.shell:Creating package script '/home/d2-521-30/hunter_gazebo_ws/src/scv_robot_gazebo/install/scv_robot_gazebo/share/scv_robot_gazebo/package.sh'
[14.497s] INFO:colcon.colcon_core.shell:Creating package script '/home/d2-521-30/hunter_gazebo_ws/src/scv_robot_gazebo/install/scv_robot_gazebo/share/scv_robot_gazebo/package.bash'
[14.498s] INFO:colcon.colcon_core.shell:Creating package script '/home/d2-521-30/hunter_gazebo_ws/src/scv_robot_gazebo/install/scv_robot_gazebo/share/scv_robot_gazebo/package.zsh'
[14.499s] Level 1:colcon.colcon_core.environment:create_file_with_runtime_dependencies(/home/d2-521-30/hunter_gazebo_ws/src/scv_robot_gazebo/install/scv_robot_gazebo/share/colcon-core/packages/scv_robot_gazebo)
[14.500s] Level 1:colcon.colcon_core.environment:create_environment_scripts_only(scv_robot_gazebo)
[14.500s] Level 1:colcon.colcon_core.environment:checking '/home/d2-521-30/hunter_gazebo_ws/src/scv_robot_gazebo/install/scv_robot_gazebo' for CMake module files
[14.501s] Level 1:colcon.colcon_core.environment:checking '/home/d2-521-30/hunter_gazebo_ws/src/scv_robot_gazebo/install/scv_robot_gazebo' for CMake config files
[14.502s] Level 1:colcon.colcon_core.shell:create_environment_hook('scv_robot_gazebo', 'cmake_prefix_path')
[14.503s] INFO:colcon.colcon_core.shell:Creating environment hook '/home/d2-521-30/hunter_gazebo_ws/src/scv_robot_gazebo/install/scv_robot_gazebo/share/scv_robot_gazebo/hook/cmake_prefix_path.ps1'
[14.503s] INFO:colcon.colcon_core.shell:Creating environment descriptor '/home/d2-521-30/hunter_gazebo_ws/src/scv_robot_gazebo/install/scv_robot_gazebo/share/scv_robot_gazebo/hook/cmake_prefix_path.dsv'
[14.503s] INFO:colcon.colcon_core.shell:Creating environment hook '/home/d2-521-30/hunter_gazebo_ws/src/scv_robot_gazebo/install/scv_robot_gazebo/share/scv_robot_gazebo/hook/cmake_prefix_path.sh'
[14.504s] Level 1:colcon.colcon_core.environment:checking '/home/d2-521-30/hunter_gazebo_ws/src/scv_robot_gazebo/install/scv_robot_gazebo/lib'
[14.504s] Level 1:colcon.colcon_core.shell:create_environment_hook('scv_robot_gazebo', 'ld_library_path_lib')
[14.505s] INFO:colcon.colcon_core.shell:Creating environment hook '/home/d2-521-30/hunter_gazebo_ws/src/scv_robot_gazebo/install/scv_robot_gazebo/share/scv_robot_gazebo/hook/ld_library_path_lib.ps1'
[14.505s] INFO:colcon.colcon_core.shell:Creating environment descriptor '/home/d2-521-30/hunter_gazebo_ws/src/scv_robot_gazebo/install/scv_robot_gazebo/share/scv_robot_gazebo/hook/ld_library_path_lib.dsv'
[14.505s] INFO:colcon.colcon_core.shell:Creating environment hook '/home/d2-521-30/hunter_gazebo_ws/src/scv_robot_gazebo/install/scv_robot_gazebo/share/scv_robot_gazebo/hook/ld_library_path_lib.sh'
[14.506s] Level 1:colcon.colcon_core.environment:checking '/home/d2-521-30/hunter_gazebo_ws/src/scv_robot_gazebo/install/scv_robot_gazebo/bin'
[14.506s] Level 1:colcon.colcon_core.environment:checking '/home/d2-521-30/hunter_gazebo_ws/src/scv_robot_gazebo/install/scv_robot_gazebo/lib/pkgconfig/scv_robot_gazebo.pc'
[14.506s] Level 1:colcon.colcon_core.environment:checking '/home/d2-521-30/hunter_gazebo_ws/src/scv_robot_gazebo/install/scv_robot_gazebo/lib/python3.10/site-packages'
[14.507s] Level 1:colcon.colcon_core.environment:checking '/home/d2-521-30/hunter_gazebo_ws/src/scv_robot_gazebo/install/scv_robot_gazebo/bin'
[14.507s] INFO:colcon.colcon_core.shell:Creating package script '/home/d2-521-30/hunter_gazebo_ws/src/scv_robot_gazebo/install/scv_robot_gazebo/share/scv_robot_gazebo/package.ps1'
[14.508s] INFO:colcon.colcon_core.shell:Creating package descriptor '/home/d2-521-30/hunter_gazebo_ws/src/scv_robot_gazebo/install/scv_robot_gazebo/share/scv_robot_gazebo/package.dsv'
[14.508s] INFO:colcon.colcon_core.shell:Creating package script '/home/d2-521-30/hunter_gazebo_ws/src/scv_robot_gazebo/install/scv_robot_gazebo/share/scv_robot_gazebo/package.sh'
[14.509s] INFO:colcon.colcon_core.shell:Creating package script '/home/d2-521-30/hunter_gazebo_ws/src/scv_robot_gazebo/install/scv_robot_gazebo/share/scv_robot_gazebo/package.bash'
[14.509s] INFO:colcon.colcon_core.shell:Creating package script '/home/d2-521-30/hunter_gazebo_ws/src/scv_robot_gazebo/install/scv_robot_gazebo/share/scv_robot_gazebo/package.zsh'
[14.510s] Level 1:colcon.colcon_core.environment:create_file_with_runtime_dependencies(/home/d2-521-30/hunter_gazebo_ws/src/scv_robot_gazebo/install/scv_robot_gazebo/share/colcon-core/packages/scv_robot_gazebo)
[14.510s] DEBUG:colcon.colcon_parallel_executor.executor.parallel:closing loop
[14.511s] DEBUG:colcon.colcon_parallel_executor.executor.parallel:loop closed
[14.511s] DEBUG:colcon.colcon_parallel_executor.executor.parallel:run_until_complete finished with '0'
[14.511s] DEBUG:colcon.colcon_core.event_reactor:joining thread
[14.517s] INFO:colcon.colcon_core.plugin_system:Skipping extension 'colcon_notification.desktop_notification.terminal_notifier': Not used on non-Darwin systems
[14.517s] INFO:colcon.colcon_core.plugin_system:Skipping extension 'colcon_notification.desktop_notification.win32': Not used on non-Windows systems
[14.517s] INFO:colcon.colcon_notification.desktop_notification:Sending desktop notification using 'notify2'
[14.530s] DEBUG:colcon.colcon_core.event_reactor:joined thread
[14.530s] INFO:colcon.colcon_core.shell:Creating prefix script '/home/d2-521-30/hunter_gazebo_ws/src/scv_robot_gazebo/install/local_setup.ps1'
[14.532s] INFO:colcon.colcon_core.shell:Creating prefix util module '/home/d2-521-30/hunter_gazebo_ws/src/scv_robot_gazebo/install/_local_setup_util_ps1.py'
[14.534s] INFO:colcon.colcon_core.shell:Creating prefix chain script '/home/d2-521-30/hunter_gazebo_ws/src/scv_robot_gazebo/install/setup.ps1'
[14.535s] INFO:colcon.colcon_core.shell:Creating prefix script '/home/d2-521-30/hunter_gazebo_ws/src/scv_robot_gazebo/install/local_setup.sh'
[14.535s] INFO:colcon.colcon_core.shell:Creating prefix util module '/home/d2-521-30/hunter_gazebo_ws/src/scv_robot_gazebo/install/_local_setup_util_sh.py'
[14.536s] INFO:colcon.colcon_core.shell:Creating prefix chain script '/home/d2-521-30/hunter_gazebo_ws/src/scv_robot_gazebo/install/setup.sh'
[14.537s] INFO:colcon.colcon_core.shell:Creating prefix script '/home/d2-521-30/hunter_gazebo_ws/src/scv_robot_gazebo/install/local_setup.bash'
[14.538s] INFO:colcon.colcon_core.shell:Creating prefix chain script '/home/d2-521-30/hunter_gazebo_ws/src/scv_robot_gazebo/install/setup.bash'
[14.539s] INFO:colcon.colcon_core.shell:Creating prefix script '/home/d2-521-30/hunter_gazebo_ws/src/scv_robot_gazebo/install/local_setup.zsh'
[14.540s] INFO:colcon.colcon_core.shell:Creating prefix chain script '/home/d2-521-30/hunter_gazebo_ws/src/scv_robot_gazebo/install/setup.zsh'
